[2025-08-15T03:19:17.510+0000] {local_task_job_runner.py:120} INFO - ::group::Pre task execution logs
[2025-08-15T03:19:17.568+0000] {taskinstance.py:2076} INFO - Dependencies all met for dep_context=non-requeueable deps ti=<TaskInstance: playstore_review_etl_pipeline.extract_raw_reviews manual__2025-08-15T03:19:13.216549+00:00 [queued]>
[2025-08-15T03:19:17.582+0000] {taskinstance.py:2076} INFO - Dependencies all met for dep_context=requeueable deps ti=<TaskInstance: playstore_review_etl_pipeline.extract_raw_reviews manual__2025-08-15T03:19:13.216549+00:00 [queued]>
[2025-08-15T03:19:17.586+0000] {taskinstance.py:2306} INFO - Starting attempt 1 of 3
[2025-08-15T03:19:17.612+0000] {taskinstance.py:2330} INFO - Executing <Task(PythonOperator): extract_raw_reviews> on 2025-08-15 03:19:13.216549+00:00
[2025-08-15T03:19:17.636+0000] {standard_task_runner.py:90} INFO - Running: ['***', 'tasks', 'run', 'playstore_review_etl_pipeline', 'extract_raw_reviews', 'manual__2025-08-15T03:19:13.216549+00:00', '--job-id', '131', '--raw', '--subdir', 'DAGS_FOLDER/my_pipeline.py', '--cfg-path', '/tmp/tmpy_nneawu']
[2025-08-15T03:19:17.649+0000] {standard_task_runner.py:91} INFO - Job 131: Subtask extract_raw_reviews
[2025-08-15T03:19:17.649+0000] {logging_mixin.py:188} WARNING - /home/***/.local/lib/python3.12/site-packages/***/task/task_runner/standard_task_runner.py:61 DeprecationWarning: This process (pid=209) is multi-threaded, use of fork() may lead to deadlocks in the child.
[2025-08-15T03:19:17.651+0000] {standard_task_runner.py:63} INFO - Started process 211 to run task
[2025-08-15T03:19:17.757+0000] {task_command.py:426} INFO - Running <TaskInstance: playstore_review_etl_pipeline.extract_raw_reviews manual__2025-08-15T03:19:13.216549+00:00 [running]> on host b7996ea0eba6
[2025-08-15T03:19:17.964+0000] {taskinstance.py:2648} INFO - Exporting env vars: AIRFLOW_CTX_DAG_EMAIL='your_email@domain.com' AIRFLOW_CTX_DAG_OWNER='data_engineering_team' AIRFLOW_CTX_DAG_ID='playstore_review_etl_pipeline' AIRFLOW_CTX_TASK_ID='extract_raw_reviews' AIRFLOW_CTX_EXECUTION_DATE='2025-08-15T03:19:13.216549+00:00' AIRFLOW_CTX_TRY_NUMBER='1' AIRFLOW_CTX_DAG_RUN_ID='manual__2025-08-15T03:19:13.216549+00:00'
[2025-08-15T03:19:17.968+0000] {taskinstance.py:430} INFO - ::endgroup::
[2025-08-15T03:19:18.039+0000] {my_pipeline.py:59} INFO - Starting Scraper Task...
[2025-08-15T03:19:18.040+0000] {my_pipeline.py:65} INFO - Calling scraper.main()...
[2025-08-15T03:19:18.041+0000] {scraper.py:210} INFO - === Google Play Store Review Scraper (SQLite) Started ===
[2025-08-15T03:19:18.048+0000] {scraper.py:37} INFO - Connected to SQLite database at /app/database/reviews.db
[2025-08-15T03:19:18.050+0000] {scraper.py:81} INFO - Starting to scrape reviews for AliExpress (com.alibaba.aliexpresshd) - Max Reviews: 500
[2025-08-15T03:19:18.056+0000] {scraper.py:71} INFO - RawAppReviews table checked/created successfully.
[2025-08-15T03:19:19.839+0000] {scraper.py:101} INFO -   Processing batch 1 for AliExpress...
[2025-08-15T03:19:19.866+0000] {scraper.py:185} INFO -     Inserted batch 1. Reviews processed so far: 100, New inserts: 100
[2025-08-15T03:19:19.867+0000] {scraper.py:190} INFO -   Pausing for 1 second(s)...
[2025-08-15T03:19:22.575+0000] {scraper.py:101} INFO -   Processing batch 2 for AliExpress...
[2025-08-15T03:19:22.612+0000] {scraper.py:185} INFO -     Inserted batch 2. Reviews processed so far: 200, New inserts: 200
[2025-08-15T03:19:22.614+0000] {scraper.py:190} INFO -   Pausing for 1 second(s)...
[2025-08-15T03:19:26.978+0000] {scraper.py:101} INFO -   Processing batch 3 for AliExpress...
[2025-08-15T03:19:26.993+0000] {scraper.py:185} INFO -     Inserted batch 3. Reviews processed so far: 300, New inserts: 300
[2025-08-15T03:19:26.994+0000] {scraper.py:190} INFO -   Pausing for 1 second(s)...
[2025-08-15T03:19:29.578+0000] {scraper.py:101} INFO -   Processing batch 4 for AliExpress...
[2025-08-15T03:19:29.595+0000] {scraper.py:185} INFO -     Inserted batch 4. Reviews processed so far: 400, New inserts: 400
[2025-08-15T03:19:29.597+0000] {scraper.py:190} INFO -   Pausing for 1 second(s)...
[2025-08-15T03:19:32.229+0000] {scraper.py:101} INFO -   Processing batch 5 for AliExpress...
[2025-08-15T03:19:32.255+0000] {scraper.py:185} INFO -     Inserted batch 5. Reviews processed so far: 500, New inserts: 500
[2025-08-15T03:19:32.257+0000] {scraper.py:204} INFO - --- Finished scraping for AliExpress. Total reviews processed: 500, New inserts: 500 ---
[2025-08-15T03:19:32.259+0000] {scraper.py:81} INFO - Starting to scrape reviews for Alibaba (com.alibaba.intl.android.apps.poseidon) - Max Reviews: 500
[2025-08-15T03:19:32.263+0000] {scraper.py:71} INFO - RawAppReviews table checked/created successfully.
[2025-08-15T03:19:34.001+0000] {scraper.py:101} INFO -   Processing batch 1 for Alibaba...
[2025-08-15T03:19:34.076+0000] {scraper.py:185} INFO -     Inserted batch 1. Reviews processed so far: 100, New inserts: 100
[2025-08-15T03:19:34.078+0000] {scraper.py:190} INFO -   Pausing for 1 second(s)...
[2025-08-15T03:19:36.708+0000] {scraper.py:101} INFO -   Processing batch 2 for Alibaba...
[2025-08-15T03:19:36.722+0000] {scraper.py:185} INFO -     Inserted batch 2. Reviews processed so far: 200, New inserts: 200
[2025-08-15T03:19:36.723+0000] {scraper.py:190} INFO -   Pausing for 1 second(s)...
[2025-08-15T03:19:39.554+0000] {scraper.py:101} INFO -   Processing batch 3 for Alibaba...
[2025-08-15T03:19:39.600+0000] {scraper.py:185} INFO -     Inserted batch 3. Reviews processed so far: 300, New inserts: 300
[2025-08-15T03:19:39.601+0000] {scraper.py:190} INFO -   Pausing for 1 second(s)...
[2025-08-15T03:19:42.168+0000] {scraper.py:101} INFO -   Processing batch 4 for Alibaba...
[2025-08-15T03:19:42.185+0000] {scraper.py:185} INFO -     Inserted batch 4. Reviews processed so far: 400, New inserts: 400
[2025-08-15T03:19:42.186+0000] {scraper.py:190} INFO -   Pausing for 1 second(s)...
[2025-08-15T03:19:45.225+0000] {scraper.py:101} INFO -   Processing batch 5 for Alibaba...
[2025-08-15T03:19:45.245+0000] {scraper.py:185} INFO -     Inserted batch 5. Reviews processed so far: 500, New inserts: 500
[2025-08-15T03:19:45.246+0000] {scraper.py:204} INFO - --- Finished scraping for Alibaba. Total reviews processed: 500, New inserts: 500 ---
[2025-08-15T03:19:45.248+0000] {scraper.py:81} INFO - Starting to scrape reviews for Jiji (ng.jiji.app) - Max Reviews: 500
[2025-08-15T03:19:45.249+0000] {scraper.py:71} INFO - RawAppReviews table checked/created successfully.
[2025-08-15T03:19:47.972+0000] {scraper.py:101} INFO -   Processing batch 1 for Jiji...
[2025-08-15T03:19:47.986+0000] {scraper.py:185} INFO -     Inserted batch 1. Reviews processed so far: 100, New inserts: 100
[2025-08-15T03:19:47.987+0000] {scraper.py:190} INFO -   Pausing for 1 second(s)...
[2025-08-15T03:19:50.659+0000] {scraper.py:101} INFO -   Processing batch 2 for Jiji...
[2025-08-15T03:19:50.677+0000] {scraper.py:185} INFO -     Inserted batch 2. Reviews processed so far: 200, New inserts: 200
[2025-08-15T03:19:50.678+0000] {scraper.py:190} INFO -   Pausing for 1 second(s)...
[2025-08-15T03:19:53.328+0000] {scraper.py:101} INFO -   Processing batch 3 for Jiji...
[2025-08-15T03:19:53.362+0000] {scraper.py:185} INFO -     Inserted batch 3. Reviews processed so far: 300, New inserts: 300
[2025-08-15T03:19:53.363+0000] {scraper.py:190} INFO -   Pausing for 1 second(s)...
[2025-08-15T03:19:56.028+0000] {scraper.py:101} INFO -   Processing batch 4 for Jiji...
[2025-08-15T03:19:56.048+0000] {scraper.py:185} INFO -     Inserted batch 4. Reviews processed so far: 400, New inserts: 400
[2025-08-15T03:19:56.049+0000] {scraper.py:190} INFO -   Pausing for 1 second(s)...
[2025-08-15T03:19:58.769+0000] {scraper.py:101} INFO -   Processing batch 5 for Jiji...
[2025-08-15T03:19:58.788+0000] {scraper.py:185} INFO -     Inserted batch 5. Reviews processed so far: 500, New inserts: 500
[2025-08-15T03:19:58.789+0000] {scraper.py:204} INFO - --- Finished scraping for Jiji. Total reviews processed: 500, New inserts: 500 ---
[2025-08-15T03:19:58.790+0000] {scraper.py:234} INFO - === Scraper Run Completed Successfully! Duration: 0:00:40.747584, Total New Reviews Inserted: 1500 ===
[2025-08-15T03:19:58.792+0000] {scraper.py:244} INFO - Database connection closed.
[2025-08-15T03:19:58.793+0000] {my_pipeline.py:67} INFO - Scraper task completed successfully.
[2025-08-15T03:19:58.794+0000] {python.py:237} INFO - Done. Returned value was: None
[2025-08-15T03:19:58.796+0000] {taskinstance.py:441} INFO - ::group::Post task execution logs
[2025-08-15T03:19:58.819+0000] {taskinstance.py:1206} INFO - Marking task as SUCCESS. dag_id=playstore_review_etl_pipeline, task_id=extract_raw_reviews, run_id=manual__2025-08-15T03:19:13.216549+00:00, execution_date=20250815T031913, start_date=20250815T031917, end_date=20250815T031958
[2025-08-15T03:19:58.890+0000] {local_task_job_runner.py:240} INFO - Task exited with return code 0
[2025-08-15T03:19:58.944+0000] {taskinstance.py:3498} INFO - 1 downstream tasks scheduled from follow-on schedule check
[2025-08-15T03:19:58.949+0000] {local_task_job_runner.py:222} INFO - ::endgroup::
