[2025-08-15T03:35:48.387+0000] {local_task_job_runner.py:120} INFO - ::group::Pre task execution logs
[2025-08-15T03:35:48.451+0000] {taskinstance.py:2076} INFO - Dependencies all met for dep_context=non-requeueable deps ti=<TaskInstance: playstore_review_etl_pipeline.extract_raw_reviews manual__2025-08-15T03:35:44.816629+00:00 [queued]>
[2025-08-15T03:35:48.472+0000] {taskinstance.py:2076} INFO - Dependencies all met for dep_context=requeueable deps ti=<TaskInstance: playstore_review_etl_pipeline.extract_raw_reviews manual__2025-08-15T03:35:44.816629+00:00 [queued]>
[2025-08-15T03:35:48.476+0000] {taskinstance.py:2306} INFO - Starting attempt 1 of 3
[2025-08-15T03:35:48.506+0000] {taskinstance.py:2330} INFO - Executing <Task(PythonOperator): extract_raw_reviews> on 2025-08-15 03:35:44.816629+00:00
[2025-08-15T03:35:48.524+0000] {standard_task_runner.py:90} INFO - Running: ['***', 'tasks', 'run', 'playstore_review_etl_pipeline', 'extract_raw_reviews', 'manual__2025-08-15T03:35:44.816629+00:00', '--job-id', '136', '--raw', '--subdir', 'DAGS_FOLDER/my_pipeline.py', '--cfg-path', '/tmp/tmpjwat8f2x']
[2025-08-15T03:35:48.532+0000] {standard_task_runner.py:91} INFO - Job 136: Subtask extract_raw_reviews
[2025-08-15T03:35:48.532+0000] {logging_mixin.py:188} WARNING - /home/***/.local/lib/python3.12/site-packages/***/task/task_runner/standard_task_runner.py:61 DeprecationWarning: This process (pid=185) is multi-threaded, use of fork() may lead to deadlocks in the child.
[2025-08-15T03:35:48.533+0000] {standard_task_runner.py:63} INFO - Started process 187 to run task
[2025-08-15T03:35:48.631+0000] {task_command.py:426} INFO - Running <TaskInstance: playstore_review_etl_pipeline.extract_raw_reviews manual__2025-08-15T03:35:44.816629+00:00 [running]> on host c54b9ccce26a
[2025-08-15T03:35:48.879+0000] {taskinstance.py:2648} INFO - Exporting env vars: AIRFLOW_CTX_DAG_EMAIL='your_email@domain.com' AIRFLOW_CTX_DAG_OWNER='data_engineering_team' AIRFLOW_CTX_DAG_ID='playstore_review_etl_pipeline' AIRFLOW_CTX_TASK_ID='extract_raw_reviews' AIRFLOW_CTX_EXECUTION_DATE='2025-08-15T03:35:44.816629+00:00' AIRFLOW_CTX_TRY_NUMBER='1' AIRFLOW_CTX_DAG_RUN_ID='manual__2025-08-15T03:35:44.816629+00:00'
[2025-08-15T03:35:48.882+0000] {taskinstance.py:430} INFO - ::endgroup::
[2025-08-15T03:35:48.967+0000] {my_pipeline.py:59} INFO - Starting Scraper Task...
[2025-08-15T03:35:48.972+0000] {my_pipeline.py:65} INFO - Calling scraper.main()...
[2025-08-15T03:35:48.975+0000] {scraper.py:237} INFO - === Google Play Store Review Scraper (SQLite) Started ===
[2025-08-15T03:35:49.004+0000] {scraper.py:41} INFO - AppScrapingMetadata table checked/created successfully.
[2025-08-15T03:35:49.006+0000] {scraper.py:53} INFO - Connected to SQLite database at /app/database/reviews.db
[2025-08-15T03:35:49.008+0000] {scraper.py:100} INFO - Starting to scrape reviews for AliExpress (com.alibaba.aliexpresshd)...
[2025-08-15T03:35:49.010+0000] {scraper.py:112} INFO -   No previous scrape record found for AliExpress. Will scrape all available reviews up to max_reviews.
[2025-08-15T03:35:50.688+0000] {scraper.py:132} INFO -   Processing batch 1 for AliExpress...
[2025-08-15T03:35:50.690+0000] {scraper.py:172} INFO -     Inserting batch 1 (100 reviews) for AliExpress...
[2025-08-15T03:35:50.705+0000] {scraper.py:183} INFO -     Batch 1 inserted successfully for AliExpress.
[2025-08-15T03:35:50.706+0000] {scraper.py:205} INFO -     Pausing for 1 second before fetching next batch...
[2025-08-15T03:35:53.404+0000] {scraper.py:132} INFO -   Processing batch 2 for AliExpress...
[2025-08-15T03:35:53.409+0000] {scraper.py:172} INFO -     Inserting batch 2 (100 reviews) for AliExpress...
[2025-08-15T03:35:53.445+0000] {scraper.py:183} INFO -     Batch 2 inserted successfully for AliExpress.
[2025-08-15T03:35:53.448+0000] {scraper.py:205} INFO -     Pausing for 1 second before fetching next batch...
[2025-08-15T03:35:56.121+0000] {scraper.py:132} INFO -   Processing batch 3 for AliExpress...
[2025-08-15T03:35:56.125+0000] {scraper.py:172} INFO -     Inserting batch 3 (100 reviews) for AliExpress...
[2025-08-15T03:35:56.147+0000] {scraper.py:183} INFO -     Batch 3 inserted successfully for AliExpress.
[2025-08-15T03:35:56.149+0000] {scraper.py:205} INFO -     Pausing for 1 second before fetching next batch...
[2025-08-15T03:35:58.900+0000] {scraper.py:132} INFO -   Processing batch 4 for AliExpress...
[2025-08-15T03:35:58.903+0000] {scraper.py:172} INFO -     Inserting batch 4 (100 reviews) for AliExpress...
[2025-08-15T03:35:59.010+0000] {scraper.py:183} INFO -     Batch 4 inserted successfully for AliExpress.
[2025-08-15T03:35:59.011+0000] {scraper.py:205} INFO -     Pausing for 1 second before fetching next batch...
[2025-08-15T03:36:01.719+0000] {scraper.py:132} INFO -   Processing batch 5 for AliExpress...
[2025-08-15T03:36:01.722+0000] {scraper.py:172} INFO -     Inserting batch 5 (100 reviews) for AliExpress...
[2025-08-15T03:36:01.740+0000] {scraper.py:183} INFO -     Batch 5 inserted successfully for AliExpress.
[2025-08-15T03:36:01.742+0000] {scraper.py:197} INFO -     Reached max_reviews limit (500) for AliExpress. Stopping scrape.
[2025-08-15T03:36:01.756+0000] {scraper.py:228} INFO -   Updated LastScrapedAt for AliExpress to 2025-08-13 19:15:44.
[2025-08-15T03:36:01.757+0000] {scraper.py:232} INFO - --- Finished scraping for AliExpress. Total new reviews scraped/inserted: 500 ---
[2025-08-15T03:36:01.759+0000] {scraper.py:100} INFO - Starting to scrape reviews for Alibaba (com.alibaba.intl.android.apps.poseidon)...
[2025-08-15T03:36:01.760+0000] {scraper.py:112} INFO -   No previous scrape record found for Alibaba. Will scrape all available reviews up to max_reviews.
[2025-08-15T03:36:03.404+0000] {scraper.py:132} INFO -   Processing batch 1 for Alibaba...
[2025-08-15T03:36:03.406+0000] {scraper.py:172} INFO -     Inserting batch 1 (100 reviews) for Alibaba...
[2025-08-15T03:36:03.426+0000] {scraper.py:183} INFO -     Batch 1 inserted successfully for Alibaba.
[2025-08-15T03:36:03.427+0000] {scraper.py:205} INFO -     Pausing for 1 second before fetching next batch...
[2025-08-15T03:36:06.136+0000] {scraper.py:132} INFO -   Processing batch 2 for Alibaba...
[2025-08-15T03:36:06.138+0000] {scraper.py:172} INFO -     Inserting batch 2 (100 reviews) for Alibaba...
[2025-08-15T03:36:06.157+0000] {scraper.py:183} INFO -     Batch 2 inserted successfully for Alibaba.
[2025-08-15T03:36:06.158+0000] {scraper.py:205} INFO -     Pausing for 1 second before fetching next batch...
[2025-08-15T03:36:08.766+0000] {scraper.py:132} INFO -   Processing batch 3 for Alibaba...
[2025-08-15T03:36:08.769+0000] {scraper.py:172} INFO -     Inserting batch 3 (100 reviews) for Alibaba...
[2025-08-15T03:36:08.794+0000] {scraper.py:183} INFO -     Batch 3 inserted successfully for Alibaba.
[2025-08-15T03:36:08.795+0000] {scraper.py:205} INFO -     Pausing for 1 second before fetching next batch...
[2025-08-15T03:36:11.448+0000] {scraper.py:132} INFO -   Processing batch 4 for Alibaba...
[2025-08-15T03:36:11.451+0000] {scraper.py:172} INFO -     Inserting batch 4 (100 reviews) for Alibaba...
[2025-08-15T03:36:11.476+0000] {scraper.py:183} INFO -     Batch 4 inserted successfully for Alibaba.
[2025-08-15T03:36:11.478+0000] {scraper.py:205} INFO -     Pausing for 1 second before fetching next batch...
[2025-08-15T03:36:14.034+0000] {scraper.py:132} INFO -   Processing batch 5 for Alibaba...
[2025-08-15T03:36:14.036+0000] {scraper.py:172} INFO -     Inserting batch 5 (100 reviews) for Alibaba...
[2025-08-15T03:36:14.048+0000] {scraper.py:183} INFO -     Batch 5 inserted successfully for Alibaba.
[2025-08-15T03:36:14.050+0000] {scraper.py:197} INFO -     Reached max_reviews limit (500) for Alibaba. Stopping scrape.
[2025-08-15T03:36:14.062+0000] {scraper.py:228} INFO -   Updated LastScrapedAt for Alibaba to 2025-08-13 19:33:02.
[2025-08-15T03:36:14.063+0000] {scraper.py:232} INFO - --- Finished scraping for Alibaba. Total new reviews scraped/inserted: 500 ---
[2025-08-15T03:36:14.064+0000] {scraper.py:100} INFO - Starting to scrape reviews for Jiji (ng.jiji.app)...
[2025-08-15T03:36:14.066+0000] {scraper.py:112} INFO -   No previous scrape record found for Jiji. Will scrape all available reviews up to max_reviews.
[2025-08-15T03:36:15.793+0000] {scraper.py:132} INFO -   Processing batch 1 for Jiji...
[2025-08-15T03:36:15.796+0000] {scraper.py:172} INFO -     Inserting batch 1 (100 reviews) for Jiji...
[2025-08-15T03:36:15.828+0000] {scraper.py:183} INFO -     Batch 1 inserted successfully for Jiji.
[2025-08-15T03:36:15.830+0000] {scraper.py:205} INFO -     Pausing for 1 second before fetching next batch...
[2025-08-15T03:36:18.561+0000] {scraper.py:132} INFO -   Processing batch 2 for Jiji...
[2025-08-15T03:36:18.567+0000] {scraper.py:172} INFO -     Inserting batch 2 (100 reviews) for Jiji...
[2025-08-15T03:36:18.585+0000] {scraper.py:183} INFO -     Batch 2 inserted successfully for Jiji.
[2025-08-15T03:36:18.587+0000] {scraper.py:205} INFO -     Pausing for 1 second before fetching next batch...
[2025-08-15T03:36:21.324+0000] {scraper.py:132} INFO -   Processing batch 3 for Jiji...
[2025-08-15T03:36:21.326+0000] {scraper.py:172} INFO -     Inserting batch 3 (100 reviews) for Jiji...
[2025-08-15T03:36:21.344+0000] {scraper.py:183} INFO -     Batch 3 inserted successfully for Jiji.
[2025-08-15T03:36:21.346+0000] {scraper.py:205} INFO -     Pausing for 1 second before fetching next batch...
[2025-08-15T03:36:24.068+0000] {scraper.py:132} INFO -   Processing batch 4 for Jiji...
[2025-08-15T03:36:24.070+0000] {scraper.py:172} INFO -     Inserting batch 4 (100 reviews) for Jiji...
[2025-08-15T03:36:24.092+0000] {scraper.py:183} INFO -     Batch 4 inserted successfully for Jiji.
[2025-08-15T03:36:24.093+0000] {scraper.py:205} INFO -     Pausing for 1 second before fetching next batch...
[2025-08-15T03:36:26.788+0000] {scraper.py:132} INFO -   Processing batch 5 for Jiji...
[2025-08-15T03:36:26.791+0000] {scraper.py:172} INFO -     Inserting batch 5 (100 reviews) for Jiji...
[2025-08-15T03:36:26.808+0000] {scraper.py:183} INFO -     Batch 5 inserted successfully for Jiji.
[2025-08-15T03:36:26.809+0000] {scraper.py:197} INFO -     Reached max_reviews limit (500) for Jiji. Stopping scrape.
[2025-08-15T03:36:26.818+0000] {scraper.py:228} INFO -   Updated LastScrapedAt for Jiji to 2025-08-13 17:34:55.
[2025-08-15T03:36:26.820+0000] {scraper.py:232} INFO - --- Finished scraping for Jiji. Total new reviews scraped/inserted: 500 ---
[2025-08-15T03:36:26.821+0000] {scraper.py:261} INFO - === Scraper Run Completed Successfully! Duration: 0:00:37.843704, Total New Reviews Inserted: 1500 ===
[2025-08-15T03:36:26.822+0000] {scraper.py:271} INFO - Database connection closed.
[2025-08-15T03:36:26.823+0000] {my_pipeline.py:67} INFO - Scraper task completed successfully.
[2025-08-15T03:36:26.825+0000] {python.py:237} INFO - Done. Returned value was: None
[2025-08-15T03:36:26.826+0000] {taskinstance.py:441} INFO - ::group::Post task execution logs
[2025-08-15T03:36:26.843+0000] {taskinstance.py:1206} INFO - Marking task as SUCCESS. dag_id=playstore_review_etl_pipeline, task_id=extract_raw_reviews, run_id=manual__2025-08-15T03:35:44.816629+00:00, execution_date=20250815T033544, start_date=20250815T033548, end_date=20250815T033626
[2025-08-15T03:36:26.897+0000] {local_task_job_runner.py:240} INFO - Task exited with return code 0
[2025-08-15T03:36:26.934+0000] {taskinstance.py:3498} INFO - 1 downstream tasks scheduled from follow-on schedule check
[2025-08-15T03:36:26.941+0000] {local_task_job_runner.py:222} INFO - ::endgroup::
