[2025-08-13T15:41:29.405+0000] {local_task_job_runner.py:120} INFO - ::group::Pre task execution logs
[2025-08-13T15:41:29.472+0000] {taskinstance.py:2076} INFO - Dependencies all met for dep_context=non-requeueable deps ti=<TaskInstance: playstore_review_etl_pipeline.extract_raw_reviews manual__2025-08-13T15:41:25.473678+00:00 [queued]>
[2025-08-13T15:41:29.491+0000] {taskinstance.py:2076} INFO - Dependencies all met for dep_context=requeueable deps ti=<TaskInstance: playstore_review_etl_pipeline.extract_raw_reviews manual__2025-08-13T15:41:25.473678+00:00 [queued]>
[2025-08-13T15:41:29.493+0000] {taskinstance.py:2306} INFO - Starting attempt 1 of 3
[2025-08-13T15:41:29.520+0000] {taskinstance.py:2330} INFO - Executing <Task(PythonOperator): extract_raw_reviews> on 2025-08-13 15:41:25.473678+00:00
[2025-08-13T15:41:29.540+0000] {standard_task_runner.py:90} INFO - Running: ['***', 'tasks', 'run', 'playstore_review_etl_pipeline', 'extract_raw_reviews', 'manual__2025-08-13T15:41:25.473678+00:00', '--job-id', '98', '--raw', '--subdir', 'DAGS_FOLDER/my_pipeline.py', '--cfg-path', '/tmp/tmpamrwktcc']
[2025-08-13T15:41:29.550+0000] {standard_task_runner.py:91} INFO - Job 98: Subtask extract_raw_reviews
[2025-08-13T15:41:29.561+0000] {logging_mixin.py:188} WARNING - /home/***/.local/lib/python3.12/site-packages/***/task/task_runner/standard_task_runner.py:61 DeprecationWarning: This process (pid=188) is multi-threaded, use of fork() may lead to deadlocks in the child.
[2025-08-13T15:41:29.565+0000] {standard_task_runner.py:63} INFO - Started process 193 to run task
[2025-08-13T15:41:29.683+0000] {task_command.py:426} INFO - Running <TaskInstance: playstore_review_etl_pipeline.extract_raw_reviews manual__2025-08-13T15:41:25.473678+00:00 [running]> on host 94cc8aee10d3
[2025-08-13T15:41:29.878+0000] {taskinstance.py:2648} INFO - Exporting env vars: AIRFLOW_CTX_DAG_EMAIL='your_email@domain.com' AIRFLOW_CTX_DAG_OWNER='data_engineering_team' AIRFLOW_CTX_DAG_ID='playstore_review_etl_pipeline' AIRFLOW_CTX_TASK_ID='extract_raw_reviews' AIRFLOW_CTX_EXECUTION_DATE='2025-08-13T15:41:25.473678+00:00' AIRFLOW_CTX_TRY_NUMBER='1' AIRFLOW_CTX_DAG_RUN_ID='manual__2025-08-13T15:41:25.473678+00:00'
[2025-08-13T15:41:29.880+0000] {taskinstance.py:430} INFO - ::endgroup::
[2025-08-13T15:41:29.935+0000] {my_pipeline.py:41} INFO - Starting Scraper Task...
[2025-08-13T15:41:29.937+0000] {my_pipeline.py:46} INFO - Calling scraper.main()...
[2025-08-13T15:41:29.938+0000] {scraper.py:172} INFO - === Google Play Store Review Scraper (SQLite) Started ===
[2025-08-13T15:41:29.945+0000] {scraper.py:31} INFO - Connected to SQLite database at /app/database/reviews.db
[2025-08-13T15:41:29.946+0000] {scraper.py:71} INFO - Starting to scrape reviews for AliExpress (com.alibaba.aliexpresshd)...
[2025-08-13T15:41:29.950+0000] {scraper.py:63} INFO - RawAppReviews table checked/created successfully.
[2025-08-13T15:41:31.943+0000] {scraper.py:89} INFO -   Processing batch 1 for AliExpress...
[2025-08-13T15:41:31.974+0000] {scraper.py:136} INFO -     Batch 1 committed. Reviews processed: 100, New inserts: 0, Total inserted: 0
[2025-08-13T15:41:31.975+0000] {scraper.py:147} INFO -   Pausing for 1 second(s) before next batch...
[2025-08-13T15:41:34.968+0000] {scraper.py:89} INFO -   Processing batch 2 for AliExpress...
[2025-08-13T15:41:35.033+0000] {scraper.py:136} INFO -     Batch 2 committed. Reviews processed: 100, New inserts: 0, Total inserted: 0
[2025-08-13T15:41:35.035+0000] {scraper.py:147} INFO -   Pausing for 1 second(s) before next batch...
[2025-08-13T15:41:37.790+0000] {scraper.py:89} INFO -   Processing batch 3 for AliExpress...
[2025-08-13T15:41:37.809+0000] {scraper.py:136} INFO -     Batch 3 committed. Reviews processed: 100, New inserts: 0, Total inserted: 0
[2025-08-13T15:41:37.810+0000] {scraper.py:147} INFO -   Pausing for 1 second(s) before next batch...
[2025-08-13T15:41:40.757+0000] {scraper.py:89} INFO -   Processing batch 4 for AliExpress...
[2025-08-13T15:41:40.797+0000] {scraper.py:136} INFO -     Batch 4 committed. Reviews processed: 100, New inserts: 0, Total inserted: 0
[2025-08-13T15:41:40.799+0000] {scraper.py:147} INFO -   Pausing for 1 second(s) before next batch...
[2025-08-13T15:41:43.717+0000] {scraper.py:89} INFO -   Processing batch 5 for AliExpress...
[2025-08-13T15:41:43.734+0000] {scraper.py:136} INFO -     Batch 5 committed. Reviews processed: 100, New inserts: 0, Total inserted: 0
[2025-08-13T15:41:43.735+0000] {scraper.py:162} INFO - --- Finished scraping for AliExpress. Total processed: 500, Total new inserts: 0 ---
[2025-08-13T15:41:43.736+0000] {scraper.py:71} INFO - Starting to scrape reviews for Alibaba (com.alibaba.intl.android.apps.poseidon)...
[2025-08-13T15:41:43.738+0000] {scraper.py:63} INFO - RawAppReviews table checked/created successfully.
[2025-08-13T15:41:45.555+0000] {scraper.py:89} INFO -   Processing batch 1 for Alibaba...
[2025-08-13T15:41:45.581+0000] {scraper.py:136} INFO -     Batch 1 committed. Reviews processed: 100, New inserts: 0, Total inserted: 0
[2025-08-13T15:41:45.582+0000] {scraper.py:147} INFO -   Pausing for 1 second(s) before next batch...
[2025-08-13T15:41:48.383+0000] {scraper.py:89} INFO -   Processing batch 2 for Alibaba...
[2025-08-13T15:41:48.402+0000] {scraper.py:136} INFO -     Batch 2 committed. Reviews processed: 100, New inserts: 0, Total inserted: 0
[2025-08-13T15:41:48.403+0000] {scraper.py:147} INFO -   Pausing for 1 second(s) before next batch...
[2025-08-13T15:41:51.219+0000] {scraper.py:89} INFO -   Processing batch 3 for Alibaba...
[2025-08-13T15:41:51.271+0000] {scraper.py:136} INFO -     Batch 3 committed. Reviews processed: 100, New inserts: 0, Total inserted: 0
[2025-08-13T15:41:51.274+0000] {scraper.py:147} INFO -   Pausing for 1 second(s) before next batch...
[2025-08-13T15:41:54.059+0000] {scraper.py:89} INFO -   Processing batch 4 for Alibaba...
[2025-08-13T15:41:54.074+0000] {scraper.py:136} INFO -     Batch 4 committed. Reviews processed: 100, New inserts: 0, Total inserted: 0
[2025-08-13T15:41:54.075+0000] {scraper.py:147} INFO -   Pausing for 1 second(s) before next batch...
[2025-08-13T15:41:56.946+0000] {scraper.py:89} INFO -   Processing batch 5 for Alibaba...
[2025-08-13T15:41:56.961+0000] {scraper.py:136} INFO -     Batch 5 committed. Reviews processed: 100, New inserts: 0, Total inserted: 0
[2025-08-13T15:41:56.962+0000] {scraper.py:162} INFO - --- Finished scraping for Alibaba. Total processed: 500, Total new inserts: 0 ---
[2025-08-13T15:41:56.963+0000] {scraper.py:71} INFO - Starting to scrape reviews for Jiji (ng.jiji.app)...
[2025-08-13T15:41:56.964+0000] {scraper.py:63} INFO - RawAppReviews table checked/created successfully.
[2025-08-13T15:41:58.829+0000] {scraper.py:89} INFO -   Processing batch 1 for Jiji...
[2025-08-13T15:41:58.849+0000] {scraper.py:136} INFO -     Batch 1 committed. Reviews processed: 100, New inserts: 0, Total inserted: 0
[2025-08-13T15:41:58.850+0000] {scraper.py:147} INFO -   Pausing for 1 second(s) before next batch...
[2025-08-13T15:42:01.826+0000] {scraper.py:89} INFO -   Processing batch 2 for Jiji...
[2025-08-13T15:42:01.848+0000] {scraper.py:136} INFO -     Batch 2 committed. Reviews processed: 100, New inserts: 0, Total inserted: 0
[2025-08-13T15:42:01.849+0000] {scraper.py:147} INFO -   Pausing for 1 second(s) before next batch...
[2025-08-13T15:42:04.672+0000] {scraper.py:89} INFO -   Processing batch 3 for Jiji...
[2025-08-13T15:42:04.697+0000] {scraper.py:136} INFO -     Batch 3 committed. Reviews processed: 100, New inserts: 0, Total inserted: 0
[2025-08-13T15:42:04.698+0000] {scraper.py:147} INFO -   Pausing for 1 second(s) before next batch...
[2025-08-13T15:42:07.531+0000] {scraper.py:89} INFO -   Processing batch 4 for Jiji...
[2025-08-13T15:42:07.550+0000] {scraper.py:136} INFO -     Batch 4 committed. Reviews processed: 100, New inserts: 0, Total inserted: 0
[2025-08-13T15:42:07.552+0000] {scraper.py:147} INFO -   Pausing for 1 second(s) before next batch...
[2025-08-13T15:42:10.291+0000] {scraper.py:89} INFO -   Processing batch 5 for Jiji...
[2025-08-13T15:42:10.317+0000] {scraper.py:136} INFO -     Batch 5 committed. Reviews processed: 100, New inserts: 0, Total inserted: 0
[2025-08-13T15:42:10.319+0000] {scraper.py:162} INFO - --- Finished scraping for Jiji. Total processed: 500, Total new inserts: 0 ---
[2025-08-13T15:42:10.321+0000] {scraper.py:192} INFO - === Scraper Run Completed Successfully! Duration: 0:00:40.382088, Total New Reviews Inserted: 0 ===
[2025-08-13T15:42:10.323+0000] {scraper.py:204} INFO - Database connection closed.
[2025-08-13T15:42:10.325+0000] {my_pipeline.py:48} INFO - Scraper task completed successfully.
[2025-08-13T15:42:10.326+0000] {python.py:237} INFO - Done. Returned value was: None
[2025-08-13T15:42:10.329+0000] {taskinstance.py:441} INFO - ::group::Post task execution logs
[2025-08-13T15:42:10.348+0000] {taskinstance.py:1206} INFO - Marking task as SUCCESS. dag_id=playstore_review_etl_pipeline, task_id=extract_raw_reviews, run_id=manual__2025-08-13T15:41:25.473678+00:00, execution_date=20250813T154125, start_date=20250813T154129, end_date=20250813T154210
[2025-08-13T15:42:10.455+0000] {local_task_job_runner.py:240} INFO - Task exited with return code 0
[2025-08-13T15:42:10.490+0000] {local_task_job_runner.py:222} INFO - ::endgroup::
