[2025-08-14T01:33:42.635+0000] {processor.py:161} INFO - Started process (PID=166) to work on /opt/airflow/dags/my_pipeline.py
[2025-08-14T01:33:42.655+0000] {processor.py:830} INFO - Processing file /opt/airflow/dags/my_pipeline.py for tasks to queue
[2025-08-14T01:33:42.670+0000] {logging_mixin.py:188} INFO - [2025-08-14T01:33:42.668+0000] {dagbag.py:545} INFO - Filling up the DagBag from /opt/airflow/dags/my_pipeline.py
[2025-08-14T01:33:43.186+0000] {logging_mixin.py:188} INFO - [2025-08-14T01:33:43.186+0000] {my_pipeline.py:29} INFO - Successfully imported module: scraper
[2025-08-14T01:33:50.613+0000] {logging_mixin.py:188} INFO - [2025-08-14T01:33:50.612+0000] {my_pipeline.py:29} INFO - Successfully imported module: processor
[2025-08-14T01:33:50.656+0000] {processor.py:840} INFO - DAG(s) 'playstore_review_etl_pipeline' retrieved from /opt/airflow/dags/my_pipeline.py
[2025-08-14T01:33:50.806+0000] {logging_mixin.py:188} INFO - [2025-08-14T01:33:50.805+0000] {dag.py:3096} INFO - Sync 1 DAGs
[2025-08-14T01:33:50.925+0000] {logging_mixin.py:188} INFO - [2025-08-14T01:33:50.925+0000] {dag.py:3954} INFO - Setting next_dagrun for playstore_review_etl_pipeline to 2025-08-14 00:00:00+00:00, run_after=2025-08-15 00:00:00+00:00
[2025-08-14T01:33:51.021+0000] {processor.py:183} INFO - Processing /opt/airflow/dags/my_pipeline.py took 8.495 seconds
[2025-08-14T01:34:21.574+0000] {processor.py:161} INFO - Started process (PID=176) to work on /opt/airflow/dags/my_pipeline.py
[2025-08-14T01:34:21.576+0000] {processor.py:830} INFO - Processing file /opt/airflow/dags/my_pipeline.py for tasks to queue
[2025-08-14T01:34:21.582+0000] {logging_mixin.py:188} INFO - [2025-08-14T01:34:21.581+0000] {dagbag.py:545} INFO - Filling up the DagBag from /opt/airflow/dags/my_pipeline.py
[2025-08-14T01:34:21.664+0000] {logging_mixin.py:188} INFO - [2025-08-14T01:34:21.663+0000] {my_pipeline.py:29} INFO - Successfully imported module: scraper
[2025-08-14T01:34:23.925+0000] {logging_mixin.py:188} INFO - [2025-08-14T01:34:23.925+0000] {my_pipeline.py:29} INFO - Successfully imported module: processor
[2025-08-14T01:34:23.943+0000] {processor.py:840} INFO - DAG(s) 'playstore_review_etl_pipeline' retrieved from /opt/airflow/dags/my_pipeline.py
[2025-08-14T01:34:24.389+0000] {logging_mixin.py:188} INFO - [2025-08-14T01:34:24.387+0000] {dag.py:3096} INFO - Sync 1 DAGs
[2025-08-14T01:34:24.448+0000] {logging_mixin.py:188} INFO - [2025-08-14T01:34:24.447+0000] {dag.py:3954} INFO - Setting next_dagrun for playstore_review_etl_pipeline to 2025-08-14 00:00:00+00:00, run_after=2025-08-15 00:00:00+00:00
[2025-08-14T01:34:24.501+0000] {processor.py:183} INFO - Processing /opt/airflow/dags/my_pipeline.py took 2.941 seconds
[2025-08-14T01:34:55.071+0000] {processor.py:161} INFO - Started process (PID=185) to work on /opt/airflow/dags/my_pipeline.py
[2025-08-14T01:34:55.074+0000] {processor.py:830} INFO - Processing file /opt/airflow/dags/my_pipeline.py for tasks to queue
[2025-08-14T01:34:55.079+0000] {logging_mixin.py:188} INFO - [2025-08-14T01:34:55.079+0000] {dagbag.py:545} INFO - Filling up the DagBag from /opt/airflow/dags/my_pipeline.py
[2025-08-14T01:34:55.164+0000] {logging_mixin.py:188} INFO - [2025-08-14T01:34:55.164+0000] {my_pipeline.py:29} INFO - Successfully imported module: scraper
[2025-08-14T01:34:57.179+0000] {logging_mixin.py:188} INFO - [2025-08-14T01:34:57.178+0000] {my_pipeline.py:29} INFO - Successfully imported module: processor
[2025-08-14T01:34:57.200+0000] {processor.py:840} INFO - DAG(s) 'playstore_review_etl_pipeline' retrieved from /opt/airflow/dags/my_pipeline.py
[2025-08-14T01:34:57.262+0000] {logging_mixin.py:188} INFO - [2025-08-14T01:34:57.260+0000] {dag.py:3096} INFO - Sync 1 DAGs
[2025-08-14T01:34:57.314+0000] {logging_mixin.py:188} INFO - [2025-08-14T01:34:57.314+0000] {dag.py:3954} INFO - Setting next_dagrun for playstore_review_etl_pipeline to 2025-08-14 00:00:00+00:00, run_after=2025-08-15 00:00:00+00:00
[2025-08-14T01:34:57.357+0000] {processor.py:183} INFO - Processing /opt/airflow/dags/my_pipeline.py took 2.301 seconds
[2025-08-14T01:35:27.763+0000] {processor.py:161} INFO - Started process (PID=191) to work on /opt/airflow/dags/my_pipeline.py
[2025-08-14T01:35:27.766+0000] {processor.py:830} INFO - Processing file /opt/airflow/dags/my_pipeline.py for tasks to queue
[2025-08-14T01:35:27.771+0000] {logging_mixin.py:188} INFO - [2025-08-14T01:35:27.771+0000] {dagbag.py:545} INFO - Filling up the DagBag from /opt/airflow/dags/my_pipeline.py
[2025-08-14T01:35:27.850+0000] {logging_mixin.py:188} INFO - [2025-08-14T01:35:27.850+0000] {my_pipeline.py:29} INFO - Successfully imported module: scraper
[2025-08-14T01:35:30.232+0000] {logging_mixin.py:188} INFO - [2025-08-14T01:35:30.232+0000] {my_pipeline.py:29} INFO - Successfully imported module: processor
[2025-08-14T01:35:30.255+0000] {processor.py:840} INFO - DAG(s) 'playstore_review_etl_pipeline' retrieved from /opt/airflow/dags/my_pipeline.py
[2025-08-14T01:35:30.324+0000] {logging_mixin.py:188} INFO - [2025-08-14T01:35:30.323+0000] {dag.py:3096} INFO - Sync 1 DAGs
[2025-08-14T01:35:30.386+0000] {logging_mixin.py:188} INFO - [2025-08-14T01:35:30.386+0000] {dag.py:3954} INFO - Setting next_dagrun for playstore_review_etl_pipeline to 2025-08-14 00:00:00+00:00, run_after=2025-08-15 00:00:00+00:00
[2025-08-14T01:35:30.431+0000] {processor.py:183} INFO - Processing /opt/airflow/dags/my_pipeline.py took 2.681 seconds
[2025-08-14T01:36:00.954+0000] {processor.py:161} INFO - Started process (PID=197) to work on /opt/airflow/dags/my_pipeline.py
[2025-08-14T01:36:00.965+0000] {processor.py:830} INFO - Processing file /opt/airflow/dags/my_pipeline.py for tasks to queue
[2025-08-14T01:36:00.978+0000] {logging_mixin.py:188} INFO - [2025-08-14T01:36:00.977+0000] {dagbag.py:545} INFO - Filling up the DagBag from /opt/airflow/dags/my_pipeline.py
[2025-08-14T01:36:01.182+0000] {logging_mixin.py:188} INFO - [2025-08-14T01:36:01.182+0000] {my_pipeline.py:29} INFO - Successfully imported module: scraper
[2025-08-14T01:36:03.497+0000] {logging_mixin.py:188} INFO - [2025-08-14T01:36:03.497+0000] {my_pipeline.py:29} INFO - Successfully imported module: processor
[2025-08-14T01:36:03.509+0000] {processor.py:840} INFO - DAG(s) 'playstore_review_etl_pipeline' retrieved from /opt/airflow/dags/my_pipeline.py
[2025-08-14T01:36:03.550+0000] {logging_mixin.py:188} INFO - [2025-08-14T01:36:03.549+0000] {dag.py:3096} INFO - Sync 1 DAGs
[2025-08-14T01:36:03.594+0000] {logging_mixin.py:188} INFO - [2025-08-14T01:36:03.593+0000] {dag.py:3954} INFO - Setting next_dagrun for playstore_review_etl_pipeline to 2025-08-14 00:00:00+00:00, run_after=2025-08-15 00:00:00+00:00
[2025-08-14T01:36:03.634+0000] {processor.py:183} INFO - Processing /opt/airflow/dags/my_pipeline.py took 2.707 seconds
[2025-08-14T01:36:34.154+0000] {processor.py:161} INFO - Started process (PID=203) to work on /opt/airflow/dags/my_pipeline.py
[2025-08-14T01:36:34.156+0000] {processor.py:830} INFO - Processing file /opt/airflow/dags/my_pipeline.py for tasks to queue
[2025-08-14T01:36:34.162+0000] {logging_mixin.py:188} INFO - [2025-08-14T01:36:34.161+0000] {dagbag.py:545} INFO - Filling up the DagBag from /opt/airflow/dags/my_pipeline.py
[2025-08-14T01:36:34.244+0000] {logging_mixin.py:188} INFO - [2025-08-14T01:36:34.243+0000] {my_pipeline.py:29} INFO - Successfully imported module: scraper
[2025-08-14T01:36:36.350+0000] {logging_mixin.py:188} INFO - [2025-08-14T01:36:36.349+0000] {my_pipeline.py:29} INFO - Successfully imported module: processor
[2025-08-14T01:36:36.371+0000] {processor.py:840} INFO - DAG(s) 'playstore_review_etl_pipeline' retrieved from /opt/airflow/dags/my_pipeline.py
[2025-08-14T01:36:36.417+0000] {logging_mixin.py:188} INFO - [2025-08-14T01:36:36.417+0000] {dag.py:3096} INFO - Sync 1 DAGs
[2025-08-14T01:36:36.467+0000] {logging_mixin.py:188} INFO - [2025-08-14T01:36:36.467+0000] {dag.py:3954} INFO - Setting next_dagrun for playstore_review_etl_pipeline to 2025-08-14 00:00:00+00:00, run_after=2025-08-15 00:00:00+00:00
[2025-08-14T01:36:36.510+0000] {processor.py:183} INFO - Processing /opt/airflow/dags/my_pipeline.py took 2.368 seconds
[2025-08-14T01:37:06.776+0000] {processor.py:161} INFO - Started process (PID=209) to work on /opt/airflow/dags/my_pipeline.py
[2025-08-14T01:37:06.779+0000] {processor.py:830} INFO - Processing file /opt/airflow/dags/my_pipeline.py for tasks to queue
[2025-08-14T01:37:06.786+0000] {logging_mixin.py:188} INFO - [2025-08-14T01:37:06.785+0000] {dagbag.py:545} INFO - Filling up the DagBag from /opt/airflow/dags/my_pipeline.py
[2025-08-14T01:37:06.894+0000] {logging_mixin.py:188} INFO - [2025-08-14T01:37:06.893+0000] {my_pipeline.py:29} INFO - Successfully imported module: scraper
[2025-08-14T01:37:10.725+0000] {logging_mixin.py:188} INFO - [2025-08-14T01:37:10.724+0000] {my_pipeline.py:29} INFO - Successfully imported module: processor
[2025-08-14T01:37:10.771+0000] {processor.py:840} INFO - DAG(s) 'playstore_review_etl_pipeline' retrieved from /opt/airflow/dags/my_pipeline.py
[2025-08-14T01:37:10.900+0000] {logging_mixin.py:188} INFO - [2025-08-14T01:37:10.898+0000] {dag.py:3096} INFO - Sync 1 DAGs
[2025-08-14T01:37:11.083+0000] {logging_mixin.py:188} INFO - [2025-08-14T01:37:11.080+0000] {dag.py:3954} INFO - Setting next_dagrun for playstore_review_etl_pipeline to 2025-08-14 00:00:00+00:00, run_after=2025-08-15 00:00:00+00:00
[2025-08-14T01:37:11.233+0000] {processor.py:183} INFO - Processing /opt/airflow/dags/my_pipeline.py took 4.476 seconds
[2025-08-14T01:37:41.508+0000] {processor.py:161} INFO - Started process (PID=215) to work on /opt/airflow/dags/my_pipeline.py
[2025-08-14T01:37:41.511+0000] {processor.py:830} INFO - Processing file /opt/airflow/dags/my_pipeline.py for tasks to queue
[2025-08-14T01:37:41.515+0000] {logging_mixin.py:188} INFO - [2025-08-14T01:37:41.514+0000] {dagbag.py:545} INFO - Filling up the DagBag from /opt/airflow/dags/my_pipeline.py
[2025-08-14T01:37:41.621+0000] {logging_mixin.py:188} INFO - [2025-08-14T01:37:41.620+0000] {my_pipeline.py:29} INFO - Successfully imported module: scraper
[2025-08-14T01:37:43.687+0000] {logging_mixin.py:188} INFO - [2025-08-14T01:37:43.686+0000] {my_pipeline.py:29} INFO - Successfully imported module: processor
[2025-08-14T01:37:43.700+0000] {processor.py:840} INFO - DAG(s) 'playstore_review_etl_pipeline' retrieved from /opt/airflow/dags/my_pipeline.py
[2025-08-14T01:37:43.745+0000] {logging_mixin.py:188} INFO - [2025-08-14T01:37:43.744+0000] {dag.py:3096} INFO - Sync 1 DAGs
[2025-08-14T01:37:43.787+0000] {logging_mixin.py:188} INFO - [2025-08-14T01:37:43.786+0000] {dag.py:3954} INFO - Setting next_dagrun for playstore_review_etl_pipeline to 2025-08-14 00:00:00+00:00, run_after=2025-08-15 00:00:00+00:00
[2025-08-14T01:37:43.828+0000] {processor.py:183} INFO - Processing /opt/airflow/dags/my_pipeline.py took 2.335 seconds
[2025-08-14T01:38:14.276+0000] {processor.py:161} INFO - Started process (PID=221) to work on /opt/airflow/dags/my_pipeline.py
[2025-08-14T01:38:14.278+0000] {processor.py:830} INFO - Processing file /opt/airflow/dags/my_pipeline.py for tasks to queue
[2025-08-14T01:38:14.283+0000] {logging_mixin.py:188} INFO - [2025-08-14T01:38:14.282+0000] {dagbag.py:545} INFO - Filling up the DagBag from /opt/airflow/dags/my_pipeline.py
[2025-08-14T01:38:14.440+0000] {logging_mixin.py:188} INFO - [2025-08-14T01:38:14.439+0000] {my_pipeline.py:29} INFO - Successfully imported module: scraper
[2025-08-14T01:38:16.513+0000] {logging_mixin.py:188} INFO - [2025-08-14T01:38:16.512+0000] {my_pipeline.py:29} INFO - Successfully imported module: processor
[2025-08-14T01:38:16.531+0000] {processor.py:840} INFO - DAG(s) 'playstore_review_etl_pipeline' retrieved from /opt/airflow/dags/my_pipeline.py
[2025-08-14T01:38:16.583+0000] {logging_mixin.py:188} INFO - [2025-08-14T01:38:16.583+0000] {dag.py:3096} INFO - Sync 1 DAGs
[2025-08-14T01:38:16.671+0000] {logging_mixin.py:188} INFO - [2025-08-14T01:38:16.671+0000] {dag.py:3954} INFO - Setting next_dagrun for playstore_review_etl_pipeline to 2025-08-14 00:00:00+00:00, run_after=2025-08-15 00:00:00+00:00
[2025-08-14T01:38:16.741+0000] {processor.py:183} INFO - Processing /opt/airflow/dags/my_pipeline.py took 2.478 seconds
[2025-08-14T01:38:47.625+0000] {processor.py:161} INFO - Started process (PID=227) to work on /opt/airflow/dags/my_pipeline.py
[2025-08-14T01:38:47.629+0000] {processor.py:830} INFO - Processing file /opt/airflow/dags/my_pipeline.py for tasks to queue
[2025-08-14T01:38:47.634+0000] {logging_mixin.py:188} INFO - [2025-08-14T01:38:47.633+0000] {dagbag.py:545} INFO - Filling up the DagBag from /opt/airflow/dags/my_pipeline.py
[2025-08-14T01:38:47.797+0000] {logging_mixin.py:188} INFO - [2025-08-14T01:38:47.796+0000] {my_pipeline.py:29} INFO - Successfully imported module: scraper
[2025-08-14T01:38:51.079+0000] {logging_mixin.py:188} INFO - [2025-08-14T01:38:51.077+0000] {my_pipeline.py:29} INFO - Successfully imported module: processor
[2025-08-14T01:38:51.117+0000] {processor.py:840} INFO - DAG(s) 'playstore_review_etl_pipeline' retrieved from /opt/airflow/dags/my_pipeline.py
[2025-08-14T01:38:51.234+0000] {logging_mixin.py:188} INFO - [2025-08-14T01:38:51.233+0000] {dag.py:3096} INFO - Sync 1 DAGs
[2025-08-14T01:38:51.352+0000] {logging_mixin.py:188} INFO - [2025-08-14T01:38:51.351+0000] {dag.py:3954} INFO - Setting next_dagrun for playstore_review_etl_pipeline to 2025-08-14 00:00:00+00:00, run_after=2025-08-15 00:00:00+00:00
[2025-08-14T01:38:51.417+0000] {processor.py:183} INFO - Processing /opt/airflow/dags/my_pipeline.py took 3.806 seconds
[2025-08-14T01:39:21.867+0000] {processor.py:161} INFO - Started process (PID=233) to work on /opt/airflow/dags/my_pipeline.py
[2025-08-14T01:39:21.870+0000] {processor.py:830} INFO - Processing file /opt/airflow/dags/my_pipeline.py for tasks to queue
[2025-08-14T01:39:21.875+0000] {logging_mixin.py:188} INFO - [2025-08-14T01:39:21.875+0000] {dagbag.py:545} INFO - Filling up the DagBag from /opt/airflow/dags/my_pipeline.py
[2025-08-14T01:39:21.979+0000] {logging_mixin.py:188} INFO - [2025-08-14T01:39:21.978+0000] {my_pipeline.py:29} INFO - Successfully imported module: scraper
[2025-08-14T01:39:24.212+0000] {logging_mixin.py:188} INFO - [2025-08-14T01:39:24.211+0000] {my_pipeline.py:29} INFO - Successfully imported module: processor
[2025-08-14T01:39:24.232+0000] {processor.py:840} INFO - DAG(s) 'playstore_review_etl_pipeline' retrieved from /opt/airflow/dags/my_pipeline.py
[2025-08-14T01:39:24.322+0000] {logging_mixin.py:188} INFO - [2025-08-14T01:39:24.321+0000] {dag.py:3096} INFO - Sync 1 DAGs
[2025-08-14T01:39:24.421+0000] {logging_mixin.py:188} INFO - [2025-08-14T01:39:24.421+0000] {dag.py:3954} INFO - Setting next_dagrun for playstore_review_etl_pipeline to 2025-08-14 00:00:00+00:00, run_after=2025-08-15 00:00:00+00:00
[2025-08-14T01:39:24.531+0000] {processor.py:183} INFO - Processing /opt/airflow/dags/my_pipeline.py took 2.680 seconds
[2025-08-14T01:39:55.073+0000] {processor.py:161} INFO - Started process (PID=239) to work on /opt/airflow/dags/my_pipeline.py
[2025-08-14T01:39:55.077+0000] {processor.py:830} INFO - Processing file /opt/airflow/dags/my_pipeline.py for tasks to queue
[2025-08-14T01:39:55.086+0000] {logging_mixin.py:188} INFO - [2025-08-14T01:39:55.084+0000] {dagbag.py:545} INFO - Filling up the DagBag from /opt/airflow/dags/my_pipeline.py
[2025-08-14T01:39:55.270+0000] {logging_mixin.py:188} INFO - [2025-08-14T01:39:55.269+0000] {my_pipeline.py:29} INFO - Successfully imported module: scraper
[2025-08-14T01:39:58.323+0000] {logging_mixin.py:188} INFO - [2025-08-14T01:39:58.323+0000] {my_pipeline.py:29} INFO - Successfully imported module: processor
[2025-08-14T01:39:58.343+0000] {processor.py:840} INFO - DAG(s) 'playstore_review_etl_pipeline' retrieved from /opt/airflow/dags/my_pipeline.py
[2025-08-14T01:39:58.403+0000] {logging_mixin.py:188} INFO - [2025-08-14T01:39:58.402+0000] {dag.py:3096} INFO - Sync 1 DAGs
[2025-08-14T01:39:58.461+0000] {logging_mixin.py:188} INFO - [2025-08-14T01:39:58.460+0000] {dag.py:3954} INFO - Setting next_dagrun for playstore_review_etl_pipeline to 2025-08-14 00:00:00+00:00, run_after=2025-08-15 00:00:00+00:00
[2025-08-14T01:39:58.512+0000] {processor.py:183} INFO - Processing /opt/airflow/dags/my_pipeline.py took 3.461 seconds
[2025-08-14T01:40:28.924+0000] {processor.py:161} INFO - Started process (PID=245) to work on /opt/airflow/dags/my_pipeline.py
[2025-08-14T01:40:28.928+0000] {processor.py:830} INFO - Processing file /opt/airflow/dags/my_pipeline.py for tasks to queue
[2025-08-14T01:40:28.938+0000] {logging_mixin.py:188} INFO - [2025-08-14T01:40:28.935+0000] {dagbag.py:545} INFO - Filling up the DagBag from /opt/airflow/dags/my_pipeline.py
[2025-08-14T01:40:29.058+0000] {logging_mixin.py:188} INFO - [2025-08-14T01:40:29.058+0000] {my_pipeline.py:29} INFO - Successfully imported module: scraper
[2025-08-14T01:40:31.629+0000] {logging_mixin.py:188} INFO - [2025-08-14T01:40:31.628+0000] {my_pipeline.py:29} INFO - Successfully imported module: processor
[2025-08-14T01:40:31.643+0000] {processor.py:840} INFO - DAG(s) 'playstore_review_etl_pipeline' retrieved from /opt/airflow/dags/my_pipeline.py
[2025-08-14T01:40:31.694+0000] {logging_mixin.py:188} INFO - [2025-08-14T01:40:31.693+0000] {dag.py:3096} INFO - Sync 1 DAGs
[2025-08-14T01:40:31.751+0000] {logging_mixin.py:188} INFO - [2025-08-14T01:40:31.750+0000] {dag.py:3954} INFO - Setting next_dagrun for playstore_review_etl_pipeline to 2025-08-14 00:00:00+00:00, run_after=2025-08-15 00:00:00+00:00
[2025-08-14T01:40:31.797+0000] {processor.py:183} INFO - Processing /opt/airflow/dags/my_pipeline.py took 2.906 seconds
[2025-08-14T01:41:02.508+0000] {processor.py:161} INFO - Started process (PID=251) to work on /opt/airflow/dags/my_pipeline.py
[2025-08-14T01:41:02.511+0000] {processor.py:830} INFO - Processing file /opt/airflow/dags/my_pipeline.py for tasks to queue
[2025-08-14T01:41:02.518+0000] {logging_mixin.py:188} INFO - [2025-08-14T01:41:02.517+0000] {dagbag.py:545} INFO - Filling up the DagBag from /opt/airflow/dags/my_pipeline.py
[2025-08-14T01:41:02.638+0000] {logging_mixin.py:188} INFO - [2025-08-14T01:41:02.637+0000] {my_pipeline.py:29} INFO - Successfully imported module: scraper
[2025-08-14T01:41:05.161+0000] {logging_mixin.py:188} INFO - [2025-08-14T01:41:05.160+0000] {my_pipeline.py:29} INFO - Successfully imported module: processor
[2025-08-14T01:41:05.179+0000] {processor.py:840} INFO - DAG(s) 'playstore_review_etl_pipeline' retrieved from /opt/airflow/dags/my_pipeline.py
[2025-08-14T01:41:05.230+0000] {logging_mixin.py:188} INFO - [2025-08-14T01:41:05.229+0000] {dag.py:3096} INFO - Sync 1 DAGs
[2025-08-14T01:41:05.274+0000] {logging_mixin.py:188} INFO - [2025-08-14T01:41:05.274+0000] {dag.py:3954} INFO - Setting next_dagrun for playstore_review_etl_pipeline to 2025-08-14 00:00:00+00:00, run_after=2025-08-15 00:00:00+00:00
[2025-08-14T01:41:05.312+0000] {processor.py:183} INFO - Processing /opt/airflow/dags/my_pipeline.py took 2.822 seconds
[2025-08-14T01:41:35.848+0000] {processor.py:161} INFO - Started process (PID=257) to work on /opt/airflow/dags/my_pipeline.py
[2025-08-14T01:41:35.859+0000] {processor.py:830} INFO - Processing file /opt/airflow/dags/my_pipeline.py for tasks to queue
[2025-08-14T01:41:35.868+0000] {logging_mixin.py:188} INFO - [2025-08-14T01:41:35.867+0000] {dagbag.py:545} INFO - Filling up the DagBag from /opt/airflow/dags/my_pipeline.py
[2025-08-14T01:41:36.020+0000] {logging_mixin.py:188} INFO - [2025-08-14T01:41:36.019+0000] {my_pipeline.py:29} INFO - Successfully imported module: scraper
[2025-08-14T01:41:39.288+0000] {logging_mixin.py:188} INFO - [2025-08-14T01:41:39.287+0000] {my_pipeline.py:29} INFO - Successfully imported module: processor
[2025-08-14T01:41:39.303+0000] {processor.py:840} INFO - DAG(s) 'playstore_review_etl_pipeline' retrieved from /opt/airflow/dags/my_pipeline.py
[2025-08-14T01:41:39.354+0000] {logging_mixin.py:188} INFO - [2025-08-14T01:41:39.353+0000] {dag.py:3096} INFO - Sync 1 DAGs
[2025-08-14T01:41:39.406+0000] {logging_mixin.py:188} INFO - [2025-08-14T01:41:39.405+0000] {dag.py:3954} INFO - Setting next_dagrun for playstore_review_etl_pipeline to 2025-08-14 00:00:00+00:00, run_after=2025-08-15 00:00:00+00:00
[2025-08-14T01:41:39.458+0000] {processor.py:183} INFO - Processing /opt/airflow/dags/my_pipeline.py took 3.647 seconds
[2025-08-14T01:42:10.120+0000] {processor.py:161} INFO - Started process (PID=263) to work on /opt/airflow/dags/my_pipeline.py
[2025-08-14T01:42:10.142+0000] {processor.py:830} INFO - Processing file /opt/airflow/dags/my_pipeline.py for tasks to queue
[2025-08-14T01:42:10.157+0000] {logging_mixin.py:188} INFO - [2025-08-14T01:42:10.153+0000] {dagbag.py:545} INFO - Filling up the DagBag from /opt/airflow/dags/my_pipeline.py
[2025-08-14T01:42:10.469+0000] {logging_mixin.py:188} INFO - [2025-08-14T01:42:10.469+0000] {my_pipeline.py:29} INFO - Successfully imported module: scraper
[2025-08-14T01:42:14.520+0000] {logging_mixin.py:188} INFO - [2025-08-14T01:42:14.520+0000] {my_pipeline.py:29} INFO - Successfully imported module: processor
[2025-08-14T01:42:14.546+0000] {processor.py:840} INFO - DAG(s) 'playstore_review_etl_pipeline' retrieved from /opt/airflow/dags/my_pipeline.py
[2025-08-14T01:42:14.606+0000] {logging_mixin.py:188} INFO - [2025-08-14T01:42:14.605+0000] {dag.py:3096} INFO - Sync 1 DAGs
[2025-08-14T01:42:14.677+0000] {logging_mixin.py:188} INFO - [2025-08-14T01:42:14.676+0000] {dag.py:3954} INFO - Setting next_dagrun for playstore_review_etl_pipeline to 2025-08-14 00:00:00+00:00, run_after=2025-08-15 00:00:00+00:00
[2025-08-14T01:42:14.737+0000] {processor.py:183} INFO - Processing /opt/airflow/dags/my_pipeline.py took 4.661 seconds
[2025-08-14T01:42:45.266+0000] {processor.py:161} INFO - Started process (PID=269) to work on /opt/airflow/dags/my_pipeline.py
[2025-08-14T01:42:45.269+0000] {processor.py:830} INFO - Processing file /opt/airflow/dags/my_pipeline.py for tasks to queue
[2025-08-14T01:42:45.274+0000] {logging_mixin.py:188} INFO - [2025-08-14T01:42:45.274+0000] {dagbag.py:545} INFO - Filling up the DagBag from /opt/airflow/dags/my_pipeline.py
[2025-08-14T01:42:45.354+0000] {logging_mixin.py:188} INFO - [2025-08-14T01:42:45.354+0000] {my_pipeline.py:29} INFO - Successfully imported module: scraper
[2025-08-14T01:42:47.492+0000] {logging_mixin.py:188} INFO - [2025-08-14T01:42:47.491+0000] {my_pipeline.py:29} INFO - Successfully imported module: processor
[2025-08-14T01:42:47.512+0000] {processor.py:840} INFO - DAG(s) 'playstore_review_etl_pipeline' retrieved from /opt/airflow/dags/my_pipeline.py
[2025-08-14T01:42:47.572+0000] {logging_mixin.py:188} INFO - [2025-08-14T01:42:47.571+0000] {dag.py:3096} INFO - Sync 1 DAGs
[2025-08-14T01:42:47.621+0000] {logging_mixin.py:188} INFO - [2025-08-14T01:42:47.620+0000] {dag.py:3954} INFO - Setting next_dagrun for playstore_review_etl_pipeline to 2025-08-14 00:00:00+00:00, run_after=2025-08-15 00:00:00+00:00
[2025-08-14T01:42:47.667+0000] {processor.py:183} INFO - Processing /opt/airflow/dags/my_pipeline.py took 2.416 seconds
[2025-08-14T01:43:18.142+0000] {processor.py:161} INFO - Started process (PID=275) to work on /opt/airflow/dags/my_pipeline.py
[2025-08-14T01:43:18.144+0000] {processor.py:830} INFO - Processing file /opt/airflow/dags/my_pipeline.py for tasks to queue
[2025-08-14T01:43:18.149+0000] {logging_mixin.py:188} INFO - [2025-08-14T01:43:18.148+0000] {dagbag.py:545} INFO - Filling up the DagBag from /opt/airflow/dags/my_pipeline.py
[2025-08-14T01:43:18.235+0000] {logging_mixin.py:188} INFO - [2025-08-14T01:43:18.235+0000] {my_pipeline.py:29} INFO - Successfully imported module: scraper
[2025-08-14T01:43:20.482+0000] {logging_mixin.py:188} INFO - [2025-08-14T01:43:20.482+0000] {my_pipeline.py:29} INFO - Successfully imported module: processor
[2025-08-14T01:43:20.505+0000] {processor.py:840} INFO - DAG(s) 'playstore_review_etl_pipeline' retrieved from /opt/airflow/dags/my_pipeline.py
[2025-08-14T01:43:20.580+0000] {logging_mixin.py:188} INFO - [2025-08-14T01:43:20.578+0000] {dag.py:3096} INFO - Sync 1 DAGs
[2025-08-14T01:43:20.650+0000] {logging_mixin.py:188} INFO - [2025-08-14T01:43:20.649+0000] {dag.py:3954} INFO - Setting next_dagrun for playstore_review_etl_pipeline to 2025-08-14 00:00:00+00:00, run_after=2025-08-15 00:00:00+00:00
[2025-08-14T01:43:20.707+0000] {processor.py:183} INFO - Processing /opt/airflow/dags/my_pipeline.py took 2.579 seconds
[2025-08-14T01:43:51.442+0000] {processor.py:161} INFO - Started process (PID=281) to work on /opt/airflow/dags/my_pipeline.py
[2025-08-14T01:43:51.445+0000] {processor.py:830} INFO - Processing file /opt/airflow/dags/my_pipeline.py for tasks to queue
[2025-08-14T01:43:51.452+0000] {logging_mixin.py:188} INFO - [2025-08-14T01:43:51.450+0000] {dagbag.py:545} INFO - Filling up the DagBag from /opt/airflow/dags/my_pipeline.py
[2025-08-14T01:43:51.546+0000] {logging_mixin.py:188} INFO - [2025-08-14T01:43:51.545+0000] {my_pipeline.py:29} INFO - Successfully imported module: scraper
[2025-08-14T01:43:53.595+0000] {logging_mixin.py:188} INFO - [2025-08-14T01:43:53.594+0000] {my_pipeline.py:29} INFO - Successfully imported module: processor
[2025-08-14T01:43:53.608+0000] {processor.py:840} INFO - DAG(s) 'playstore_review_etl_pipeline' retrieved from /opt/airflow/dags/my_pipeline.py
[2025-08-14T01:43:53.653+0000] {logging_mixin.py:188} INFO - [2025-08-14T01:43:53.652+0000] {dag.py:3096} INFO - Sync 1 DAGs
[2025-08-14T01:43:53.692+0000] {logging_mixin.py:188} INFO - [2025-08-14T01:43:53.692+0000] {dag.py:3954} INFO - Setting next_dagrun for playstore_review_etl_pipeline to 2025-08-14 00:00:00+00:00, run_after=2025-08-15 00:00:00+00:00
[2025-08-14T01:43:53.734+0000] {processor.py:183} INFO - Processing /opt/airflow/dags/my_pipeline.py took 2.311 seconds
[2025-08-14T01:44:24.181+0000] {processor.py:161} INFO - Started process (PID=287) to work on /opt/airflow/dags/my_pipeline.py
[2025-08-14T01:44:24.184+0000] {processor.py:830} INFO - Processing file /opt/airflow/dags/my_pipeline.py for tasks to queue
[2025-08-14T01:44:24.189+0000] {logging_mixin.py:188} INFO - [2025-08-14T01:44:24.188+0000] {dagbag.py:545} INFO - Filling up the DagBag from /opt/airflow/dags/my_pipeline.py
[2025-08-14T01:44:24.289+0000] {logging_mixin.py:188} INFO - [2025-08-14T01:44:24.287+0000] {my_pipeline.py:29} INFO - Successfully imported module: scraper
[2025-08-14T01:44:26.513+0000] {logging_mixin.py:188} INFO - [2025-08-14T01:44:26.512+0000] {my_pipeline.py:29} INFO - Successfully imported module: processor
[2025-08-14T01:44:26.537+0000] {processor.py:840} INFO - DAG(s) 'playstore_review_etl_pipeline' retrieved from /opt/airflow/dags/my_pipeline.py
[2025-08-14T01:44:26.597+0000] {logging_mixin.py:188} INFO - [2025-08-14T01:44:26.595+0000] {dag.py:3096} INFO - Sync 1 DAGs
[2025-08-14T01:44:26.659+0000] {logging_mixin.py:188} INFO - [2025-08-14T01:44:26.659+0000] {dag.py:3954} INFO - Setting next_dagrun for playstore_review_etl_pipeline to 2025-08-14 00:00:00+00:00, run_after=2025-08-15 00:00:00+00:00
[2025-08-14T01:44:26.707+0000] {processor.py:183} INFO - Processing /opt/airflow/dags/my_pipeline.py took 2.539 seconds
[2025-08-14T01:44:57.185+0000] {processor.py:161} INFO - Started process (PID=293) to work on /opt/airflow/dags/my_pipeline.py
[2025-08-14T01:44:57.188+0000] {processor.py:830} INFO - Processing file /opt/airflow/dags/my_pipeline.py for tasks to queue
[2025-08-14T01:44:57.192+0000] {logging_mixin.py:188} INFO - [2025-08-14T01:44:57.191+0000] {dagbag.py:545} INFO - Filling up the DagBag from /opt/airflow/dags/my_pipeline.py
[2025-08-14T01:44:57.279+0000] {logging_mixin.py:188} INFO - [2025-08-14T01:44:57.278+0000] {my_pipeline.py:29} INFO - Successfully imported module: scraper
[2025-08-14T01:44:59.204+0000] {logging_mixin.py:188} INFO - [2025-08-14T01:44:59.203+0000] {my_pipeline.py:29} INFO - Successfully imported module: processor
[2025-08-14T01:44:59.216+0000] {processor.py:840} INFO - DAG(s) 'playstore_review_etl_pipeline' retrieved from /opt/airflow/dags/my_pipeline.py
[2025-08-14T01:44:59.260+0000] {logging_mixin.py:188} INFO - [2025-08-14T01:44:59.259+0000] {dag.py:3096} INFO - Sync 1 DAGs
[2025-08-14T01:44:59.298+0000] {logging_mixin.py:188} INFO - [2025-08-14T01:44:59.298+0000] {dag.py:3954} INFO - Setting next_dagrun for playstore_review_etl_pipeline to 2025-08-14 00:00:00+00:00, run_after=2025-08-15 00:00:00+00:00
[2025-08-14T01:44:59.338+0000] {processor.py:183} INFO - Processing /opt/airflow/dags/my_pipeline.py took 2.166 seconds
[2025-08-14T01:45:29.690+0000] {processor.py:161} INFO - Started process (PID=299) to work on /opt/airflow/dags/my_pipeline.py
[2025-08-14T01:45:29.696+0000] {processor.py:830} INFO - Processing file /opt/airflow/dags/my_pipeline.py for tasks to queue
[2025-08-14T01:45:29.704+0000] {logging_mixin.py:188} INFO - [2025-08-14T01:45:29.702+0000] {dagbag.py:545} INFO - Filling up the DagBag from /opt/airflow/dags/my_pipeline.py
[2025-08-14T01:45:29.805+0000] {logging_mixin.py:188} INFO - [2025-08-14T01:45:29.804+0000] {my_pipeline.py:29} INFO - Successfully imported module: scraper
[2025-08-14T01:45:32.119+0000] {logging_mixin.py:188} INFO - [2025-08-14T01:45:32.118+0000] {my_pipeline.py:29} INFO - Successfully imported module: processor
[2025-08-14T01:45:32.131+0000] {processor.py:840} INFO - DAG(s) 'playstore_review_etl_pipeline' retrieved from /opt/airflow/dags/my_pipeline.py
[2025-08-14T01:45:32.177+0000] {logging_mixin.py:188} INFO - [2025-08-14T01:45:32.176+0000] {dag.py:3096} INFO - Sync 1 DAGs
[2025-08-14T01:45:32.215+0000] {logging_mixin.py:188} INFO - [2025-08-14T01:45:32.215+0000] {dag.py:3954} INFO - Setting next_dagrun for playstore_review_etl_pipeline to 2025-08-14 00:00:00+00:00, run_after=2025-08-15 00:00:00+00:00
[2025-08-14T01:45:32.253+0000] {processor.py:183} INFO - Processing /opt/airflow/dags/my_pipeline.py took 2.613 seconds
[2025-08-14T01:46:02.765+0000] {processor.py:161} INFO - Started process (PID=305) to work on /opt/airflow/dags/my_pipeline.py
[2025-08-14T01:46:02.768+0000] {processor.py:830} INFO - Processing file /opt/airflow/dags/my_pipeline.py for tasks to queue
[2025-08-14T01:46:02.774+0000] {logging_mixin.py:188} INFO - [2025-08-14T01:46:02.773+0000] {dagbag.py:545} INFO - Filling up the DagBag from /opt/airflow/dags/my_pipeline.py
[2025-08-14T01:46:02.859+0000] {logging_mixin.py:188} INFO - [2025-08-14T01:46:02.859+0000] {my_pipeline.py:29} INFO - Successfully imported module: scraper
[2025-08-14T01:46:04.576+0000] {logging_mixin.py:188} INFO - [2025-08-14T01:46:04.575+0000] {my_pipeline.py:29} INFO - Successfully imported module: processor
[2025-08-14T01:46:04.589+0000] {processor.py:840} INFO - DAG(s) 'playstore_review_etl_pipeline' retrieved from /opt/airflow/dags/my_pipeline.py
[2025-08-14T01:46:04.639+0000] {logging_mixin.py:188} INFO - [2025-08-14T01:46:04.638+0000] {dag.py:3096} INFO - Sync 1 DAGs
[2025-08-14T01:46:04.678+0000] {logging_mixin.py:188} INFO - [2025-08-14T01:46:04.677+0000] {dag.py:3954} INFO - Setting next_dagrun for playstore_review_etl_pipeline to 2025-08-14 00:00:00+00:00, run_after=2025-08-15 00:00:00+00:00
[2025-08-14T01:46:04.717+0000] {processor.py:183} INFO - Processing /opt/airflow/dags/my_pipeline.py took 1.975 seconds
[2025-08-14T01:46:35.150+0000] {processor.py:161} INFO - Started process (PID=311) to work on /opt/airflow/dags/my_pipeline.py
[2025-08-14T01:46:35.152+0000] {processor.py:830} INFO - Processing file /opt/airflow/dags/my_pipeline.py for tasks to queue
[2025-08-14T01:46:35.157+0000] {logging_mixin.py:188} INFO - [2025-08-14T01:46:35.156+0000] {dagbag.py:545} INFO - Filling up the DagBag from /opt/airflow/dags/my_pipeline.py
[2025-08-14T01:46:35.239+0000] {logging_mixin.py:188} INFO - [2025-08-14T01:46:35.238+0000] {my_pipeline.py:29} INFO - Successfully imported module: scraper
[2025-08-14T01:46:37.218+0000] {logging_mixin.py:188} INFO - [2025-08-14T01:46:37.218+0000] {my_pipeline.py:29} INFO - Successfully imported module: processor
[2025-08-14T01:46:37.232+0000] {processor.py:840} INFO - DAG(s) 'playstore_review_etl_pipeline' retrieved from /opt/airflow/dags/my_pipeline.py
[2025-08-14T01:46:37.291+0000] {logging_mixin.py:188} INFO - [2025-08-14T01:46:37.290+0000] {dag.py:3096} INFO - Sync 1 DAGs
[2025-08-14T01:46:37.353+0000] {logging_mixin.py:188} INFO - [2025-08-14T01:46:37.352+0000] {dag.py:3954} INFO - Setting next_dagrun for playstore_review_etl_pipeline to 2025-08-14 00:00:00+00:00, run_after=2025-08-15 00:00:00+00:00
[2025-08-14T01:46:37.394+0000] {processor.py:183} INFO - Processing /opt/airflow/dags/my_pipeline.py took 2.258 seconds
[2025-08-14T01:47:07.582+0000] {processor.py:161} INFO - Started process (PID=317) to work on /opt/airflow/dags/my_pipeline.py
[2025-08-14T01:47:07.585+0000] {processor.py:830} INFO - Processing file /opt/airflow/dags/my_pipeline.py for tasks to queue
[2025-08-14T01:47:07.592+0000] {logging_mixin.py:188} INFO - [2025-08-14T01:47:07.591+0000] {dagbag.py:545} INFO - Filling up the DagBag from /opt/airflow/dags/my_pipeline.py
[2025-08-14T01:47:07.684+0000] {logging_mixin.py:188} INFO - [2025-08-14T01:47:07.684+0000] {my_pipeline.py:29} INFO - Successfully imported module: scraper
[2025-08-14T01:47:09.301+0000] {logging_mixin.py:188} INFO - [2025-08-14T01:47:09.300+0000] {my_pipeline.py:29} INFO - Successfully imported module: processor
[2025-08-14T01:47:09.313+0000] {processor.py:840} INFO - DAG(s) 'playstore_review_etl_pipeline' retrieved from /opt/airflow/dags/my_pipeline.py
[2025-08-14T01:47:09.355+0000] {logging_mixin.py:188} INFO - [2025-08-14T01:47:09.354+0000] {dag.py:3096} INFO - Sync 1 DAGs
[2025-08-14T01:47:09.401+0000] {logging_mixin.py:188} INFO - [2025-08-14T01:47:09.401+0000] {dag.py:3954} INFO - Setting next_dagrun for playstore_review_etl_pipeline to 2025-08-14 00:00:00+00:00, run_after=2025-08-15 00:00:00+00:00
[2025-08-14T01:47:09.440+0000] {processor.py:183} INFO - Processing /opt/airflow/dags/my_pipeline.py took 1.880 seconds
[2025-08-14T01:47:40.008+0000] {processor.py:161} INFO - Started process (PID=323) to work on /opt/airflow/dags/my_pipeline.py
[2025-08-14T01:47:40.011+0000] {processor.py:830} INFO - Processing file /opt/airflow/dags/my_pipeline.py for tasks to queue
[2025-08-14T01:47:40.017+0000] {logging_mixin.py:188} INFO - [2025-08-14T01:47:40.016+0000] {dagbag.py:545} INFO - Filling up the DagBag from /opt/airflow/dags/my_pipeline.py
[2025-08-14T01:47:40.124+0000] {logging_mixin.py:188} INFO - [2025-08-14T01:47:40.123+0000] {my_pipeline.py:29} INFO - Successfully imported module: scraper
[2025-08-14T01:47:42.377+0000] {logging_mixin.py:188} INFO - [2025-08-14T01:47:42.377+0000] {my_pipeline.py:29} INFO - Successfully imported module: processor
[2025-08-14T01:47:42.398+0000] {processor.py:840} INFO - DAG(s) 'playstore_review_etl_pipeline' retrieved from /opt/airflow/dags/my_pipeline.py
[2025-08-14T01:47:42.470+0000] {logging_mixin.py:188} INFO - [2025-08-14T01:47:42.469+0000] {dag.py:3096} INFO - Sync 1 DAGs
[2025-08-14T01:47:42.516+0000] {logging_mixin.py:188} INFO - [2025-08-14T01:47:42.515+0000] {dag.py:3954} INFO - Setting next_dagrun for playstore_review_etl_pipeline to 2025-08-14 00:00:00+00:00, run_after=2025-08-15 00:00:00+00:00
[2025-08-14T01:47:42.565+0000] {processor.py:183} INFO - Processing /opt/airflow/dags/my_pipeline.py took 2.583 seconds
[2025-08-14T01:48:13.237+0000] {processor.py:161} INFO - Started process (PID=329) to work on /opt/airflow/dags/my_pipeline.py
[2025-08-14T01:48:13.239+0000] {processor.py:830} INFO - Processing file /opt/airflow/dags/my_pipeline.py for tasks to queue
[2025-08-14T01:48:13.244+0000] {logging_mixin.py:188} INFO - [2025-08-14T01:48:13.244+0000] {dagbag.py:545} INFO - Filling up the DagBag from /opt/airflow/dags/my_pipeline.py
[2025-08-14T01:48:13.341+0000] {logging_mixin.py:188} INFO - [2025-08-14T01:48:13.340+0000] {my_pipeline.py:29} INFO - Successfully imported module: scraper
[2025-08-14T01:48:15.799+0000] {logging_mixin.py:188} INFO - [2025-08-14T01:48:15.799+0000] {my_pipeline.py:29} INFO - Successfully imported module: processor
[2025-08-14T01:48:15.818+0000] {processor.py:840} INFO - DAG(s) 'playstore_review_etl_pipeline' retrieved from /opt/airflow/dags/my_pipeline.py
[2025-08-14T01:48:15.862+0000] {logging_mixin.py:188} INFO - [2025-08-14T01:48:15.861+0000] {dag.py:3096} INFO - Sync 1 DAGs
[2025-08-14T01:48:15.901+0000] {logging_mixin.py:188} INFO - [2025-08-14T01:48:15.900+0000] {dag.py:3954} INFO - Setting next_dagrun for playstore_review_etl_pipeline to 2025-08-14 00:00:00+00:00, run_after=2025-08-15 00:00:00+00:00
[2025-08-14T01:48:15.943+0000] {processor.py:183} INFO - Processing /opt/airflow/dags/my_pipeline.py took 2.721 seconds
[2025-08-14T01:48:46.143+0000] {processor.py:161} INFO - Started process (PID=335) to work on /opt/airflow/dags/my_pipeline.py
[2025-08-14T01:48:46.146+0000] {processor.py:830} INFO - Processing file /opt/airflow/dags/my_pipeline.py for tasks to queue
[2025-08-14T01:48:46.152+0000] {logging_mixin.py:188} INFO - [2025-08-14T01:48:46.151+0000] {dagbag.py:545} INFO - Filling up the DagBag from /opt/airflow/dags/my_pipeline.py
[2025-08-14T01:48:46.238+0000] {logging_mixin.py:188} INFO - [2025-08-14T01:48:46.238+0000] {my_pipeline.py:29} INFO - Successfully imported module: scraper
[2025-08-14T01:48:47.959+0000] {logging_mixin.py:188} INFO - [2025-08-14T01:48:47.959+0000] {my_pipeline.py:29} INFO - Successfully imported module: processor
[2025-08-14T01:48:47.984+0000] {processor.py:840} INFO - DAG(s) 'playstore_review_etl_pipeline' retrieved from /opt/airflow/dags/my_pipeline.py
[2025-08-14T01:48:48.059+0000] {logging_mixin.py:188} INFO - [2025-08-14T01:48:48.058+0000] {dag.py:3096} INFO - Sync 1 DAGs
[2025-08-14T01:48:48.123+0000] {logging_mixin.py:188} INFO - [2025-08-14T01:48:48.122+0000] {dag.py:3954} INFO - Setting next_dagrun for playstore_review_etl_pipeline to 2025-08-14 00:00:00+00:00, run_after=2025-08-15 00:00:00+00:00
[2025-08-14T01:48:48.173+0000] {processor.py:183} INFO - Processing /opt/airflow/dags/my_pipeline.py took 2.052 seconds
[2025-08-14T01:49:18.501+0000] {processor.py:161} INFO - Started process (PID=341) to work on /opt/airflow/dags/my_pipeline.py
[2025-08-14T01:49:18.503+0000] {processor.py:830} INFO - Processing file /opt/airflow/dags/my_pipeline.py for tasks to queue
[2025-08-14T01:49:18.508+0000] {logging_mixin.py:188} INFO - [2025-08-14T01:49:18.508+0000] {dagbag.py:545} INFO - Filling up the DagBag from /opt/airflow/dags/my_pipeline.py
[2025-08-14T01:49:18.598+0000] {logging_mixin.py:188} INFO - [2025-08-14T01:49:18.597+0000] {my_pipeline.py:29} INFO - Successfully imported module: scraper
[2025-08-14T01:49:20.249+0000] {logging_mixin.py:188} INFO - [2025-08-14T01:49:20.249+0000] {my_pipeline.py:29} INFO - Successfully imported module: processor
[2025-08-14T01:49:20.262+0000] {processor.py:840} INFO - DAG(s) 'playstore_review_etl_pipeline' retrieved from /opt/airflow/dags/my_pipeline.py
[2025-08-14T01:49:20.307+0000] {logging_mixin.py:188} INFO - [2025-08-14T01:49:20.306+0000] {dag.py:3096} INFO - Sync 1 DAGs
[2025-08-14T01:49:20.346+0000] {logging_mixin.py:188} INFO - [2025-08-14T01:49:20.346+0000] {dag.py:3954} INFO - Setting next_dagrun for playstore_review_etl_pipeline to 2025-08-14 00:00:00+00:00, run_after=2025-08-15 00:00:00+00:00
[2025-08-14T01:49:20.392+0000] {processor.py:183} INFO - Processing /opt/airflow/dags/my_pipeline.py took 1.907 seconds
[2025-08-14T01:49:50.860+0000] {processor.py:161} INFO - Started process (PID=347) to work on /opt/airflow/dags/my_pipeline.py
[2025-08-14T01:49:50.864+0000] {processor.py:830} INFO - Processing file /opt/airflow/dags/my_pipeline.py for tasks to queue
[2025-08-14T01:49:50.870+0000] {logging_mixin.py:188} INFO - [2025-08-14T01:49:50.869+0000] {dagbag.py:545} INFO - Filling up the DagBag from /opt/airflow/dags/my_pipeline.py
[2025-08-14T01:49:50.986+0000] {logging_mixin.py:188} INFO - [2025-08-14T01:49:50.985+0000] {my_pipeline.py:29} INFO - Successfully imported module: scraper
[2025-08-14T01:49:53.318+0000] {logging_mixin.py:188} INFO - [2025-08-14T01:49:53.317+0000] {my_pipeline.py:29} INFO - Successfully imported module: processor
[2025-08-14T01:49:53.339+0000] {processor.py:840} INFO - DAG(s) 'playstore_review_etl_pipeline' retrieved from /opt/airflow/dags/my_pipeline.py
[2025-08-14T01:49:53.417+0000] {logging_mixin.py:188} INFO - [2025-08-14T01:49:53.416+0000] {dag.py:3096} INFO - Sync 1 DAGs
[2025-08-14T01:49:53.491+0000] {logging_mixin.py:188} INFO - [2025-08-14T01:49:53.490+0000] {dag.py:3954} INFO - Setting next_dagrun for playstore_review_etl_pipeline to 2025-08-14 00:00:00+00:00, run_after=2025-08-15 00:00:00+00:00
[2025-08-14T01:49:53.550+0000] {processor.py:183} INFO - Processing /opt/airflow/dags/my_pipeline.py took 2.709 seconds
[2025-08-14T01:50:24.153+0000] {processor.py:161} INFO - Started process (PID=353) to work on /opt/airflow/dags/my_pipeline.py
[2025-08-14T01:50:24.155+0000] {processor.py:830} INFO - Processing file /opt/airflow/dags/my_pipeline.py for tasks to queue
[2025-08-14T01:50:24.161+0000] {logging_mixin.py:188} INFO - [2025-08-14T01:50:24.160+0000] {dagbag.py:545} INFO - Filling up the DagBag from /opt/airflow/dags/my_pipeline.py
[2025-08-14T01:50:24.246+0000] {logging_mixin.py:188} INFO - [2025-08-14T01:50:24.246+0000] {my_pipeline.py:29} INFO - Successfully imported module: scraper
[2025-08-14T01:50:26.259+0000] {logging_mixin.py:188} INFO - [2025-08-14T01:50:26.259+0000] {my_pipeline.py:29} INFO - Successfully imported module: processor
[2025-08-14T01:50:26.278+0000] {processor.py:840} INFO - DAG(s) 'playstore_review_etl_pipeline' retrieved from /opt/airflow/dags/my_pipeline.py
[2025-08-14T01:50:26.362+0000] {logging_mixin.py:188} INFO - [2025-08-14T01:50:26.361+0000] {dag.py:3096} INFO - Sync 1 DAGs
[2025-08-14T01:50:26.414+0000] {logging_mixin.py:188} INFO - [2025-08-14T01:50:26.414+0000] {dag.py:3954} INFO - Setting next_dagrun for playstore_review_etl_pipeline to 2025-08-14 00:00:00+00:00, run_after=2025-08-15 00:00:00+00:00
[2025-08-14T01:50:26.453+0000] {processor.py:183} INFO - Processing /opt/airflow/dags/my_pipeline.py took 2.317 seconds
[2025-08-14T01:50:56.802+0000] {processor.py:161} INFO - Started process (PID=359) to work on /opt/airflow/dags/my_pipeline.py
[2025-08-14T01:50:56.805+0000] {processor.py:830} INFO - Processing file /opt/airflow/dags/my_pipeline.py for tasks to queue
[2025-08-14T01:50:56.811+0000] {logging_mixin.py:188} INFO - [2025-08-14T01:50:56.810+0000] {dagbag.py:545} INFO - Filling up the DagBag from /opt/airflow/dags/my_pipeline.py
[2025-08-14T01:50:56.901+0000] {logging_mixin.py:188} INFO - [2025-08-14T01:50:56.900+0000] {my_pipeline.py:29} INFO - Successfully imported module: scraper
[2025-08-14T01:50:58.566+0000] {logging_mixin.py:188} INFO - [2025-08-14T01:50:58.565+0000] {my_pipeline.py:29} INFO - Successfully imported module: processor
[2025-08-14T01:50:58.578+0000] {processor.py:840} INFO - DAG(s) 'playstore_review_etl_pipeline' retrieved from /opt/airflow/dags/my_pipeline.py
[2025-08-14T01:50:58.620+0000] {logging_mixin.py:188} INFO - [2025-08-14T01:50:58.620+0000] {dag.py:3096} INFO - Sync 1 DAGs
[2025-08-14T01:50:58.662+0000] {logging_mixin.py:188} INFO - [2025-08-14T01:50:58.661+0000] {dag.py:3954} INFO - Setting next_dagrun for playstore_review_etl_pipeline to 2025-08-14 00:00:00+00:00, run_after=2025-08-15 00:00:00+00:00
[2025-08-14T01:50:58.700+0000] {processor.py:183} INFO - Processing /opt/airflow/dags/my_pipeline.py took 1.913 seconds
