[2025-08-14T03:12:17.889+0000] {local_task_job_runner.py:120} INFO - ::group::Pre task execution logs
[2025-08-14T03:12:17.938+0000] {taskinstance.py:2076} INFO - Dependencies all met for dep_context=non-requeueable deps ti=<TaskInstance: playstore_review_etl_pipeline.extract_raw_reviews manual__2025-08-14T03:12:13.682713+00:00 [queued]>
[2025-08-14T03:12:17.953+0000] {taskinstance.py:2076} INFO - Dependencies all met for dep_context=requeueable deps ti=<TaskInstance: playstore_review_etl_pipeline.extract_raw_reviews manual__2025-08-14T03:12:13.682713+00:00 [queued]>
[2025-08-14T03:12:17.956+0000] {taskinstance.py:2306} INFO - Starting attempt 1 of 3
[2025-08-14T03:12:17.981+0000] {taskinstance.py:2330} INFO - Executing <Task(PythonOperator): extract_raw_reviews> on 2025-08-14 03:12:13.682713+00:00
[2025-08-14T03:12:17.998+0000] {standard_task_runner.py:90} INFO - Running: ['***', 'tasks', 'run', 'playstore_review_etl_pipeline', 'extract_raw_reviews', 'manual__2025-08-14T03:12:13.682713+00:00', '--job-id', '110', '--raw', '--subdir', 'DAGS_FOLDER/my_pipeline.py', '--cfg-path', '/tmp/tmptwg7yruz']
[2025-08-14T03:12:18.006+0000] {standard_task_runner.py:91} INFO - Job 110: Subtask extract_raw_reviews
[2025-08-14T03:12:18.006+0000] {logging_mixin.py:188} WARNING - /home/***/.local/lib/python3.12/site-packages/***/task/task_runner/standard_task_runner.py:61 DeprecationWarning: This process (pid=189) is multi-threaded, use of fork() may lead to deadlocks in the child.
[2025-08-14T03:12:18.008+0000] {standard_task_runner.py:63} INFO - Started process 193 to run task
[2025-08-14T03:12:18.122+0000] {task_command.py:426} INFO - Running <TaskInstance: playstore_review_etl_pipeline.extract_raw_reviews manual__2025-08-14T03:12:13.682713+00:00 [running]> on host 7a3ddec03acc
[2025-08-14T03:12:18.302+0000] {taskinstance.py:2648} INFO - Exporting env vars: AIRFLOW_CTX_DAG_EMAIL='your_email@domain.com' AIRFLOW_CTX_DAG_OWNER='data_engineering_team' AIRFLOW_CTX_DAG_ID='playstore_review_etl_pipeline' AIRFLOW_CTX_TASK_ID='extract_raw_reviews' AIRFLOW_CTX_EXECUTION_DATE='2025-08-14T03:12:13.682713+00:00' AIRFLOW_CTX_TRY_NUMBER='1' AIRFLOW_CTX_DAG_RUN_ID='manual__2025-08-14T03:12:13.682713+00:00'
[2025-08-14T03:12:18.304+0000] {taskinstance.py:430} INFO - ::endgroup::
[2025-08-14T03:12:18.360+0000] {my_pipeline.py:59} INFO - Starting Scraper Task...
[2025-08-14T03:12:18.361+0000] {my_pipeline.py:65} INFO - Calling scraper.main()...
[2025-08-14T03:12:18.362+0000] {scraper.py:210} INFO - === Google Play Store Review Scraper (SQLite) Started ===
[2025-08-14T03:12:18.368+0000] {scraper.py:37} INFO - Connected to SQLite database at /app/database/reviews.db
[2025-08-14T03:12:18.369+0000] {scraper.py:81} INFO - Starting to scrape reviews for AliExpress (com.alibaba.aliexpresshd) - Max Reviews: 500
[2025-08-14T03:12:18.376+0000] {scraper.py:71} INFO - RawAppReviews table checked/created successfully.
[2025-08-14T03:12:19.556+0000] {scraper.py:101} INFO -   Processing batch 1 for AliExpress...
[2025-08-14T03:12:19.584+0000] {scraper.py:185} INFO -     Inserted batch 1. Reviews processed so far: 100, New inserts: 100
[2025-08-14T03:12:19.586+0000] {scraper.py:190} INFO -   Pausing for 1 second(s)...
[2025-08-14T03:12:21.671+0000] {scraper.py:101} INFO -   Processing batch 2 for AliExpress...
[2025-08-14T03:12:21.687+0000] {scraper.py:185} INFO -     Inserted batch 2. Reviews processed so far: 200, New inserts: 200
[2025-08-14T03:12:21.689+0000] {scraper.py:190} INFO -   Pausing for 1 second(s)...
[2025-08-14T03:12:23.759+0000] {scraper.py:101} INFO -   Processing batch 3 for AliExpress...
[2025-08-14T03:12:23.796+0000] {scraper.py:185} INFO -     Inserted batch 3. Reviews processed so far: 300, New inserts: 300
[2025-08-14T03:12:23.797+0000] {scraper.py:190} INFO -   Pausing for 1 second(s)...
[2025-08-14T03:12:25.825+0000] {scraper.py:101} INFO -   Processing batch 4 for AliExpress...
[2025-08-14T03:12:25.855+0000] {scraper.py:185} INFO -     Inserted batch 4. Reviews processed so far: 400, New inserts: 400
[2025-08-14T03:12:25.857+0000] {scraper.py:190} INFO -   Pausing for 1 second(s)...
[2025-08-14T03:12:27.902+0000] {scraper.py:101} INFO -   Processing batch 5 for AliExpress...
[2025-08-14T03:12:27.923+0000] {scraper.py:185} INFO -     Inserted batch 5. Reviews processed so far: 500, New inserts: 500
[2025-08-14T03:12:27.924+0000] {scraper.py:204} INFO - --- Finished scraping for AliExpress. Total reviews processed: 500, New inserts: 500 ---
[2025-08-14T03:12:27.925+0000] {scraper.py:81} INFO - Starting to scrape reviews for Alibaba (com.alibaba.intl.android.apps.poseidon) - Max Reviews: 500
[2025-08-14T03:12:27.927+0000] {scraper.py:71} INFO - RawAppReviews table checked/created successfully.
[2025-08-14T03:12:28.908+0000] {scraper.py:101} INFO -   Processing batch 1 for Alibaba...
[2025-08-14T03:12:28.932+0000] {scraper.py:185} INFO -     Inserted batch 1. Reviews processed so far: 100, New inserts: 100
[2025-08-14T03:12:28.935+0000] {scraper.py:190} INFO -   Pausing for 1 second(s)...
[2025-08-14T03:12:31.025+0000] {scraper.py:101} INFO -   Processing batch 2 for Alibaba...
[2025-08-14T03:12:31.066+0000] {scraper.py:185} INFO -     Inserted batch 2. Reviews processed so far: 200, New inserts: 200
[2025-08-14T03:12:31.068+0000] {scraper.py:190} INFO -   Pausing for 1 second(s)...
[2025-08-14T03:12:33.125+0000] {scraper.py:101} INFO -   Processing batch 3 for Alibaba...
[2025-08-14T03:12:33.142+0000] {scraper.py:185} INFO -     Inserted batch 3. Reviews processed so far: 300, New inserts: 300
[2025-08-14T03:12:33.143+0000] {scraper.py:190} INFO -   Pausing for 1 second(s)...
[2025-08-14T03:12:35.157+0000] {scraper.py:101} INFO -   Processing batch 4 for Alibaba...
[2025-08-14T03:12:35.169+0000] {scraper.py:185} INFO -     Inserted batch 4. Reviews processed so far: 400, New inserts: 400
[2025-08-14T03:12:35.171+0000] {scraper.py:190} INFO -   Pausing for 1 second(s)...
[2025-08-14T03:12:37.243+0000] {scraper.py:101} INFO -   Processing batch 5 for Alibaba...
[2025-08-14T03:12:37.264+0000] {scraper.py:185} INFO -     Inserted batch 5. Reviews processed so far: 500, New inserts: 500
[2025-08-14T03:12:37.265+0000] {scraper.py:204} INFO - --- Finished scraping for Alibaba. Total reviews processed: 500, New inserts: 500 ---
[2025-08-14T03:12:37.267+0000] {scraper.py:81} INFO - Starting to scrape reviews for Jiji (ng.jiji.app) - Max Reviews: 500
[2025-08-14T03:12:37.268+0000] {scraper.py:71} INFO - RawAppReviews table checked/created successfully.
[2025-08-14T03:12:38.328+0000] {scraper.py:101} INFO -   Processing batch 1 for Jiji...
[2025-08-14T03:12:38.346+0000] {scraper.py:185} INFO -     Inserted batch 1. Reviews processed so far: 100, New inserts: 100
[2025-08-14T03:12:38.347+0000] {scraper.py:190} INFO -   Pausing for 1 second(s)...
[2025-08-14T03:12:40.568+0000] {scraper.py:101} INFO -   Processing batch 2 for Jiji...
[2025-08-14T03:12:40.593+0000] {scraper.py:185} INFO -     Inserted batch 2. Reviews processed so far: 200, New inserts: 200
[2025-08-14T03:12:40.594+0000] {scraper.py:190} INFO -   Pausing for 1 second(s)...
[2025-08-14T03:12:42.643+0000] {scraper.py:101} INFO -   Processing batch 3 for Jiji...
[2025-08-14T03:12:42.661+0000] {scraper.py:185} INFO -     Inserted batch 3. Reviews processed so far: 300, New inserts: 300
[2025-08-14T03:12:42.663+0000] {scraper.py:190} INFO -   Pausing for 1 second(s)...
[2025-08-14T03:12:44.756+0000] {scraper.py:101} INFO -   Processing batch 4 for Jiji...
[2025-08-14T03:12:44.783+0000] {scraper.py:185} INFO -     Inserted batch 4. Reviews processed so far: 400, New inserts: 400
[2025-08-14T03:12:44.785+0000] {scraper.py:190} INFO -   Pausing for 1 second(s)...
[2025-08-14T03:12:46.881+0000] {scraper.py:101} INFO -   Processing batch 5 for Jiji...
[2025-08-14T03:12:46.901+0000] {scraper.py:185} INFO -     Inserted batch 5. Reviews processed so far: 500, New inserts: 500
[2025-08-14T03:12:46.903+0000] {scraper.py:204} INFO - --- Finished scraping for Jiji. Total reviews processed: 500, New inserts: 500 ---
[2025-08-14T03:12:46.904+0000] {scraper.py:234} INFO - === Scraper Run Completed Successfully! Duration: 0:00:28.540793, Total New Reviews Inserted: 1500 ===
[2025-08-14T03:12:46.905+0000] {scraper.py:244} INFO - Database connection closed.
[2025-08-14T03:12:46.907+0000] {my_pipeline.py:67} INFO - Scraper task completed successfully.
[2025-08-14T03:12:46.908+0000] {python.py:237} INFO - Done. Returned value was: None
[2025-08-14T03:12:46.910+0000] {taskinstance.py:441} INFO - ::group::Post task execution logs
[2025-08-14T03:12:46.932+0000] {taskinstance.py:1206} INFO - Marking task as SUCCESS. dag_id=playstore_review_etl_pipeline, task_id=extract_raw_reviews, run_id=manual__2025-08-14T03:12:13.682713+00:00, execution_date=20250814T031213, start_date=20250814T031217, end_date=20250814T031246
[2025-08-14T03:12:47.008+0000] {local_task_job_runner.py:240} INFO - Task exited with return code 0
[2025-08-14T03:12:47.071+0000] {taskinstance.py:3498} INFO - 1 downstream tasks scheduled from follow-on schedule check
[2025-08-14T03:12:47.076+0000] {local_task_job_runner.py:222} INFO - ::endgroup::
