[2025-08-15T01:40:13.770+0000] {local_task_job_runner.py:120} INFO - ::group::Pre task execution logs
[2025-08-15T01:40:13.906+0000] {taskinstance.py:2076} INFO - Dependencies all met for dep_context=non-requeueable deps ti=<TaskInstance: playstore_review_etl_pipeline.extract_raw_reviews scheduled__2025-08-14T00:00:00+00:00 [queued]>
[2025-08-15T01:40:13.948+0000] {taskinstance.py:2076} INFO - Dependencies all met for dep_context=requeueable deps ti=<TaskInstance: playstore_review_etl_pipeline.extract_raw_reviews scheduled__2025-08-14T00:00:00+00:00 [queued]>
[2025-08-15T01:40:13.950+0000] {taskinstance.py:2306} INFO - Starting attempt 1 of 3
[2025-08-15T01:40:14.005+0000] {taskinstance.py:2330} INFO - Executing <Task(PythonOperator): extract_raw_reviews> on 2025-08-14 00:00:00+00:00
[2025-08-15T01:40:14.033+0000] {standard_task_runner.py:90} INFO - Running: ['***', 'tasks', 'run', 'playstore_review_etl_pipeline', 'extract_raw_reviews', 'scheduled__2025-08-14T00:00:00+00:00', '--job-id', '122', '--raw', '--subdir', 'DAGS_FOLDER/my_pipeline.py', '--cfg-path', '/tmp/tmpl9ts9bm8']
[2025-08-15T01:40:14.042+0000] {standard_task_runner.py:91} INFO - Job 122: Subtask extract_raw_reviews
[2025-08-15T01:40:14.048+0000] {logging_mixin.py:188} WARNING - /home/***/.local/lib/python3.12/site-packages/***/task/task_runner/standard_task_runner.py:61 DeprecationWarning: This process (pid=169) is multi-threaded, use of fork() may lead to deadlocks in the child.
[2025-08-15T01:40:14.051+0000] {standard_task_runner.py:63} INFO - Started process 175 to run task
[2025-08-15T01:40:14.185+0000] {task_command.py:426} INFO - Running <TaskInstance: playstore_review_etl_pipeline.extract_raw_reviews scheduled__2025-08-14T00:00:00+00:00 [running]> on host 53b91e1bad0a
[2025-08-15T01:40:14.421+0000] {taskinstance.py:2648} INFO - Exporting env vars: AIRFLOW_CTX_DAG_EMAIL='your_email@domain.com' AIRFLOW_CTX_DAG_OWNER='data_engineering_team' AIRFLOW_CTX_DAG_ID='playstore_review_etl_pipeline' AIRFLOW_CTX_TASK_ID='extract_raw_reviews' AIRFLOW_CTX_EXECUTION_DATE='2025-08-14T00:00:00+00:00' AIRFLOW_CTX_TRY_NUMBER='1' AIRFLOW_CTX_DAG_RUN_ID='scheduled__2025-08-14T00:00:00+00:00'
[2025-08-15T01:40:14.424+0000] {taskinstance.py:430} INFO - ::endgroup::
[2025-08-15T01:40:14.481+0000] {my_pipeline.py:59} INFO - Starting Scraper Task...
[2025-08-15T01:40:14.482+0000] {my_pipeline.py:65} INFO - Calling scraper.main()...
[2025-08-15T01:40:14.484+0000] {scraper.py:210} INFO - === Google Play Store Review Scraper (SQLite) Started ===
[2025-08-15T01:40:14.487+0000] {scraper.py:37} INFO - Connected to SQLite database at /app/database/reviews.db
[2025-08-15T01:40:14.489+0000] {scraper.py:81} INFO - Starting to scrape reviews for AliExpress (com.alibaba.aliexpresshd) - Max Reviews: 500
[2025-08-15T01:40:14.493+0000] {scraper.py:71} INFO - RawAppReviews table checked/created successfully.
[2025-08-15T01:40:16.325+0000] {scraper.py:101} INFO -   Processing batch 1 for AliExpress...
[2025-08-15T01:40:16.407+0000] {scraper.py:185} INFO -     Inserted batch 1. Reviews processed so far: 100, New inserts: 100
[2025-08-15T01:40:16.408+0000] {scraper.py:190} INFO -   Pausing for 1 second(s)...
[2025-08-15T01:40:19.321+0000] {scraper.py:101} INFO -   Processing batch 2 for AliExpress...
[2025-08-15T01:40:19.349+0000] {scraper.py:185} INFO -     Inserted batch 2. Reviews processed so far: 200, New inserts: 200
[2025-08-15T01:40:19.352+0000] {scraper.py:190} INFO -   Pausing for 1 second(s)...
[2025-08-15T01:40:22.197+0000] {scraper.py:101} INFO -   Processing batch 3 for AliExpress...
[2025-08-15T01:40:22.215+0000] {scraper.py:185} INFO -     Inserted batch 3. Reviews processed so far: 300, New inserts: 300
[2025-08-15T01:40:22.217+0000] {scraper.py:190} INFO -   Pausing for 1 second(s)...
[2025-08-15T01:40:25.251+0000] {scraper.py:101} INFO -   Processing batch 4 for AliExpress...
[2025-08-15T01:40:25.299+0000] {scraper.py:185} INFO -     Inserted batch 4. Reviews processed so far: 400, New inserts: 400
[2025-08-15T01:40:25.301+0000] {scraper.py:190} INFO -   Pausing for 1 second(s)...
[2025-08-15T01:40:28.254+0000] {scraper.py:101} INFO -   Processing batch 5 for AliExpress...
[2025-08-15T01:40:28.282+0000] {scraper.py:185} INFO -     Inserted batch 5. Reviews processed so far: 500, New inserts: 500
[2025-08-15T01:40:28.283+0000] {scraper.py:204} INFO - --- Finished scraping for AliExpress. Total reviews processed: 500, New inserts: 500 ---
[2025-08-15T01:40:28.284+0000] {scraper.py:81} INFO - Starting to scrape reviews for Alibaba (com.alibaba.intl.android.apps.poseidon) - Max Reviews: 500
[2025-08-15T01:40:28.286+0000] {scraper.py:71} INFO - RawAppReviews table checked/created successfully.
[2025-08-15T01:40:29.948+0000] {scraper.py:101} INFO -   Processing batch 1 for Alibaba...
[2025-08-15T01:40:29.971+0000] {scraper.py:185} INFO -     Inserted batch 1. Reviews processed so far: 100, New inserts: 100
[2025-08-15T01:40:29.972+0000] {scraper.py:190} INFO -   Pausing for 1 second(s)...
[2025-08-15T01:40:32.780+0000] {scraper.py:101} INFO -   Processing batch 2 for Alibaba...
[2025-08-15T01:40:32.801+0000] {scraper.py:185} INFO -     Inserted batch 2. Reviews processed so far: 200, New inserts: 200
[2025-08-15T01:40:32.802+0000] {scraper.py:190} INFO -   Pausing for 1 second(s)...
[2025-08-15T01:40:35.595+0000] {scraper.py:101} INFO -   Processing batch 3 for Alibaba...
[2025-08-15T01:40:35.611+0000] {scraper.py:185} INFO -     Inserted batch 3. Reviews processed so far: 300, New inserts: 300
[2025-08-15T01:40:35.612+0000] {scraper.py:190} INFO -   Pausing for 1 second(s)...
[2025-08-15T01:40:38.412+0000] {scraper.py:101} INFO -   Processing batch 4 for Alibaba...
[2025-08-15T01:40:38.431+0000] {scraper.py:185} INFO -     Inserted batch 4. Reviews processed so far: 400, New inserts: 400
[2025-08-15T01:40:38.433+0000] {scraper.py:190} INFO -   Pausing for 1 second(s)...
[2025-08-15T01:40:41.270+0000] {scraper.py:101} INFO -   Processing batch 5 for Alibaba...
[2025-08-15T01:40:41.294+0000] {scraper.py:185} INFO -     Inserted batch 5. Reviews processed so far: 500, New inserts: 500
[2025-08-15T01:40:41.295+0000] {scraper.py:204} INFO - --- Finished scraping for Alibaba. Total reviews processed: 500, New inserts: 500 ---
[2025-08-15T01:40:41.297+0000] {scraper.py:81} INFO - Starting to scrape reviews for Jiji (ng.jiji.app) - Max Reviews: 500
[2025-08-15T01:40:41.298+0000] {scraper.py:71} INFO - RawAppReviews table checked/created successfully.
[2025-08-15T01:40:43.182+0000] {scraper.py:101} INFO -   Processing batch 1 for Jiji...
[2025-08-15T01:40:43.207+0000] {scraper.py:185} INFO -     Inserted batch 1. Reviews processed so far: 100, New inserts: 100
[2025-08-15T01:40:43.209+0000] {scraper.py:190} INFO -   Pausing for 1 second(s)...
[2025-08-15T01:40:46.100+0000] {scraper.py:101} INFO -   Processing batch 2 for Jiji...
[2025-08-15T01:40:46.246+0000] {scraper.py:185} INFO -     Inserted batch 2. Reviews processed so far: 200, New inserts: 200
[2025-08-15T01:40:46.248+0000] {scraper.py:190} INFO -   Pausing for 1 second(s)...
[2025-08-15T01:40:49.064+0000] {scraper.py:101} INFO -   Processing batch 3 for Jiji...
[2025-08-15T01:40:49.086+0000] {scraper.py:185} INFO -     Inserted batch 3. Reviews processed so far: 300, New inserts: 300
[2025-08-15T01:40:49.087+0000] {scraper.py:190} INFO -   Pausing for 1 second(s)...
[2025-08-15T01:40:51.926+0000] {scraper.py:101} INFO -   Processing batch 4 for Jiji...
[2025-08-15T01:40:51.944+0000] {scraper.py:185} INFO -     Inserted batch 4. Reviews processed so far: 400, New inserts: 400
[2025-08-15T01:40:51.945+0000] {scraper.py:190} INFO -   Pausing for 1 second(s)...
[2025-08-15T01:40:54.921+0000] {scraper.py:101} INFO -   Processing batch 5 for Jiji...
[2025-08-15T01:40:54.972+0000] {scraper.py:185} INFO -     Inserted batch 5. Reviews processed so far: 500, New inserts: 500
[2025-08-15T01:40:54.978+0000] {scraper.py:204} INFO - --- Finished scraping for Jiji. Total reviews processed: 500, New inserts: 500 ---
[2025-08-15T01:40:54.982+0000] {scraper.py:234} INFO - === Scraper Run Completed Successfully! Duration: 0:00:40.496844, Total New Reviews Inserted: 1500 ===
[2025-08-15T01:40:54.984+0000] {scraper.py:244} INFO - Database connection closed.
[2025-08-15T01:40:54.985+0000] {my_pipeline.py:67} INFO - Scraper task completed successfully.
[2025-08-15T01:40:54.987+0000] {python.py:237} INFO - Done. Returned value was: None
[2025-08-15T01:40:54.994+0000] {taskinstance.py:441} INFO - ::group::Post task execution logs
[2025-08-15T01:40:55.033+0000] {taskinstance.py:1206} INFO - Marking task as SUCCESS. dag_id=playstore_review_etl_pipeline, task_id=extract_raw_reviews, run_id=scheduled__2025-08-14T00:00:00+00:00, execution_date=20250814T000000, start_date=20250815T014013, end_date=20250815T014055
[2025-08-15T01:40:55.110+0000] {local_task_job_runner.py:240} INFO - Task exited with return code 0
[2025-08-15T01:40:55.193+0000] {taskinstance.py:3498} INFO - 1 downstream tasks scheduled from follow-on schedule check
[2025-08-15T01:40:55.197+0000] {local_task_job_runner.py:222} INFO - ::endgroup::
