[2025-08-14T01:33:51.309+0000] {local_task_job_runner.py:120} INFO - ::group::Pre task execution logs
[2025-08-14T01:33:51.414+0000] {taskinstance.py:2076} INFO - Dependencies all met for dep_context=non-requeueable deps ti=<TaskInstance: playstore_review_etl_pipeline.extract_raw_reviews scheduled__2025-08-13T00:00:00+00:00 [queued]>
[2025-08-14T01:33:51.463+0000] {taskinstance.py:2076} INFO - Dependencies all met for dep_context=requeueable deps ti=<TaskInstance: playstore_review_etl_pipeline.extract_raw_reviews scheduled__2025-08-13T00:00:00+00:00 [queued]>
[2025-08-14T01:33:51.469+0000] {taskinstance.py:2306} INFO - Starting attempt 1 of 3
[2025-08-14T01:33:51.551+0000] {taskinstance.py:2330} INFO - Executing <Task(PythonOperator): extract_raw_reviews> on 2025-08-13 00:00:00+00:00
[2025-08-14T01:33:51.619+0000] {standard_task_runner.py:90} INFO - Running: ['***', 'tasks', 'run', 'playstore_review_etl_pipeline', 'extract_raw_reviews', 'scheduled__2025-08-13T00:00:00+00:00', '--job-id', '103', '--raw', '--subdir', 'DAGS_FOLDER/my_pipeline.py', '--cfg-path', '/tmp/tmpf182vco4']
[2025-08-14T01:33:51.643+0000] {standard_task_runner.py:91} INFO - Job 103: Subtask extract_raw_reviews
[2025-08-14T01:33:51.648+0000] {logging_mixin.py:188} WARNING - /home/***/.local/lib/python3.12/site-packages/***/task/task_runner/standard_task_runner.py:61 DeprecationWarning: This process (pid=170) is multi-threaded, use of fork() may lead to deadlocks in the child.
[2025-08-14T01:33:51.654+0000] {standard_task_runner.py:63} INFO - Started process 175 to run task
[2025-08-14T01:33:51.917+0000] {task_command.py:426} INFO - Running <TaskInstance: playstore_review_etl_pipeline.extract_raw_reviews scheduled__2025-08-13T00:00:00+00:00 [running]> on host 143d81e2049f
[2025-08-14T01:33:52.349+0000] {taskinstance.py:2648} INFO - Exporting env vars: AIRFLOW_CTX_DAG_EMAIL='your_email@domain.com' AIRFLOW_CTX_DAG_OWNER='data_engineering_team' AIRFLOW_CTX_DAG_ID='playstore_review_etl_pipeline' AIRFLOW_CTX_TASK_ID='extract_raw_reviews' AIRFLOW_CTX_EXECUTION_DATE='2025-08-13T00:00:00+00:00' AIRFLOW_CTX_TRY_NUMBER='1' AIRFLOW_CTX_DAG_RUN_ID='scheduled__2025-08-13T00:00:00+00:00'
[2025-08-14T01:33:52.354+0000] {taskinstance.py:430} INFO - ::endgroup::
[2025-08-14T01:33:52.527+0000] {my_pipeline.py:41} INFO - Starting Scraper Task...
[2025-08-14T01:33:52.528+0000] {my_pipeline.py:46} INFO - Calling scraper.main()...
[2025-08-14T01:33:52.530+0000] {scraper.py:172} INFO - === Google Play Store Review Scraper (SQLite) Started ===
[2025-08-14T01:33:52.540+0000] {scraper.py:31} INFO - Connected to SQLite database at /app/database/reviews.db
[2025-08-14T01:33:52.542+0000] {scraper.py:71} INFO - Starting to scrape reviews for AliExpress (com.alibaba.aliexpresshd)...
[2025-08-14T01:33:52.545+0000] {scraper.py:63} INFO - RawAppReviews table checked/created successfully.
[2025-08-14T01:33:53.870+0000] {scraper.py:89} INFO -   Processing batch 1 for AliExpress...
[2025-08-14T01:33:53.908+0000] {scraper.py:136} INFO -     Batch 1 committed. Reviews processed: 100, New inserts: 0, Total inserted: 0
[2025-08-14T01:33:53.909+0000] {scraper.py:147} INFO -   Pausing for 1 second(s) before next batch...
[2025-08-14T01:33:56.199+0000] {scraper.py:89} INFO -   Processing batch 2 for AliExpress...
[2025-08-14T01:33:56.219+0000] {scraper.py:136} INFO -     Batch 2 committed. Reviews processed: 100, New inserts: 0, Total inserted: 0
[2025-08-14T01:33:56.220+0000] {scraper.py:147} INFO -   Pausing for 1 second(s) before next batch...
[2025-08-14T01:33:58.489+0000] {scraper.py:89} INFO -   Processing batch 3 for AliExpress...
[2025-08-14T01:33:58.517+0000] {scraper.py:136} INFO -     Batch 3 committed. Reviews processed: 100, New inserts: 0, Total inserted: 0
[2025-08-14T01:33:58.519+0000] {scraper.py:147} INFO -   Pausing for 1 second(s) before next batch...
[2025-08-14T01:34:02.006+0000] {scraper.py:89} INFO -   Processing batch 4 for AliExpress...
[2025-08-14T01:34:02.031+0000] {scraper.py:136} INFO -     Batch 4 committed. Reviews processed: 100, New inserts: 0, Total inserted: 0
[2025-08-14T01:34:02.032+0000] {scraper.py:147} INFO -   Pausing for 1 second(s) before next batch...
[2025-08-14T01:34:04.269+0000] {scraper.py:89} INFO -   Processing batch 5 for AliExpress...
[2025-08-14T01:34:04.316+0000] {scraper.py:136} INFO -     Batch 5 committed. Reviews processed: 100, New inserts: 0, Total inserted: 0
[2025-08-14T01:34:04.318+0000] {scraper.py:162} INFO - --- Finished scraping for AliExpress. Total processed: 500, Total new inserts: 0 ---
[2025-08-14T01:34:04.320+0000] {scraper.py:71} INFO - Starting to scrape reviews for Alibaba (com.alibaba.intl.android.apps.poseidon)...
[2025-08-14T01:34:04.322+0000] {scraper.py:63} INFO - RawAppReviews table checked/created successfully.
[2025-08-14T01:34:05.623+0000] {scraper.py:89} INFO -   Processing batch 1 for Alibaba...
[2025-08-14T01:34:05.658+0000] {scraper.py:136} INFO -     Batch 1 committed. Reviews processed: 100, New inserts: 0, Total inserted: 0
[2025-08-14T01:34:05.659+0000] {scraper.py:147} INFO -   Pausing for 1 second(s) before next batch...
[2025-08-14T01:34:08.080+0000] {scraper.py:89} INFO -   Processing batch 2 for Alibaba...
[2025-08-14T01:34:08.132+0000] {scraper.py:136} INFO -     Batch 2 committed. Reviews processed: 100, New inserts: 0, Total inserted: 0
[2025-08-14T01:34:08.134+0000] {scraper.py:147} INFO -   Pausing for 1 second(s) before next batch...
[2025-08-14T01:34:10.412+0000] {scraper.py:89} INFO -   Processing batch 3 for Alibaba...
[2025-08-14T01:34:10.436+0000] {scraper.py:136} INFO -     Batch 3 committed. Reviews processed: 100, New inserts: 0, Total inserted: 0
[2025-08-14T01:34:10.438+0000] {scraper.py:147} INFO -   Pausing for 1 second(s) before next batch...
[2025-08-14T01:34:12.811+0000] {scraper.py:89} INFO -   Processing batch 4 for Alibaba...
[2025-08-14T01:34:13.382+0000] {scraper.py:136} INFO -     Batch 4 committed. Reviews processed: 100, New inserts: 0, Total inserted: 0
[2025-08-14T01:34:13.383+0000] {scraper.py:147} INFO -   Pausing for 1 second(s) before next batch...
[2025-08-14T01:34:15.770+0000] {scraper.py:89} INFO -   Processing batch 5 for Alibaba...
[2025-08-14T01:34:15.807+0000] {scraper.py:136} INFO -     Batch 5 committed. Reviews processed: 100, New inserts: 0, Total inserted: 0
[2025-08-14T01:34:15.808+0000] {scraper.py:162} INFO - --- Finished scraping for Alibaba. Total processed: 500, Total new inserts: 0 ---
[2025-08-14T01:34:15.809+0000] {scraper.py:71} INFO - Starting to scrape reviews for Jiji (ng.jiji.app)...
[2025-08-14T01:34:15.813+0000] {scraper.py:63} INFO - RawAppReviews table checked/created successfully.
[2025-08-14T01:34:17.012+0000] {scraper.py:89} INFO -   Processing batch 1 for Jiji...
[2025-08-14T01:34:17.030+0000] {scraper.py:136} INFO -     Batch 1 committed. Reviews processed: 100, New inserts: 0, Total inserted: 0
[2025-08-14T01:34:17.031+0000] {scraper.py:147} INFO -   Pausing for 1 second(s) before next batch...
[2025-08-14T01:34:19.212+0000] {scraper.py:89} INFO -   Processing batch 2 for Jiji...
[2025-08-14T01:34:19.230+0000] {scraper.py:136} INFO -     Batch 2 committed. Reviews processed: 100, New inserts: 0, Total inserted: 0
[2025-08-14T01:34:19.231+0000] {scraper.py:147} INFO -   Pausing for 1 second(s) before next batch...
[2025-08-14T01:34:21.665+0000] {scraper.py:89} INFO -   Processing batch 3 for Jiji...
[2025-08-14T01:34:21.681+0000] {scraper.py:136} INFO -     Batch 3 committed. Reviews processed: 100, New inserts: 0, Total inserted: 0
[2025-08-14T01:34:21.683+0000] {scraper.py:147} INFO -   Pausing for 1 second(s) before next batch...
[2025-08-14T01:34:23.866+0000] {scraper.py:89} INFO -   Processing batch 4 for Jiji...
[2025-08-14T01:34:23.888+0000] {scraper.py:136} INFO -     Batch 4 committed. Reviews processed: 100, New inserts: 0, Total inserted: 0
[2025-08-14T01:34:23.889+0000] {scraper.py:147} INFO -   Pausing for 1 second(s) before next batch...
[2025-08-14T01:34:26.187+0000] {scraper.py:89} INFO -   Processing batch 5 for Jiji...
[2025-08-14T01:34:26.211+0000] {scraper.py:136} INFO -     Batch 5 committed. Reviews processed: 100, New inserts: 0, Total inserted: 0
[2025-08-14T01:34:26.213+0000] {scraper.py:162} INFO - --- Finished scraping for Jiji. Total processed: 500, Total new inserts: 0 ---
[2025-08-14T01:34:26.216+0000] {scraper.py:192} INFO - === Scraper Run Completed Successfully! Duration: 0:00:33.679395, Total New Reviews Inserted: 0 ===
[2025-08-14T01:34:26.220+0000] {scraper.py:204} INFO - Database connection closed.
[2025-08-14T01:34:26.222+0000] {my_pipeline.py:48} INFO - Scraper task completed successfully.
[2025-08-14T01:34:26.225+0000] {python.py:237} INFO - Done. Returned value was: None
[2025-08-14T01:34:26.228+0000] {taskinstance.py:441} INFO - ::group::Post task execution logs
[2025-08-14T01:34:26.265+0000] {taskinstance.py:1206} INFO - Marking task as SUCCESS. dag_id=playstore_review_etl_pipeline, task_id=extract_raw_reviews, run_id=scheduled__2025-08-13T00:00:00+00:00, execution_date=20250813T000000, start_date=20250814T013351, end_date=20250814T013426
[2025-08-14T01:34:26.360+0000] {local_task_job_runner.py:240} INFO - Task exited with return code 0
[2025-08-14T01:34:26.391+0000] {taskinstance.py:3498} INFO - 1 downstream tasks scheduled from follow-on schedule check
[2025-08-14T01:34:26.394+0000] {local_task_job_runner.py:222} INFO - ::endgroup::
