[2025-08-15T03:36:33.497+0000] {local_task_job_runner.py:120} INFO - ::group::Pre task execution logs
[2025-08-15T03:36:33.569+0000] {taskinstance.py:2076} INFO - Dependencies all met for dep_context=non-requeueable deps ti=<TaskInstance: playstore_review_etl_pipeline.transform_clean_reviews manual__2025-08-15T03:35:44.816629+00:00 [queued]>
[2025-08-15T03:36:33.587+0000] {taskinstance.py:2076} INFO - Dependencies all met for dep_context=requeueable deps ti=<TaskInstance: playstore_review_etl_pipeline.transform_clean_reviews manual__2025-08-15T03:35:44.816629+00:00 [queued]>
[2025-08-15T03:36:33.588+0000] {taskinstance.py:2306} INFO - Starting attempt 1 of 3
[2025-08-15T03:36:33.610+0000] {taskinstance.py:2330} INFO - Executing <Task(PythonOperator): transform_clean_reviews> on 2025-08-15 03:35:44.816629+00:00
[2025-08-15T03:36:33.625+0000] {standard_task_runner.py:90} INFO - Running: ['***', 'tasks', 'run', 'playstore_review_etl_pipeline', 'transform_clean_reviews', 'manual__2025-08-15T03:35:44.816629+00:00', '--job-id', '138', '--raw', '--subdir', 'DAGS_FOLDER/my_pipeline.py', '--cfg-path', '/tmp/tmp3mffk_fs']
[2025-08-15T03:36:33.630+0000] {standard_task_runner.py:91} INFO - Job 138: Subtask transform_clean_reviews
[2025-08-15T03:36:33.630+0000] {logging_mixin.py:188} WARNING - /home/***/.local/lib/python3.12/site-packages/***/task/task_runner/standard_task_runner.py:61 DeprecationWarning: This process (pid=197) is multi-threaded, use of fork() may lead to deadlocks in the child.
[2025-08-15T03:36:33.632+0000] {standard_task_runner.py:63} INFO - Started process 199 to run task
[2025-08-15T03:36:33.719+0000] {task_command.py:426} INFO - Running <TaskInstance: playstore_review_etl_pipeline.transform_clean_reviews manual__2025-08-15T03:35:44.816629+00:00 [running]> on host c54b9ccce26a
[2025-08-15T03:36:33.937+0000] {taskinstance.py:2648} INFO - Exporting env vars: AIRFLOW_CTX_DAG_EMAIL='your_email@domain.com' AIRFLOW_CTX_DAG_OWNER='data_engineering_team' AIRFLOW_CTX_DAG_ID='playstore_review_etl_pipeline' AIRFLOW_CTX_TASK_ID='transform_clean_reviews' AIRFLOW_CTX_EXECUTION_DATE='2025-08-15T03:35:44.816629+00:00' AIRFLOW_CTX_TRY_NUMBER='1' AIRFLOW_CTX_DAG_RUN_ID='manual__2025-08-15T03:35:44.816629+00:00'
[2025-08-15T03:36:33.941+0000] {taskinstance.py:430} INFO - ::endgroup::
[2025-08-15T03:36:33.971+0000] {my_pipeline.py:78} INFO - Starting Processor Task...
[2025-08-15T03:36:33.972+0000] {my_pipeline.py:83} INFO - Calling processor.process_reviews()...
[2025-08-15T03:36:33.975+0000] {processor.py:209} INFO - === Data Processing (NLP Cleaning & VADER Sentiment) Started ===
[2025-08-15T03:36:33.977+0000] {processor.py:70} INFO - Connected to SQLite database at /app/database/reviews.db
[2025-08-15T03:36:33.978+0000] {processor.py:99} INFO - ProcessedAppReviews table checked/created successfully.
[2025-08-15T03:36:33.979+0000] {processor.py:224} INFO - Loading raw reviews from RawAppReviews table...
[2025-08-15T03:36:34.013+0000] {processor.py:227} INFO - Loaded 1999 raw reviews for processing.
[2025-08-15T03:36:34.025+0000] {processor.py:237} INFO - Converted ReviewDate column to datetime.
[2025-08-15T03:36:34.026+0000] {processor.py:240} INFO - Applying text cleaning and preprocessing...
[2025-08-15T03:36:40.700+0000] {logging_mixin.py:188} WARNING - /opt/***/processor_code/processor.py:118 MarkupResemblesLocatorWarning: The input looks more like a filename than markup. You may want to open this file and pass the filehandle into Beautiful Soup.
[2025-08-15T03:36:41.809+0000] {processor.py:242} INFO - Text cleaning and preprocessing completed.
[2025-08-15T03:36:41.810+0000] {processor.py:245} INFO - Calculating review word counts...
[2025-08-15T03:36:41.819+0000] {processor.py:247} INFO - Review word counts calculated.
[2025-08-15T03:36:41.822+0000] {processor.py:250} INFO - Applying VADER sentiment analysis...
[2025-08-15T03:37:22.031+0000] {processor.py:253} INFO - VADER sentiment analysis completed.
[2025-08-15T03:37:22.032+0000] {processor.py:256} INFO - Deriving YearMonth...
[2025-08-15T03:37:22.033+0000] {processor.py:262} INFO - YearMonth derived.
[2025-08-15T03:37:22.033+0000] {processor.py:265} INFO - Preparing data for insertion into ProcessedAppReviews table...
[2025-08-15T03:37:22.318+0000] {processor.py:326} INFO - Prepared 1999 records for insertion.
[2025-08-15T03:37:22.319+0000] {processor.py:329} INFO - Inserting processed data into ProcessedAppReviews table...
[2025-08-15T03:37:22.389+0000] {processor.py:342} INFO - Successfully inserted/updated 1999 records into ProcessedAppReviews.
[2025-08-15T03:37:22.390+0000] {processor.py:354} INFO - === Data Processing Completed Successfully! Duration: 0:00:48.414262 ===
[2025-08-15T03:37:22.392+0000] {processor.py:362} INFO - Database connection closed.
[2025-08-15T03:37:22.394+0000] {my_pipeline.py:85} INFO - Processor task completed successfully.
[2025-08-15T03:37:22.395+0000] {python.py:237} INFO - Done. Returned value was: None
[2025-08-15T03:37:22.396+0000] {taskinstance.py:441} INFO - ::group::Post task execution logs
[2025-08-15T03:37:22.411+0000] {taskinstance.py:1206} INFO - Marking task as SUCCESS. dag_id=playstore_review_etl_pipeline, task_id=transform_clean_reviews, run_id=manual__2025-08-15T03:35:44.816629+00:00, execution_date=20250815T033544, start_date=20250815T033633, end_date=20250815T033722
[2025-08-15T03:37:22.469+0000] {local_task_job_runner.py:240} INFO - Task exited with return code 0
[2025-08-15T03:37:22.502+0000] {taskinstance.py:3498} INFO - 1 downstream tasks scheduled from follow-on schedule check
[2025-08-15T03:37:22.507+0000] {local_task_job_runner.py:222} INFO - ::endgroup::
