[2025-08-13T01:27:51.009+0000] {processor.py:161} INFO - Started process (PID=166) to work on /opt/airflow/dags/playstore_pipeline_dag.py
[2025-08-13T01:27:51.015+0000] {processor.py:830} INFO - Processing file /opt/airflow/dags/playstore_pipeline_dag.py for tasks to queue
[2025-08-13T01:27:51.030+0000] {logging_mixin.py:188} INFO - [2025-08-13T01:27:51.027+0000] {dagbag.py:545} INFO - Filling up the DagBag from /opt/airflow/dags/playstore_pipeline_dag.py
[2025-08-13T01:27:51.148+0000] {logging_mixin.py:188} INFO - [2025-08-13T01:27:51.147+0000] {playstore_pipeline_dag.py:32} ERROR - Failed to import module 'scraper'. Check if the file exists at '/opt/airflow/scraper_code' and is correctly named. Error: No module named 'google_play_scraper'
[2025-08-13T01:27:51.187+0000] {logging_mixin.py:188} INFO - [2025-08-13T01:27:51.149+0000] {dagbag.py:355} ERROR - Failed to import: /opt/airflow/dags/playstore_pipeline_dag.py
Traceback (most recent call last):
  File "/home/airflow/.local/lib/python3.12/site-packages/airflow/models/dagbag.py", line 351, in parse
    loader.exec_module(new_module)
  File "<frozen importlib._bootstrap_external>", line 995, in exec_module
  File "<frozen importlib._bootstrap>", line 488, in _call_with_frames_removed
  File "/opt/airflow/dags/playstore_pipeline_dag.py", line 35, in <module>
    scraper_module = import_module_safe('scraper', SCRAPER_CODE_PATH)
                     ^^^^^^^^^^^^^^^^^^^^^^^^^^^^^^^^^^^^^^^^^^^^^^^^
  File "/opt/airflow/dags/playstore_pipeline_dag.py", line 28, in import_module_safe
    module = __import__(module_name)
             ^^^^^^^^^^^^^^^^^^^^^^^
  File "/opt/airflow/scraper_code/scraper.py", line 4, in <module>
    from google_play_scraper import reviews, Sort
ModuleNotFoundError: No module named 'google_play_scraper'
[2025-08-13T01:27:51.202+0000] {processor.py:842} WARNING - No viable dags retrieved from /opt/airflow/dags/playstore_pipeline_dag.py
[2025-08-13T01:27:51.297+0000] {processor.py:183} INFO - Processing /opt/airflow/dags/playstore_pipeline_dag.py took 0.325 seconds
[2025-08-13T01:28:21.523+0000] {processor.py:161} INFO - Started process (PID=171) to work on /opt/airflow/dags/playstore_pipeline_dag.py
[2025-08-13T01:28:21.526+0000] {processor.py:830} INFO - Processing file /opt/airflow/dags/playstore_pipeline_dag.py for tasks to queue
[2025-08-13T01:28:21.532+0000] {logging_mixin.py:188} INFO - [2025-08-13T01:28:21.531+0000] {dagbag.py:545} INFO - Filling up the DagBag from /opt/airflow/dags/playstore_pipeline_dag.py
[2025-08-13T01:28:21.603+0000] {logging_mixin.py:188} INFO - [2025-08-13T01:28:21.602+0000] {playstore_pipeline_dag.py:32} ERROR - Failed to import module 'scraper'. Check if the file exists at '/opt/airflow/scraper_code' and is correctly named. Error: No module named 'google_play_scraper'
[2025-08-13T01:28:21.624+0000] {logging_mixin.py:188} INFO - [2025-08-13T01:28:21.605+0000] {dagbag.py:355} ERROR - Failed to import: /opt/airflow/dags/playstore_pipeline_dag.py
Traceback (most recent call last):
  File "/home/airflow/.local/lib/python3.12/site-packages/airflow/models/dagbag.py", line 351, in parse
    loader.exec_module(new_module)
  File "<frozen importlib._bootstrap_external>", line 995, in exec_module
  File "<frozen importlib._bootstrap>", line 488, in _call_with_frames_removed
  File "/opt/airflow/dags/playstore_pipeline_dag.py", line 35, in <module>
    scraper_module = import_module_safe('scraper', SCRAPER_CODE_PATH)
                     ^^^^^^^^^^^^^^^^^^^^^^^^^^^^^^^^^^^^^^^^^^^^^^^^
  File "/opt/airflow/dags/playstore_pipeline_dag.py", line 28, in import_module_safe
    module = __import__(module_name)
             ^^^^^^^^^^^^^^^^^^^^^^^
  File "/opt/airflow/scraper_code/scraper.py", line 4, in <module>
    from google_play_scraper import reviews, Sort
ModuleNotFoundError: No module named 'google_play_scraper'
[2025-08-13T01:28:21.630+0000] {processor.py:842} WARNING - No viable dags retrieved from /opt/airflow/dags/playstore_pipeline_dag.py
[2025-08-13T01:28:21.675+0000] {processor.py:183} INFO - Processing /opt/airflow/dags/playstore_pipeline_dag.py took 0.168 seconds
[2025-08-13T01:28:52.041+0000] {processor.py:161} INFO - Started process (PID=176) to work on /opt/airflow/dags/playstore_pipeline_dag.py
[2025-08-13T01:28:52.043+0000] {processor.py:830} INFO - Processing file /opt/airflow/dags/playstore_pipeline_dag.py for tasks to queue
[2025-08-13T01:28:52.049+0000] {logging_mixin.py:188} INFO - [2025-08-13T01:28:52.048+0000] {dagbag.py:545} INFO - Filling up the DagBag from /opt/airflow/dags/playstore_pipeline_dag.py
[2025-08-13T01:28:52.129+0000] {logging_mixin.py:188} INFO - [2025-08-13T01:28:52.128+0000] {playstore_pipeline_dag.py:32} ERROR - Failed to import module 'scraper'. Check if the file exists at '/opt/airflow/scraper_code' and is correctly named. Error: No module named 'google_play_scraper'
[2025-08-13T01:28:52.155+0000] {logging_mixin.py:188} INFO - [2025-08-13T01:28:52.130+0000] {dagbag.py:355} ERROR - Failed to import: /opt/airflow/dags/playstore_pipeline_dag.py
Traceback (most recent call last):
  File "/home/airflow/.local/lib/python3.12/site-packages/airflow/models/dagbag.py", line 351, in parse
    loader.exec_module(new_module)
  File "<frozen importlib._bootstrap_external>", line 995, in exec_module
  File "<frozen importlib._bootstrap>", line 488, in _call_with_frames_removed
  File "/opt/airflow/dags/playstore_pipeline_dag.py", line 35, in <module>
    scraper_module = import_module_safe('scraper', SCRAPER_CODE_PATH)
                     ^^^^^^^^^^^^^^^^^^^^^^^^^^^^^^^^^^^^^^^^^^^^^^^^
  File "/opt/airflow/dags/playstore_pipeline_dag.py", line 28, in import_module_safe
    module = __import__(module_name)
             ^^^^^^^^^^^^^^^^^^^^^^^
  File "/opt/airflow/scraper_code/scraper.py", line 4, in <module>
    from google_play_scraper import reviews, Sort
ModuleNotFoundError: No module named 'google_play_scraper'
[2025-08-13T01:28:52.161+0000] {processor.py:842} WARNING - No viable dags retrieved from /opt/airflow/dags/playstore_pipeline_dag.py
[2025-08-13T01:28:52.216+0000] {processor.py:183} INFO - Processing /opt/airflow/dags/playstore_pipeline_dag.py took 0.194 seconds
[2025-08-13T01:29:22.428+0000] {processor.py:161} INFO - Started process (PID=181) to work on /opt/airflow/dags/playstore_pipeline_dag.py
[2025-08-13T01:29:22.431+0000] {processor.py:830} INFO - Processing file /opt/airflow/dags/playstore_pipeline_dag.py for tasks to queue
[2025-08-13T01:29:22.438+0000] {logging_mixin.py:188} INFO - [2025-08-13T01:29:22.437+0000] {dagbag.py:545} INFO - Filling up the DagBag from /opt/airflow/dags/playstore_pipeline_dag.py
[2025-08-13T01:29:22.514+0000] {logging_mixin.py:188} INFO - [2025-08-13T01:29:22.514+0000] {playstore_pipeline_dag.py:32} ERROR - Failed to import module 'scraper'. Check if the file exists at '/opt/airflow/scraper_code' and is correctly named. Error: No module named 'google_play_scraper'
[2025-08-13T01:29:22.536+0000] {logging_mixin.py:188} INFO - [2025-08-13T01:29:22.515+0000] {dagbag.py:355} ERROR - Failed to import: /opt/airflow/dags/playstore_pipeline_dag.py
Traceback (most recent call last):
  File "/home/airflow/.local/lib/python3.12/site-packages/airflow/models/dagbag.py", line 351, in parse
    loader.exec_module(new_module)
  File "<frozen importlib._bootstrap_external>", line 995, in exec_module
  File "<frozen importlib._bootstrap>", line 488, in _call_with_frames_removed
  File "/opt/airflow/dags/playstore_pipeline_dag.py", line 35, in <module>
    scraper_module = import_module_safe('scraper', SCRAPER_CODE_PATH)
                     ^^^^^^^^^^^^^^^^^^^^^^^^^^^^^^^^^^^^^^^^^^^^^^^^
  File "/opt/airflow/dags/playstore_pipeline_dag.py", line 28, in import_module_safe
    module = __import__(module_name)
             ^^^^^^^^^^^^^^^^^^^^^^^
  File "/opt/airflow/scraper_code/scraper.py", line 4, in <module>
    from google_play_scraper import reviews, Sort
ModuleNotFoundError: No module named 'google_play_scraper'
[2025-08-13T01:29:22.542+0000] {processor.py:842} WARNING - No viable dags retrieved from /opt/airflow/dags/playstore_pipeline_dag.py
[2025-08-13T01:29:22.584+0000] {processor.py:183} INFO - Processing /opt/airflow/dags/playstore_pipeline_dag.py took 0.174 seconds
[2025-08-13T01:29:53.001+0000] {processor.py:161} INFO - Started process (PID=186) to work on /opt/airflow/dags/playstore_pipeline_dag.py
[2025-08-13T01:29:53.003+0000] {processor.py:830} INFO - Processing file /opt/airflow/dags/playstore_pipeline_dag.py for tasks to queue
[2025-08-13T01:29:53.009+0000] {logging_mixin.py:188} INFO - [2025-08-13T01:29:53.008+0000] {dagbag.py:545} INFO - Filling up the DagBag from /opt/airflow/dags/playstore_pipeline_dag.py
[2025-08-13T01:29:53.087+0000] {logging_mixin.py:188} INFO - [2025-08-13T01:29:53.087+0000] {playstore_pipeline_dag.py:32} ERROR - Failed to import module 'scraper'. Check if the file exists at '/opt/airflow/scraper_code' and is correctly named. Error: No module named 'google_play_scraper'
[2025-08-13T01:29:53.109+0000] {logging_mixin.py:188} INFO - [2025-08-13T01:29:53.088+0000] {dagbag.py:355} ERROR - Failed to import: /opt/airflow/dags/playstore_pipeline_dag.py
Traceback (most recent call last):
  File "/home/airflow/.local/lib/python3.12/site-packages/airflow/models/dagbag.py", line 351, in parse
    loader.exec_module(new_module)
  File "<frozen importlib._bootstrap_external>", line 995, in exec_module
  File "<frozen importlib._bootstrap>", line 488, in _call_with_frames_removed
  File "/opt/airflow/dags/playstore_pipeline_dag.py", line 35, in <module>
    scraper_module = import_module_safe('scraper', SCRAPER_CODE_PATH)
                     ^^^^^^^^^^^^^^^^^^^^^^^^^^^^^^^^^^^^^^^^^^^^^^^^
  File "/opt/airflow/dags/playstore_pipeline_dag.py", line 28, in import_module_safe
    module = __import__(module_name)
             ^^^^^^^^^^^^^^^^^^^^^^^
  File "/opt/airflow/scraper_code/scraper.py", line 4, in <module>
    from google_play_scraper import reviews, Sort
ModuleNotFoundError: No module named 'google_play_scraper'
[2025-08-13T01:29:53.115+0000] {processor.py:842} WARNING - No viable dags retrieved from /opt/airflow/dags/playstore_pipeline_dag.py
[2025-08-13T01:29:53.159+0000] {processor.py:183} INFO - Processing /opt/airflow/dags/playstore_pipeline_dag.py took 0.175 seconds
[2025-08-13T01:30:23.363+0000] {processor.py:161} INFO - Started process (PID=191) to work on /opt/airflow/dags/playstore_pipeline_dag.py
[2025-08-13T01:30:23.365+0000] {processor.py:830} INFO - Processing file /opt/airflow/dags/playstore_pipeline_dag.py for tasks to queue
[2025-08-13T01:30:23.369+0000] {logging_mixin.py:188} INFO - [2025-08-13T01:30:23.369+0000] {dagbag.py:545} INFO - Filling up the DagBag from /opt/airflow/dags/playstore_pipeline_dag.py
[2025-08-13T01:30:23.440+0000] {logging_mixin.py:188} INFO - [2025-08-13T01:30:23.439+0000] {playstore_pipeline_dag.py:32} ERROR - Failed to import module 'scraper'. Check if the file exists at '/opt/airflow/scraper_code' and is correctly named. Error: No module named 'google_play_scraper'
[2025-08-13T01:30:23.461+0000] {logging_mixin.py:188} INFO - [2025-08-13T01:30:23.441+0000] {dagbag.py:355} ERROR - Failed to import: /opt/airflow/dags/playstore_pipeline_dag.py
Traceback (most recent call last):
  File "/home/airflow/.local/lib/python3.12/site-packages/airflow/models/dagbag.py", line 351, in parse
    loader.exec_module(new_module)
  File "<frozen importlib._bootstrap_external>", line 995, in exec_module
  File "<frozen importlib._bootstrap>", line 488, in _call_with_frames_removed
  File "/opt/airflow/dags/playstore_pipeline_dag.py", line 35, in <module>
    scraper_module = import_module_safe('scraper', SCRAPER_CODE_PATH)
                     ^^^^^^^^^^^^^^^^^^^^^^^^^^^^^^^^^^^^^^^^^^^^^^^^
  File "/opt/airflow/dags/playstore_pipeline_dag.py", line 28, in import_module_safe
    module = __import__(module_name)
             ^^^^^^^^^^^^^^^^^^^^^^^
  File "/opt/airflow/scraper_code/scraper.py", line 4, in <module>
    from google_play_scraper import reviews, Sort
ModuleNotFoundError: No module named 'google_play_scraper'
[2025-08-13T01:30:23.466+0000] {processor.py:842} WARNING - No viable dags retrieved from /opt/airflow/dags/playstore_pipeline_dag.py
[2025-08-13T01:30:23.511+0000] {processor.py:183} INFO - Processing /opt/airflow/dags/playstore_pipeline_dag.py took 0.162 seconds
[2025-08-13T01:30:53.902+0000] {processor.py:161} INFO - Started process (PID=196) to work on /opt/airflow/dags/playstore_pipeline_dag.py
[2025-08-13T01:30:53.904+0000] {processor.py:830} INFO - Processing file /opt/airflow/dags/playstore_pipeline_dag.py for tasks to queue
[2025-08-13T01:30:53.910+0000] {logging_mixin.py:188} INFO - [2025-08-13T01:30:53.909+0000] {dagbag.py:545} INFO - Filling up the DagBag from /opt/airflow/dags/playstore_pipeline_dag.py
[2025-08-13T01:30:53.983+0000] {logging_mixin.py:188} INFO - [2025-08-13T01:30:53.983+0000] {playstore_pipeline_dag.py:32} ERROR - Failed to import module 'scraper'. Check if the file exists at '/opt/airflow/scraper_code' and is correctly named. Error: No module named 'google_play_scraper'
[2025-08-13T01:30:54.006+0000] {logging_mixin.py:188} INFO - [2025-08-13T01:30:53.984+0000] {dagbag.py:355} ERROR - Failed to import: /opt/airflow/dags/playstore_pipeline_dag.py
Traceback (most recent call last):
  File "/home/airflow/.local/lib/python3.12/site-packages/airflow/models/dagbag.py", line 351, in parse
    loader.exec_module(new_module)
  File "<frozen importlib._bootstrap_external>", line 995, in exec_module
  File "<frozen importlib._bootstrap>", line 488, in _call_with_frames_removed
  File "/opt/airflow/dags/playstore_pipeline_dag.py", line 35, in <module>
    scraper_module = import_module_safe('scraper', SCRAPER_CODE_PATH)
                     ^^^^^^^^^^^^^^^^^^^^^^^^^^^^^^^^^^^^^^^^^^^^^^^^
  File "/opt/airflow/dags/playstore_pipeline_dag.py", line 28, in import_module_safe
    module = __import__(module_name)
             ^^^^^^^^^^^^^^^^^^^^^^^
  File "/opt/airflow/scraper_code/scraper.py", line 4, in <module>
    from google_play_scraper import reviews, Sort
ModuleNotFoundError: No module named 'google_play_scraper'
[2025-08-13T01:30:54.012+0000] {processor.py:842} WARNING - No viable dags retrieved from /opt/airflow/dags/playstore_pipeline_dag.py
[2025-08-13T01:30:54.060+0000] {processor.py:183} INFO - Processing /opt/airflow/dags/playstore_pipeline_dag.py took 0.174 seconds
[2025-08-13T01:31:24.280+0000] {processor.py:161} INFO - Started process (PID=201) to work on /opt/airflow/dags/playstore_pipeline_dag.py
[2025-08-13T01:31:24.282+0000] {processor.py:830} INFO - Processing file /opt/airflow/dags/playstore_pipeline_dag.py for tasks to queue
[2025-08-13T01:31:24.287+0000] {logging_mixin.py:188} INFO - [2025-08-13T01:31:24.286+0000] {dagbag.py:545} INFO - Filling up the DagBag from /opt/airflow/dags/playstore_pipeline_dag.py
[2025-08-13T01:31:24.373+0000] {logging_mixin.py:188} INFO - [2025-08-13T01:31:24.373+0000] {playstore_pipeline_dag.py:32} ERROR - Failed to import module 'scraper'. Check if the file exists at '/opt/airflow/scraper_code' and is correctly named. Error: No module named 'google_play_scraper'
[2025-08-13T01:31:24.393+0000] {logging_mixin.py:188} INFO - [2025-08-13T01:31:24.374+0000] {dagbag.py:355} ERROR - Failed to import: /opt/airflow/dags/playstore_pipeline_dag.py
Traceback (most recent call last):
  File "/home/airflow/.local/lib/python3.12/site-packages/airflow/models/dagbag.py", line 351, in parse
    loader.exec_module(new_module)
  File "<frozen importlib._bootstrap_external>", line 995, in exec_module
  File "<frozen importlib._bootstrap>", line 488, in _call_with_frames_removed
  File "/opt/airflow/dags/playstore_pipeline_dag.py", line 35, in <module>
    scraper_module = import_module_safe('scraper', SCRAPER_CODE_PATH)
                     ^^^^^^^^^^^^^^^^^^^^^^^^^^^^^^^^^^^^^^^^^^^^^^^^
  File "/opt/airflow/dags/playstore_pipeline_dag.py", line 28, in import_module_safe
    module = __import__(module_name)
             ^^^^^^^^^^^^^^^^^^^^^^^
  File "/opt/airflow/scraper_code/scraper.py", line 4, in <module>
    from google_play_scraper import reviews, Sort
ModuleNotFoundError: No module named 'google_play_scraper'
[2025-08-13T01:31:24.398+0000] {processor.py:842} WARNING - No viable dags retrieved from /opt/airflow/dags/playstore_pipeline_dag.py
[2025-08-13T01:31:24.446+0000] {processor.py:183} INFO - Processing /opt/airflow/dags/playstore_pipeline_dag.py took 0.179 seconds
[2025-08-13T01:31:55.020+0000] {processor.py:161} INFO - Started process (PID=206) to work on /opt/airflow/dags/playstore_pipeline_dag.py
[2025-08-13T01:31:55.022+0000] {processor.py:830} INFO - Processing file /opt/airflow/dags/playstore_pipeline_dag.py for tasks to queue
[2025-08-13T01:31:55.029+0000] {logging_mixin.py:188} INFO - [2025-08-13T01:31:55.028+0000] {dagbag.py:545} INFO - Filling up the DagBag from /opt/airflow/dags/playstore_pipeline_dag.py
[2025-08-13T01:31:55.114+0000] {logging_mixin.py:188} INFO - [2025-08-13T01:31:55.114+0000] {playstore_pipeline_dag.py:32} ERROR - Failed to import module 'scraper'. Check if the file exists at '/opt/airflow/scraper_code' and is correctly named. Error: No module named 'google_play_scraper'
[2025-08-13T01:31:55.136+0000] {logging_mixin.py:188} INFO - [2025-08-13T01:31:55.115+0000] {dagbag.py:355} ERROR - Failed to import: /opt/airflow/dags/playstore_pipeline_dag.py
Traceback (most recent call last):
  File "/home/airflow/.local/lib/python3.12/site-packages/airflow/models/dagbag.py", line 351, in parse
    loader.exec_module(new_module)
  File "<frozen importlib._bootstrap_external>", line 995, in exec_module
  File "<frozen importlib._bootstrap>", line 488, in _call_with_frames_removed
  File "/opt/airflow/dags/playstore_pipeline_dag.py", line 35, in <module>
    scraper_module = import_module_safe('scraper', SCRAPER_CODE_PATH)
                     ^^^^^^^^^^^^^^^^^^^^^^^^^^^^^^^^^^^^^^^^^^^^^^^^
  File "/opt/airflow/dags/playstore_pipeline_dag.py", line 28, in import_module_safe
    module = __import__(module_name)
             ^^^^^^^^^^^^^^^^^^^^^^^
  File "/opt/airflow/scraper_code/scraper.py", line 4, in <module>
    from google_play_scraper import reviews, Sort
ModuleNotFoundError: No module named 'google_play_scraper'
[2025-08-13T01:31:55.142+0000] {processor.py:842} WARNING - No viable dags retrieved from /opt/airflow/dags/playstore_pipeline_dag.py
[2025-08-13T01:31:55.184+0000] {processor.py:183} INFO - Processing /opt/airflow/dags/playstore_pipeline_dag.py took 0.181 seconds
[2025-08-13T01:32:25.380+0000] {processor.py:161} INFO - Started process (PID=211) to work on /opt/airflow/dags/playstore_pipeline_dag.py
[2025-08-13T01:32:25.382+0000] {processor.py:830} INFO - Processing file /opt/airflow/dags/playstore_pipeline_dag.py for tasks to queue
[2025-08-13T01:32:25.387+0000] {logging_mixin.py:188} INFO - [2025-08-13T01:32:25.386+0000] {dagbag.py:545} INFO - Filling up the DagBag from /opt/airflow/dags/playstore_pipeline_dag.py
[2025-08-13T01:32:25.461+0000] {logging_mixin.py:188} INFO - [2025-08-13T01:32:25.460+0000] {playstore_pipeline_dag.py:32} ERROR - Failed to import module 'scraper'. Check if the file exists at '/opt/airflow/scraper_code' and is correctly named. Error: No module named 'google_play_scraper'
[2025-08-13T01:32:25.482+0000] {logging_mixin.py:188} INFO - [2025-08-13T01:32:25.462+0000] {dagbag.py:355} ERROR - Failed to import: /opt/airflow/dags/playstore_pipeline_dag.py
Traceback (most recent call last):
  File "/home/airflow/.local/lib/python3.12/site-packages/airflow/models/dagbag.py", line 351, in parse
    loader.exec_module(new_module)
  File "<frozen importlib._bootstrap_external>", line 995, in exec_module
  File "<frozen importlib._bootstrap>", line 488, in _call_with_frames_removed
  File "/opt/airflow/dags/playstore_pipeline_dag.py", line 35, in <module>
    scraper_module = import_module_safe('scraper', SCRAPER_CODE_PATH)
                     ^^^^^^^^^^^^^^^^^^^^^^^^^^^^^^^^^^^^^^^^^^^^^^^^
  File "/opt/airflow/dags/playstore_pipeline_dag.py", line 28, in import_module_safe
    module = __import__(module_name)
             ^^^^^^^^^^^^^^^^^^^^^^^
  File "/opt/airflow/scraper_code/scraper.py", line 4, in <module>
    from google_play_scraper import reviews, Sort
ModuleNotFoundError: No module named 'google_play_scraper'
[2025-08-13T01:32:25.488+0000] {processor.py:842} WARNING - No viable dags retrieved from /opt/airflow/dags/playstore_pipeline_dag.py
[2025-08-13T01:32:25.536+0000] {processor.py:183} INFO - Processing /opt/airflow/dags/playstore_pipeline_dag.py took 0.170 seconds
[2025-08-13T01:32:56.127+0000] {processor.py:161} INFO - Started process (PID=216) to work on /opt/airflow/dags/playstore_pipeline_dag.py
[2025-08-13T01:32:56.129+0000] {processor.py:830} INFO - Processing file /opt/airflow/dags/playstore_pipeline_dag.py for tasks to queue
[2025-08-13T01:32:56.135+0000] {logging_mixin.py:188} INFO - [2025-08-13T01:32:56.134+0000] {dagbag.py:545} INFO - Filling up the DagBag from /opt/airflow/dags/playstore_pipeline_dag.py
[2025-08-13T01:32:56.240+0000] {logging_mixin.py:188} INFO - [2025-08-13T01:32:56.239+0000] {playstore_pipeline_dag.py:32} ERROR - Failed to import module 'scraper'. Check if the file exists at '/opt/airflow/scraper_code' and is correctly named. Error: No module named 'google_play_scraper'
[2025-08-13T01:32:56.266+0000] {logging_mixin.py:188} INFO - [2025-08-13T01:32:56.242+0000] {dagbag.py:355} ERROR - Failed to import: /opt/airflow/dags/playstore_pipeline_dag.py
Traceback (most recent call last):
  File "/home/airflow/.local/lib/python3.12/site-packages/airflow/models/dagbag.py", line 351, in parse
    loader.exec_module(new_module)
  File "<frozen importlib._bootstrap_external>", line 995, in exec_module
  File "<frozen importlib._bootstrap>", line 488, in _call_with_frames_removed
  File "/opt/airflow/dags/playstore_pipeline_dag.py", line 35, in <module>
    scraper_module = import_module_safe('scraper', SCRAPER_CODE_PATH)
                     ^^^^^^^^^^^^^^^^^^^^^^^^^^^^^^^^^^^^^^^^^^^^^^^^
  File "/opt/airflow/dags/playstore_pipeline_dag.py", line 28, in import_module_safe
    module = __import__(module_name)
             ^^^^^^^^^^^^^^^^^^^^^^^
  File "/opt/airflow/scraper_code/scraper.py", line 4, in <module>
    from google_play_scraper import reviews, Sort
ModuleNotFoundError: No module named 'google_play_scraper'
[2025-08-13T01:32:56.273+0000] {processor.py:842} WARNING - No viable dags retrieved from /opt/airflow/dags/playstore_pipeline_dag.py
[2025-08-13T01:32:56.347+0000] {processor.py:183} INFO - Processing /opt/airflow/dags/playstore_pipeline_dag.py took 0.238 seconds
[2025-08-13T01:33:26.517+0000] {processor.py:161} INFO - Started process (PID=221) to work on /opt/airflow/dags/playstore_pipeline_dag.py
[2025-08-13T01:33:26.519+0000] {processor.py:830} INFO - Processing file /opt/airflow/dags/playstore_pipeline_dag.py for tasks to queue
[2025-08-13T01:33:26.524+0000] {logging_mixin.py:188} INFO - [2025-08-13T01:33:26.523+0000] {dagbag.py:545} INFO - Filling up the DagBag from /opt/airflow/dags/playstore_pipeline_dag.py
[2025-08-13T01:33:26.605+0000] {logging_mixin.py:188} INFO - [2025-08-13T01:33:26.604+0000] {playstore_pipeline_dag.py:32} ERROR - Failed to import module 'scraper'. Check if the file exists at '/opt/airflow/scraper_code' and is correctly named. Error: No module named 'google_play_scraper'
[2025-08-13T01:33:26.627+0000] {logging_mixin.py:188} INFO - [2025-08-13T01:33:26.606+0000] {dagbag.py:355} ERROR - Failed to import: /opt/airflow/dags/playstore_pipeline_dag.py
Traceback (most recent call last):
  File "/home/airflow/.local/lib/python3.12/site-packages/airflow/models/dagbag.py", line 351, in parse
    loader.exec_module(new_module)
  File "<frozen importlib._bootstrap_external>", line 995, in exec_module
  File "<frozen importlib._bootstrap>", line 488, in _call_with_frames_removed
  File "/opt/airflow/dags/playstore_pipeline_dag.py", line 35, in <module>
    scraper_module = import_module_safe('scraper', SCRAPER_CODE_PATH)
                     ^^^^^^^^^^^^^^^^^^^^^^^^^^^^^^^^^^^^^^^^^^^^^^^^
  File "/opt/airflow/dags/playstore_pipeline_dag.py", line 28, in import_module_safe
    module = __import__(module_name)
             ^^^^^^^^^^^^^^^^^^^^^^^
  File "/opt/airflow/scraper_code/scraper.py", line 4, in <module>
    from google_play_scraper import reviews, Sort
ModuleNotFoundError: No module named 'google_play_scraper'
[2025-08-13T01:33:26.633+0000] {processor.py:842} WARNING - No viable dags retrieved from /opt/airflow/dags/playstore_pipeline_dag.py
[2025-08-13T01:33:26.695+0000] {processor.py:183} INFO - Processing /opt/airflow/dags/playstore_pipeline_dag.py took 0.196 seconds
[2025-08-13T01:33:56.904+0000] {processor.py:161} INFO - Started process (PID=226) to work on /opt/airflow/dags/playstore_pipeline_dag.py
[2025-08-13T01:33:56.906+0000] {processor.py:830} INFO - Processing file /opt/airflow/dags/playstore_pipeline_dag.py for tasks to queue
[2025-08-13T01:33:56.912+0000] {logging_mixin.py:188} INFO - [2025-08-13T01:33:56.911+0000] {dagbag.py:545} INFO - Filling up the DagBag from /opt/airflow/dags/playstore_pipeline_dag.py
[2025-08-13T01:33:56.988+0000] {logging_mixin.py:188} INFO - [2025-08-13T01:33:56.987+0000] {playstore_pipeline_dag.py:32} ERROR - Failed to import module 'scraper'. Check if the file exists at '/opt/airflow/scraper_code' and is correctly named. Error: No module named 'google_play_scraper'
[2025-08-13T01:33:57.018+0000] {logging_mixin.py:188} INFO - [2025-08-13T01:33:56.990+0000] {dagbag.py:355} ERROR - Failed to import: /opt/airflow/dags/playstore_pipeline_dag.py
Traceback (most recent call last):
  File "/home/airflow/.local/lib/python3.12/site-packages/airflow/models/dagbag.py", line 351, in parse
    loader.exec_module(new_module)
  File "<frozen importlib._bootstrap_external>", line 995, in exec_module
  File "<frozen importlib._bootstrap>", line 488, in _call_with_frames_removed
  File "/opt/airflow/dags/playstore_pipeline_dag.py", line 35, in <module>
    scraper_module = import_module_safe('scraper', SCRAPER_CODE_PATH)
                     ^^^^^^^^^^^^^^^^^^^^^^^^^^^^^^^^^^^^^^^^^^^^^^^^
  File "/opt/airflow/dags/playstore_pipeline_dag.py", line 28, in import_module_safe
    module = __import__(module_name)
             ^^^^^^^^^^^^^^^^^^^^^^^
  File "/opt/airflow/scraper_code/scraper.py", line 4, in <module>
    from google_play_scraper import reviews, Sort
ModuleNotFoundError: No module named 'google_play_scraper'
[2025-08-13T01:33:57.026+0000] {processor.py:842} WARNING - No viable dags retrieved from /opt/airflow/dags/playstore_pipeline_dag.py
[2025-08-13T01:33:57.087+0000] {processor.py:183} INFO - Processing /opt/airflow/dags/playstore_pipeline_dag.py took 0.200 seconds
[2025-08-13T01:34:27.629+0000] {processor.py:161} INFO - Started process (PID=231) to work on /opt/airflow/dags/playstore_pipeline_dag.py
[2025-08-13T01:34:27.633+0000] {processor.py:830} INFO - Processing file /opt/airflow/dags/playstore_pipeline_dag.py for tasks to queue
[2025-08-13T01:34:27.643+0000] {logging_mixin.py:188} INFO - [2025-08-13T01:34:27.641+0000] {dagbag.py:545} INFO - Filling up the DagBag from /opt/airflow/dags/playstore_pipeline_dag.py
[2025-08-13T01:34:27.792+0000] {logging_mixin.py:188} INFO - [2025-08-13T01:34:27.791+0000] {playstore_pipeline_dag.py:32} ERROR - Failed to import module 'scraper'. Check if the file exists at '/opt/airflow/scraper_code' and is correctly named. Error: No module named 'google_play_scraper'
[2025-08-13T01:34:27.858+0000] {logging_mixin.py:188} INFO - [2025-08-13T01:34:27.794+0000] {dagbag.py:355} ERROR - Failed to import: /opt/airflow/dags/playstore_pipeline_dag.py
Traceback (most recent call last):
  File "/home/airflow/.local/lib/python3.12/site-packages/airflow/models/dagbag.py", line 351, in parse
    loader.exec_module(new_module)
  File "<frozen importlib._bootstrap_external>", line 995, in exec_module
  File "<frozen importlib._bootstrap>", line 488, in _call_with_frames_removed
  File "/opt/airflow/dags/playstore_pipeline_dag.py", line 35, in <module>
    scraper_module = import_module_safe('scraper', SCRAPER_CODE_PATH)
                     ^^^^^^^^^^^^^^^^^^^^^^^^^^^^^^^^^^^^^^^^^^^^^^^^
  File "/opt/airflow/dags/playstore_pipeline_dag.py", line 28, in import_module_safe
    module = __import__(module_name)
             ^^^^^^^^^^^^^^^^^^^^^^^
  File "/opt/airflow/scraper_code/scraper.py", line 4, in <module>
    from google_play_scraper import reviews, Sort
ModuleNotFoundError: No module named 'google_play_scraper'
[2025-08-13T01:34:27.873+0000] {processor.py:842} WARNING - No viable dags retrieved from /opt/airflow/dags/playstore_pipeline_dag.py
[2025-08-13T01:34:27.935+0000] {processor.py:183} INFO - Processing /opt/airflow/dags/playstore_pipeline_dag.py took 0.334 seconds
[2025-08-13T01:34:58.417+0000] {processor.py:161} INFO - Started process (PID=236) to work on /opt/airflow/dags/playstore_pipeline_dag.py
[2025-08-13T01:34:58.420+0000] {processor.py:830} INFO - Processing file /opt/airflow/dags/playstore_pipeline_dag.py for tasks to queue
[2025-08-13T01:34:58.426+0000] {logging_mixin.py:188} INFO - [2025-08-13T01:34:58.425+0000] {dagbag.py:545} INFO - Filling up the DagBag from /opt/airflow/dags/playstore_pipeline_dag.py
[2025-08-13T01:34:58.499+0000] {logging_mixin.py:188} INFO - [2025-08-13T01:34:58.499+0000] {playstore_pipeline_dag.py:32} ERROR - Failed to import module 'scraper'. Check if the file exists at '/opt/airflow/scraper_code' and is correctly named. Error: No module named 'google_play_scraper'
[2025-08-13T01:34:58.523+0000] {logging_mixin.py:188} INFO - [2025-08-13T01:34:58.500+0000] {dagbag.py:355} ERROR - Failed to import: /opt/airflow/dags/playstore_pipeline_dag.py
Traceback (most recent call last):
  File "/home/airflow/.local/lib/python3.12/site-packages/airflow/models/dagbag.py", line 351, in parse
    loader.exec_module(new_module)
  File "<frozen importlib._bootstrap_external>", line 995, in exec_module
  File "<frozen importlib._bootstrap>", line 488, in _call_with_frames_removed
  File "/opt/airflow/dags/playstore_pipeline_dag.py", line 35, in <module>
    scraper_module = import_module_safe('scraper', SCRAPER_CODE_PATH)
                     ^^^^^^^^^^^^^^^^^^^^^^^^^^^^^^^^^^^^^^^^^^^^^^^^
  File "/opt/airflow/dags/playstore_pipeline_dag.py", line 28, in import_module_safe
    module = __import__(module_name)
             ^^^^^^^^^^^^^^^^^^^^^^^
  File "/opt/airflow/scraper_code/scraper.py", line 4, in <module>
    from google_play_scraper import reviews, Sort
ModuleNotFoundError: No module named 'google_play_scraper'
[2025-08-13T01:34:58.530+0000] {processor.py:842} WARNING - No viable dags retrieved from /opt/airflow/dags/playstore_pipeline_dag.py
[2025-08-13T01:34:58.595+0000] {processor.py:183} INFO - Processing /opt/airflow/dags/playstore_pipeline_dag.py took 0.195 seconds
[2025-08-13T01:35:28.824+0000] {processor.py:161} INFO - Started process (PID=241) to work on /opt/airflow/dags/playstore_pipeline_dag.py
[2025-08-13T01:35:28.826+0000] {processor.py:830} INFO - Processing file /opt/airflow/dags/playstore_pipeline_dag.py for tasks to queue
[2025-08-13T01:35:28.830+0000] {logging_mixin.py:188} INFO - [2025-08-13T01:35:28.829+0000] {dagbag.py:545} INFO - Filling up the DagBag from /opt/airflow/dags/playstore_pipeline_dag.py
[2025-08-13T01:35:28.901+0000] {logging_mixin.py:188} INFO - [2025-08-13T01:35:28.900+0000] {playstore_pipeline_dag.py:32} ERROR - Failed to import module 'scraper'. Check if the file exists at '/opt/airflow/scraper_code' and is correctly named. Error: No module named 'google_play_scraper'
[2025-08-13T01:35:28.922+0000] {logging_mixin.py:188} INFO - [2025-08-13T01:35:28.902+0000] {dagbag.py:355} ERROR - Failed to import: /opt/airflow/dags/playstore_pipeline_dag.py
Traceback (most recent call last):
  File "/home/airflow/.local/lib/python3.12/site-packages/airflow/models/dagbag.py", line 351, in parse
    loader.exec_module(new_module)
  File "<frozen importlib._bootstrap_external>", line 995, in exec_module
  File "<frozen importlib._bootstrap>", line 488, in _call_with_frames_removed
  File "/opt/airflow/dags/playstore_pipeline_dag.py", line 35, in <module>
    scraper_module = import_module_safe('scraper', SCRAPER_CODE_PATH)
                     ^^^^^^^^^^^^^^^^^^^^^^^^^^^^^^^^^^^^^^^^^^^^^^^^
  File "/opt/airflow/dags/playstore_pipeline_dag.py", line 28, in import_module_safe
    module = __import__(module_name)
             ^^^^^^^^^^^^^^^^^^^^^^^
  File "/opt/airflow/scraper_code/scraper.py", line 4, in <module>
    from google_play_scraper import reviews, Sort
ModuleNotFoundError: No module named 'google_play_scraper'
[2025-08-13T01:35:28.929+0000] {processor.py:842} WARNING - No viable dags retrieved from /opt/airflow/dags/playstore_pipeline_dag.py
[2025-08-13T01:35:28.974+0000] {processor.py:183} INFO - Processing /opt/airflow/dags/playstore_pipeline_dag.py took 0.164 seconds
[2025-08-13T01:35:59.348+0000] {processor.py:161} INFO - Started process (PID=246) to work on /opt/airflow/dags/playstore_pipeline_dag.py
[2025-08-13T01:35:59.351+0000] {processor.py:830} INFO - Processing file /opt/airflow/dags/playstore_pipeline_dag.py for tasks to queue
[2025-08-13T01:35:59.356+0000] {logging_mixin.py:188} INFO - [2025-08-13T01:35:59.355+0000] {dagbag.py:545} INFO - Filling up the DagBag from /opt/airflow/dags/playstore_pipeline_dag.py
[2025-08-13T01:35:59.429+0000] {logging_mixin.py:188} INFO - [2025-08-13T01:35:59.428+0000] {playstore_pipeline_dag.py:32} ERROR - Failed to import module 'scraper'. Check if the file exists at '/opt/airflow/scraper_code' and is correctly named. Error: No module named 'google_play_scraper'
[2025-08-13T01:35:59.452+0000] {logging_mixin.py:188} INFO - [2025-08-13T01:35:59.430+0000] {dagbag.py:355} ERROR - Failed to import: /opt/airflow/dags/playstore_pipeline_dag.py
Traceback (most recent call last):
  File "/home/airflow/.local/lib/python3.12/site-packages/airflow/models/dagbag.py", line 351, in parse
    loader.exec_module(new_module)
  File "<frozen importlib._bootstrap_external>", line 995, in exec_module
  File "<frozen importlib._bootstrap>", line 488, in _call_with_frames_removed
  File "/opt/airflow/dags/playstore_pipeline_dag.py", line 35, in <module>
    scraper_module = import_module_safe('scraper', SCRAPER_CODE_PATH)
                     ^^^^^^^^^^^^^^^^^^^^^^^^^^^^^^^^^^^^^^^^^^^^^^^^
  File "/opt/airflow/dags/playstore_pipeline_dag.py", line 28, in import_module_safe
    module = __import__(module_name)
             ^^^^^^^^^^^^^^^^^^^^^^^
  File "/opt/airflow/scraper_code/scraper.py", line 4, in <module>
    from google_play_scraper import reviews, Sort
ModuleNotFoundError: No module named 'google_play_scraper'
[2025-08-13T01:35:59.457+0000] {processor.py:842} WARNING - No viable dags retrieved from /opt/airflow/dags/playstore_pipeline_dag.py
[2025-08-13T01:35:59.503+0000] {processor.py:183} INFO - Processing /opt/airflow/dags/playstore_pipeline_dag.py took 0.168 seconds
[2025-08-13T01:36:29.774+0000] {processor.py:161} INFO - Started process (PID=251) to work on /opt/airflow/dags/playstore_pipeline_dag.py
[2025-08-13T01:36:29.776+0000] {processor.py:830} INFO - Processing file /opt/airflow/dags/playstore_pipeline_dag.py for tasks to queue
[2025-08-13T01:36:29.780+0000] {logging_mixin.py:188} INFO - [2025-08-13T01:36:29.779+0000] {dagbag.py:545} INFO - Filling up the DagBag from /opt/airflow/dags/playstore_pipeline_dag.py
[2025-08-13T01:36:29.848+0000] {logging_mixin.py:188} INFO - [2025-08-13T01:36:29.848+0000] {playstore_pipeline_dag.py:32} ERROR - Failed to import module 'scraper'. Check if the file exists at '/opt/airflow/scraper_code' and is correctly named. Error: No module named 'google_play_scraper'
[2025-08-13T01:36:29.880+0000] {logging_mixin.py:188} INFO - [2025-08-13T01:36:29.849+0000] {dagbag.py:355} ERROR - Failed to import: /opt/airflow/dags/playstore_pipeline_dag.py
Traceback (most recent call last):
  File "/home/airflow/.local/lib/python3.12/site-packages/airflow/models/dagbag.py", line 351, in parse
    loader.exec_module(new_module)
  File "<frozen importlib._bootstrap_external>", line 995, in exec_module
  File "<frozen importlib._bootstrap>", line 488, in _call_with_frames_removed
  File "/opt/airflow/dags/playstore_pipeline_dag.py", line 35, in <module>
    scraper_module = import_module_safe('scraper', SCRAPER_CODE_PATH)
                     ^^^^^^^^^^^^^^^^^^^^^^^^^^^^^^^^^^^^^^^^^^^^^^^^
  File "/opt/airflow/dags/playstore_pipeline_dag.py", line 28, in import_module_safe
    module = __import__(module_name)
             ^^^^^^^^^^^^^^^^^^^^^^^
  File "/opt/airflow/scraper_code/scraper.py", line 4, in <module>
    from google_play_scraper import reviews, Sort
ModuleNotFoundError: No module named 'google_play_scraper'
[2025-08-13T01:36:29.888+0000] {processor.py:842} WARNING - No viable dags retrieved from /opt/airflow/dags/playstore_pipeline_dag.py
[2025-08-13T01:36:29.947+0000] {processor.py:183} INFO - Processing /opt/airflow/dags/playstore_pipeline_dag.py took 0.187 seconds
[2025-08-13T01:37:00.265+0000] {processor.py:161} INFO - Started process (PID=256) to work on /opt/airflow/dags/playstore_pipeline_dag.py
[2025-08-13T01:37:00.267+0000] {processor.py:830} INFO - Processing file /opt/airflow/dags/playstore_pipeline_dag.py for tasks to queue
[2025-08-13T01:37:00.271+0000] {logging_mixin.py:188} INFO - [2025-08-13T01:37:00.271+0000] {dagbag.py:545} INFO - Filling up the DagBag from /opt/airflow/dags/playstore_pipeline_dag.py
[2025-08-13T01:37:00.351+0000] {logging_mixin.py:188} INFO - [2025-08-13T01:37:00.350+0000] {playstore_pipeline_dag.py:32} ERROR - Failed to import module 'scraper'. Check if the file exists at '/opt/airflow/scraper_code' and is correctly named. Error: No module named 'google_play_scraper'
[2025-08-13T01:37:00.371+0000] {logging_mixin.py:188} INFO - [2025-08-13T01:37:00.352+0000] {dagbag.py:355} ERROR - Failed to import: /opt/airflow/dags/playstore_pipeline_dag.py
Traceback (most recent call last):
  File "/home/airflow/.local/lib/python3.12/site-packages/airflow/models/dagbag.py", line 351, in parse
    loader.exec_module(new_module)
  File "<frozen importlib._bootstrap_external>", line 995, in exec_module
  File "<frozen importlib._bootstrap>", line 488, in _call_with_frames_removed
  File "/opt/airflow/dags/playstore_pipeline_dag.py", line 35, in <module>
    scraper_module = import_module_safe('scraper', SCRAPER_CODE_PATH)
                     ^^^^^^^^^^^^^^^^^^^^^^^^^^^^^^^^^^^^^^^^^^^^^^^^
  File "/opt/airflow/dags/playstore_pipeline_dag.py", line 28, in import_module_safe
    module = __import__(module_name)
             ^^^^^^^^^^^^^^^^^^^^^^^
  File "/opt/airflow/scraper_code/scraper.py", line 4, in <module>
    from google_play_scraper import reviews, Sort
ModuleNotFoundError: No module named 'google_play_scraper'
[2025-08-13T01:37:00.377+0000] {processor.py:842} WARNING - No viable dags retrieved from /opt/airflow/dags/playstore_pipeline_dag.py
[2025-08-13T01:37:00.419+0000] {processor.py:183} INFO - Processing /opt/airflow/dags/playstore_pipeline_dag.py took 0.166 seconds
[2025-08-13T01:37:30.780+0000] {processor.py:161} INFO - Started process (PID=261) to work on /opt/airflow/dags/playstore_pipeline_dag.py
[2025-08-13T01:37:30.784+0000] {processor.py:830} INFO - Processing file /opt/airflow/dags/playstore_pipeline_dag.py for tasks to queue
[2025-08-13T01:37:30.790+0000] {logging_mixin.py:188} INFO - [2025-08-13T01:37:30.789+0000] {dagbag.py:545} INFO - Filling up the DagBag from /opt/airflow/dags/playstore_pipeline_dag.py
[2025-08-13T01:37:30.891+0000] {logging_mixin.py:188} INFO - [2025-08-13T01:37:30.890+0000] {playstore_pipeline_dag.py:32} ERROR - Failed to import module 'scraper'. Check if the file exists at '/opt/airflow/scraper_code' and is correctly named. Error: No module named 'google_play_scraper'
[2025-08-13T01:37:30.913+0000] {logging_mixin.py:188} INFO - [2025-08-13T01:37:30.892+0000] {dagbag.py:355} ERROR - Failed to import: /opt/airflow/dags/playstore_pipeline_dag.py
Traceback (most recent call last):
  File "/home/airflow/.local/lib/python3.12/site-packages/airflow/models/dagbag.py", line 351, in parse
    loader.exec_module(new_module)
  File "<frozen importlib._bootstrap_external>", line 995, in exec_module
  File "<frozen importlib._bootstrap>", line 488, in _call_with_frames_removed
  File "/opt/airflow/dags/playstore_pipeline_dag.py", line 35, in <module>
    scraper_module = import_module_safe('scraper', SCRAPER_CODE_PATH)
                     ^^^^^^^^^^^^^^^^^^^^^^^^^^^^^^^^^^^^^^^^^^^^^^^^
  File "/opt/airflow/dags/playstore_pipeline_dag.py", line 28, in import_module_safe
    module = __import__(module_name)
             ^^^^^^^^^^^^^^^^^^^^^^^
  File "/opt/airflow/scraper_code/scraper.py", line 4, in <module>
    from google_play_scraper import reviews, Sort
ModuleNotFoundError: No module named 'google_play_scraper'
[2025-08-13T01:37:30.920+0000] {processor.py:842} WARNING - No viable dags retrieved from /opt/airflow/dags/playstore_pipeline_dag.py
[2025-08-13T01:37:30.966+0000] {processor.py:183} INFO - Processing /opt/airflow/dags/playstore_pipeline_dag.py took 0.210 seconds
[2025-08-13T01:38:01.400+0000] {processor.py:161} INFO - Started process (PID=266) to work on /opt/airflow/dags/playstore_pipeline_dag.py
[2025-08-13T01:38:01.402+0000] {processor.py:830} INFO - Processing file /opt/airflow/dags/playstore_pipeline_dag.py for tasks to queue
[2025-08-13T01:38:01.408+0000] {logging_mixin.py:188} INFO - [2025-08-13T01:38:01.407+0000] {dagbag.py:545} INFO - Filling up the DagBag from /opt/airflow/dags/playstore_pipeline_dag.py
[2025-08-13T01:38:01.464+0000] {logging_mixin.py:188} INFO - [2025-08-13T01:38:01.464+0000] {playstore_pipeline_dag.py:32} ERROR - Failed to import module 'scraper'. Check if the file exists at '/opt/airflow/scraper_code' and is correctly named. Error: No module named 'google_play_scraper'
[2025-08-13T01:38:01.485+0000] {logging_mixin.py:188} INFO - [2025-08-13T01:38:01.465+0000] {dagbag.py:355} ERROR - Failed to import: /opt/airflow/dags/playstore_pipeline_dag.py
Traceback (most recent call last):
  File "/home/airflow/.local/lib/python3.12/site-packages/airflow/models/dagbag.py", line 351, in parse
    loader.exec_module(new_module)
  File "<frozen importlib._bootstrap_external>", line 995, in exec_module
  File "<frozen importlib._bootstrap>", line 488, in _call_with_frames_removed
  File "/opt/airflow/dags/playstore_pipeline_dag.py", line 35, in <module>
    scraper_module = import_module_safe('scraper', SCRAPER_CODE_PATH)
                     ^^^^^^^^^^^^^^^^^^^^^^^^^^^^^^^^^^^^^^^^^^^^^^^^
  File "/opt/airflow/dags/playstore_pipeline_dag.py", line 28, in import_module_safe
    module = __import__(module_name)
             ^^^^^^^^^^^^^^^^^^^^^^^
  File "/opt/airflow/scraper_code/scraper.py", line 4, in <module>
    from google_play_scraper import reviews, Sort
ModuleNotFoundError: No module named 'google_play_scraper'
[2025-08-13T01:38:01.491+0000] {processor.py:842} WARNING - No viable dags retrieved from /opt/airflow/dags/playstore_pipeline_dag.py
[2025-08-13T01:38:01.533+0000] {processor.py:183} INFO - Processing /opt/airflow/dags/playstore_pipeline_dag.py took 0.151 seconds
[2025-08-13T01:38:31.728+0000] {processor.py:161} INFO - Started process (PID=271) to work on /opt/airflow/dags/playstore_pipeline_dag.py
[2025-08-13T01:38:31.732+0000] {processor.py:830} INFO - Processing file /opt/airflow/dags/playstore_pipeline_dag.py for tasks to queue
[2025-08-13T01:38:31.738+0000] {logging_mixin.py:188} INFO - [2025-08-13T01:38:31.737+0000] {dagbag.py:545} INFO - Filling up the DagBag from /opt/airflow/dags/playstore_pipeline_dag.py
[2025-08-13T01:38:31.830+0000] {logging_mixin.py:188} INFO - [2025-08-13T01:38:31.829+0000] {playstore_pipeline_dag.py:32} ERROR - Failed to import module 'scraper'. Check if the file exists at '/opt/airflow/scraper_code' and is correctly named. Error: No module named 'google_play_scraper'
[2025-08-13T01:38:31.854+0000] {logging_mixin.py:188} INFO - [2025-08-13T01:38:31.831+0000] {dagbag.py:355} ERROR - Failed to import: /opt/airflow/dags/playstore_pipeline_dag.py
Traceback (most recent call last):
  File "/home/airflow/.local/lib/python3.12/site-packages/airflow/models/dagbag.py", line 351, in parse
    loader.exec_module(new_module)
  File "<frozen importlib._bootstrap_external>", line 995, in exec_module
  File "<frozen importlib._bootstrap>", line 488, in _call_with_frames_removed
  File "/opt/airflow/dags/playstore_pipeline_dag.py", line 35, in <module>
    scraper_module = import_module_safe('scraper', SCRAPER_CODE_PATH)
                     ^^^^^^^^^^^^^^^^^^^^^^^^^^^^^^^^^^^^^^^^^^^^^^^^
  File "/opt/airflow/dags/playstore_pipeline_dag.py", line 28, in import_module_safe
    module = __import__(module_name)
             ^^^^^^^^^^^^^^^^^^^^^^^
  File "/opt/airflow/scraper_code/scraper.py", line 4, in <module>
    from google_play_scraper import reviews, Sort
ModuleNotFoundError: No module named 'google_play_scraper'
[2025-08-13T01:38:31.861+0000] {processor.py:842} WARNING - No viable dags retrieved from /opt/airflow/dags/playstore_pipeline_dag.py
[2025-08-13T01:38:31.920+0000] {processor.py:183} INFO - Processing /opt/airflow/dags/playstore_pipeline_dag.py took 0.215 seconds
[2025-08-13T01:39:02.303+0000] {processor.py:161} INFO - Started process (PID=276) to work on /opt/airflow/dags/playstore_pipeline_dag.py
[2025-08-13T01:39:02.308+0000] {processor.py:830} INFO - Processing file /opt/airflow/dags/playstore_pipeline_dag.py for tasks to queue
[2025-08-13T01:39:02.315+0000] {logging_mixin.py:188} INFO - [2025-08-13T01:39:02.314+0000] {dagbag.py:545} INFO - Filling up the DagBag from /opt/airflow/dags/playstore_pipeline_dag.py
[2025-08-13T01:39:02.395+0000] {logging_mixin.py:188} INFO - [2025-08-13T01:39:02.394+0000] {playstore_pipeline_dag.py:32} ERROR - Failed to import module 'scraper'. Check if the file exists at '/opt/airflow/scraper_code' and is correctly named. Error: No module named 'google_play_scraper'
[2025-08-13T01:39:02.418+0000] {logging_mixin.py:188} INFO - [2025-08-13T01:39:02.396+0000] {dagbag.py:355} ERROR - Failed to import: /opt/airflow/dags/playstore_pipeline_dag.py
Traceback (most recent call last):
  File "/home/airflow/.local/lib/python3.12/site-packages/airflow/models/dagbag.py", line 351, in parse
    loader.exec_module(new_module)
  File "<frozen importlib._bootstrap_external>", line 995, in exec_module
  File "<frozen importlib._bootstrap>", line 488, in _call_with_frames_removed
  File "/opt/airflow/dags/playstore_pipeline_dag.py", line 35, in <module>
    scraper_module = import_module_safe('scraper', SCRAPER_CODE_PATH)
                     ^^^^^^^^^^^^^^^^^^^^^^^^^^^^^^^^^^^^^^^^^^^^^^^^
  File "/opt/airflow/dags/playstore_pipeline_dag.py", line 28, in import_module_safe
    module = __import__(module_name)
             ^^^^^^^^^^^^^^^^^^^^^^^
  File "/opt/airflow/scraper_code/scraper.py", line 4, in <module>
    from google_play_scraper import reviews, Sort
ModuleNotFoundError: No module named 'google_play_scraper'
[2025-08-13T01:39:02.424+0000] {processor.py:842} WARNING - No viable dags retrieved from /opt/airflow/dags/playstore_pipeline_dag.py
[2025-08-13T01:39:02.474+0000] {processor.py:183} INFO - Processing /opt/airflow/dags/playstore_pipeline_dag.py took 0.189 seconds
[2025-08-13T01:40:25.591+0000] {processor.py:161} INFO - Started process (PID=167) to work on /opt/airflow/dags/playstore_pipeline_dag.py
[2025-08-13T01:40:25.593+0000] {processor.py:830} INFO - Processing file /opt/airflow/dags/playstore_pipeline_dag.py for tasks to queue
[2025-08-13T01:40:25.599+0000] {logging_mixin.py:188} INFO - [2025-08-13T01:40:25.598+0000] {dagbag.py:545} INFO - Filling up the DagBag from /opt/airflow/dags/playstore_pipeline_dag.py
[2025-08-13T01:40:25.662+0000] {logging_mixin.py:188} INFO - [2025-08-13T01:40:25.662+0000] {playstore_pipeline_dag.py:32} ERROR - Failed to import module 'scraper'. Check if the file exists at '/opt/airflow/scraper_code' and is correctly named. Error: No module named 'google_play_scraper'
[2025-08-13T01:40:25.684+0000] {logging_mixin.py:188} INFO - [2025-08-13T01:40:25.663+0000] {dagbag.py:355} ERROR - Failed to import: /opt/airflow/dags/playstore_pipeline_dag.py
Traceback (most recent call last):
  File "/home/airflow/.local/lib/python3.12/site-packages/airflow/models/dagbag.py", line 351, in parse
    loader.exec_module(new_module)
  File "<frozen importlib._bootstrap_external>", line 995, in exec_module
  File "<frozen importlib._bootstrap>", line 488, in _call_with_frames_removed
  File "/opt/airflow/dags/playstore_pipeline_dag.py", line 35, in <module>
    scraper_module = import_module_safe('scraper', SCRAPER_CODE_PATH)
                     ^^^^^^^^^^^^^^^^^^^^^^^^^^^^^^^^^^^^^^^^^^^^^^^^
  File "/opt/airflow/dags/playstore_pipeline_dag.py", line 28, in import_module_safe
    module = __import__(module_name)
             ^^^^^^^^^^^^^^^^^^^^^^^
  File "/opt/airflow/scraper_code/scraper.py", line 4, in <module>
    from google_play_scraper import reviews, Sort
ModuleNotFoundError: No module named 'google_play_scraper'
[2025-08-13T01:40:25.692+0000] {processor.py:842} WARNING - No viable dags retrieved from /opt/airflow/dags/playstore_pipeline_dag.py
[2025-08-13T01:40:25.742+0000] {processor.py:183} INFO - Processing /opt/airflow/dags/playstore_pipeline_dag.py took 0.166 seconds
[2025-08-13T01:40:56.001+0000] {processor.py:161} INFO - Started process (PID=172) to work on /opt/airflow/dags/playstore_pipeline_dag.py
[2025-08-13T01:40:56.002+0000] {processor.py:830} INFO - Processing file /opt/airflow/dags/playstore_pipeline_dag.py for tasks to queue
[2025-08-13T01:40:56.007+0000] {logging_mixin.py:188} INFO - [2025-08-13T01:40:56.007+0000] {dagbag.py:545} INFO - Filling up the DagBag from /opt/airflow/dags/playstore_pipeline_dag.py
[2025-08-13T01:40:56.082+0000] {logging_mixin.py:188} INFO - [2025-08-13T01:40:56.082+0000] {playstore_pipeline_dag.py:32} ERROR - Failed to import module 'scraper'. Check if the file exists at '/opt/airflow/scraper_code' and is correctly named. Error: No module named 'google_play_scraper'
[2025-08-13T01:40:56.106+0000] {logging_mixin.py:188} INFO - [2025-08-13T01:40:56.083+0000] {dagbag.py:355} ERROR - Failed to import: /opt/airflow/dags/playstore_pipeline_dag.py
Traceback (most recent call last):
  File "/home/airflow/.local/lib/python3.12/site-packages/airflow/models/dagbag.py", line 351, in parse
    loader.exec_module(new_module)
  File "<frozen importlib._bootstrap_external>", line 995, in exec_module
  File "<frozen importlib._bootstrap>", line 488, in _call_with_frames_removed
  File "/opt/airflow/dags/playstore_pipeline_dag.py", line 35, in <module>
    scraper_module = import_module_safe('scraper', SCRAPER_CODE_PATH)
                     ^^^^^^^^^^^^^^^^^^^^^^^^^^^^^^^^^^^^^^^^^^^^^^^^
  File "/opt/airflow/dags/playstore_pipeline_dag.py", line 28, in import_module_safe
    module = __import__(module_name)
             ^^^^^^^^^^^^^^^^^^^^^^^
  File "/opt/airflow/scraper_code/scraper.py", line 4, in <module>
    from google_play_scraper import reviews, Sort
ModuleNotFoundError: No module named 'google_play_scraper'
[2025-08-13T01:40:56.112+0000] {processor.py:842} WARNING - No viable dags retrieved from /opt/airflow/dags/playstore_pipeline_dag.py
[2025-08-13T01:40:56.159+0000] {processor.py:183} INFO - Processing /opt/airflow/dags/playstore_pipeline_dag.py took 0.171 seconds
[2025-08-13T01:41:26.426+0000] {processor.py:161} INFO - Started process (PID=177) to work on /opt/airflow/dags/playstore_pipeline_dag.py
[2025-08-13T01:41:26.427+0000] {processor.py:830} INFO - Processing file /opt/airflow/dags/playstore_pipeline_dag.py for tasks to queue
[2025-08-13T01:41:26.431+0000] {logging_mixin.py:188} INFO - [2025-08-13T01:41:26.430+0000] {dagbag.py:545} INFO - Filling up the DagBag from /opt/airflow/dags/playstore_pipeline_dag.py
[2025-08-13T01:41:26.501+0000] {logging_mixin.py:188} INFO - [2025-08-13T01:41:26.501+0000] {playstore_pipeline_dag.py:32} ERROR - Failed to import module 'scraper'. Check if the file exists at '/opt/airflow/scraper_code' and is correctly named. Error: No module named 'google_play_scraper'
[2025-08-13T01:41:26.522+0000] {logging_mixin.py:188} INFO - [2025-08-13T01:41:26.502+0000] {dagbag.py:355} ERROR - Failed to import: /opt/airflow/dags/playstore_pipeline_dag.py
Traceback (most recent call last):
  File "/home/airflow/.local/lib/python3.12/site-packages/airflow/models/dagbag.py", line 351, in parse
    loader.exec_module(new_module)
  File "<frozen importlib._bootstrap_external>", line 995, in exec_module
  File "<frozen importlib._bootstrap>", line 488, in _call_with_frames_removed
  File "/opt/airflow/dags/playstore_pipeline_dag.py", line 35, in <module>
    scraper_module = import_module_safe('scraper', SCRAPER_CODE_PATH)
                     ^^^^^^^^^^^^^^^^^^^^^^^^^^^^^^^^^^^^^^^^^^^^^^^^
  File "/opt/airflow/dags/playstore_pipeline_dag.py", line 28, in import_module_safe
    module = __import__(module_name)
             ^^^^^^^^^^^^^^^^^^^^^^^
  File "/opt/airflow/scraper_code/scraper.py", line 4, in <module>
    from google_play_scraper import reviews, Sort
ModuleNotFoundError: No module named 'google_play_scraper'
[2025-08-13T01:41:26.528+0000] {processor.py:842} WARNING - No viable dags retrieved from /opt/airflow/dags/playstore_pipeline_dag.py
[2025-08-13T01:41:26.570+0000] {processor.py:183} INFO - Processing /opt/airflow/dags/playstore_pipeline_dag.py took 0.156 seconds
[2025-08-13T01:41:56.926+0000] {processor.py:161} INFO - Started process (PID=182) to work on /opt/airflow/dags/playstore_pipeline_dag.py
[2025-08-13T01:41:56.928+0000] {processor.py:830} INFO - Processing file /opt/airflow/dags/playstore_pipeline_dag.py for tasks to queue
[2025-08-13T01:41:56.936+0000] {logging_mixin.py:188} INFO - [2025-08-13T01:41:56.934+0000] {dagbag.py:545} INFO - Filling up the DagBag from /opt/airflow/dags/playstore_pipeline_dag.py
[2025-08-13T01:41:57.020+0000] {logging_mixin.py:188} INFO - [2025-08-13T01:41:57.019+0000] {playstore_pipeline_dag.py:32} ERROR - Failed to import module 'scraper'. Check if the file exists at '/opt/airflow/scraper_code' and is correctly named. Error: No module named 'google_play_scraper'
[2025-08-13T01:41:57.043+0000] {logging_mixin.py:188} INFO - [2025-08-13T01:41:57.021+0000] {dagbag.py:355} ERROR - Failed to import: /opt/airflow/dags/playstore_pipeline_dag.py
Traceback (most recent call last):
  File "/home/airflow/.local/lib/python3.12/site-packages/airflow/models/dagbag.py", line 351, in parse
    loader.exec_module(new_module)
  File "<frozen importlib._bootstrap_external>", line 995, in exec_module
  File "<frozen importlib._bootstrap>", line 488, in _call_with_frames_removed
  File "/opt/airflow/dags/playstore_pipeline_dag.py", line 35, in <module>
    scraper_module = import_module_safe('scraper', SCRAPER_CODE_PATH)
                     ^^^^^^^^^^^^^^^^^^^^^^^^^^^^^^^^^^^^^^^^^^^^^^^^
  File "/opt/airflow/dags/playstore_pipeline_dag.py", line 28, in import_module_safe
    module = __import__(module_name)
             ^^^^^^^^^^^^^^^^^^^^^^^
  File "/opt/airflow/scraper_code/scraper.py", line 4, in <module>
    from google_play_scraper import reviews, Sort
ModuleNotFoundError: No module named 'google_play_scraper'
[2025-08-13T01:41:57.049+0000] {processor.py:842} WARNING - No viable dags retrieved from /opt/airflow/dags/playstore_pipeline_dag.py
[2025-08-13T01:41:57.128+0000] {processor.py:183} INFO - Processing /opt/airflow/dags/playstore_pipeline_dag.py took 0.230 seconds
[2025-08-13T01:42:27.374+0000] {processor.py:161} INFO - Started process (PID=187) to work on /opt/airflow/dags/playstore_pipeline_dag.py
[2025-08-13T01:42:27.377+0000] {processor.py:830} INFO - Processing file /opt/airflow/dags/playstore_pipeline_dag.py for tasks to queue
[2025-08-13T01:42:27.383+0000] {logging_mixin.py:188} INFO - [2025-08-13T01:42:27.382+0000] {dagbag.py:545} INFO - Filling up the DagBag from /opt/airflow/dags/playstore_pipeline_dag.py
[2025-08-13T01:42:27.462+0000] {logging_mixin.py:188} INFO - [2025-08-13T01:42:27.461+0000] {playstore_pipeline_dag.py:32} ERROR - Failed to import module 'scraper'. Check if the file exists at '/opt/airflow/scraper_code' and is correctly named. Error: No module named 'google_play_scraper'
[2025-08-13T01:42:27.487+0000] {logging_mixin.py:188} INFO - [2025-08-13T01:42:27.463+0000] {dagbag.py:355} ERROR - Failed to import: /opt/airflow/dags/playstore_pipeline_dag.py
Traceback (most recent call last):
  File "/home/airflow/.local/lib/python3.12/site-packages/airflow/models/dagbag.py", line 351, in parse
    loader.exec_module(new_module)
  File "<frozen importlib._bootstrap_external>", line 995, in exec_module
  File "<frozen importlib._bootstrap>", line 488, in _call_with_frames_removed
  File "/opt/airflow/dags/playstore_pipeline_dag.py", line 35, in <module>
    scraper_module = import_module_safe('scraper', SCRAPER_CODE_PATH)
                     ^^^^^^^^^^^^^^^^^^^^^^^^^^^^^^^^^^^^^^^^^^^^^^^^
  File "/opt/airflow/dags/playstore_pipeline_dag.py", line 28, in import_module_safe
    module = __import__(module_name)
             ^^^^^^^^^^^^^^^^^^^^^^^
  File "/opt/airflow/scraper_code/scraper.py", line 4, in <module>
    from google_play_scraper import reviews, Sort
ModuleNotFoundError: No module named 'google_play_scraper'
[2025-08-13T01:42:27.495+0000] {processor.py:842} WARNING - No viable dags retrieved from /opt/airflow/dags/playstore_pipeline_dag.py
[2025-08-13T01:42:27.535+0000] {processor.py:183} INFO - Processing /opt/airflow/dags/playstore_pipeline_dag.py took 0.188 seconds
[2025-08-13T01:42:57.989+0000] {processor.py:161} INFO - Started process (PID=192) to work on /opt/airflow/dags/playstore_pipeline_dag.py
[2025-08-13T01:42:57.991+0000] {processor.py:830} INFO - Processing file /opt/airflow/dags/playstore_pipeline_dag.py for tasks to queue
[2025-08-13T01:42:57.996+0000] {logging_mixin.py:188} INFO - [2025-08-13T01:42:57.995+0000] {dagbag.py:545} INFO - Filling up the DagBag from /opt/airflow/dags/playstore_pipeline_dag.py
[2025-08-13T01:42:58.072+0000] {logging_mixin.py:188} INFO - [2025-08-13T01:42:58.072+0000] {playstore_pipeline_dag.py:32} ERROR - Failed to import module 'scraper'. Check if the file exists at '/opt/airflow/scraper_code' and is correctly named. Error: No module named 'google_play_scraper'
[2025-08-13T01:42:58.092+0000] {logging_mixin.py:188} INFO - [2025-08-13T01:42:58.073+0000] {dagbag.py:355} ERROR - Failed to import: /opt/airflow/dags/playstore_pipeline_dag.py
Traceback (most recent call last):
  File "/home/airflow/.local/lib/python3.12/site-packages/airflow/models/dagbag.py", line 351, in parse
    loader.exec_module(new_module)
  File "<frozen importlib._bootstrap_external>", line 995, in exec_module
  File "<frozen importlib._bootstrap>", line 488, in _call_with_frames_removed
  File "/opt/airflow/dags/playstore_pipeline_dag.py", line 35, in <module>
    scraper_module = import_module_safe('scraper', SCRAPER_CODE_PATH)
                     ^^^^^^^^^^^^^^^^^^^^^^^^^^^^^^^^^^^^^^^^^^^^^^^^
  File "/opt/airflow/dags/playstore_pipeline_dag.py", line 28, in import_module_safe
    module = __import__(module_name)
             ^^^^^^^^^^^^^^^^^^^^^^^
  File "/opt/airflow/scraper_code/scraper.py", line 4, in <module>
    from google_play_scraper import reviews, Sort
ModuleNotFoundError: No module named 'google_play_scraper'
[2025-08-13T01:42:58.097+0000] {processor.py:842} WARNING - No viable dags retrieved from /opt/airflow/dags/playstore_pipeline_dag.py
[2025-08-13T01:42:58.135+0000] {processor.py:183} INFO - Processing /opt/airflow/dags/playstore_pipeline_dag.py took 0.160 seconds
[2025-08-13T01:43:28.387+0000] {processor.py:161} INFO - Started process (PID=197) to work on /opt/airflow/dags/playstore_pipeline_dag.py
[2025-08-13T01:43:28.389+0000] {processor.py:830} INFO - Processing file /opt/airflow/dags/playstore_pipeline_dag.py for tasks to queue
[2025-08-13T01:43:28.393+0000] {logging_mixin.py:188} INFO - [2025-08-13T01:43:28.393+0000] {dagbag.py:545} INFO - Filling up the DagBag from /opt/airflow/dags/playstore_pipeline_dag.py
[2025-08-13T01:43:28.460+0000] {logging_mixin.py:188} INFO - [2025-08-13T01:43:28.460+0000] {playstore_pipeline_dag.py:32} ERROR - Failed to import module 'scraper'. Check if the file exists at '/opt/airflow/scraper_code' and is correctly named. Error: No module named 'google_play_scraper'
[2025-08-13T01:43:28.481+0000] {logging_mixin.py:188} INFO - [2025-08-13T01:43:28.461+0000] {dagbag.py:355} ERROR - Failed to import: /opt/airflow/dags/playstore_pipeline_dag.py
Traceback (most recent call last):
  File "/home/airflow/.local/lib/python3.12/site-packages/airflow/models/dagbag.py", line 351, in parse
    loader.exec_module(new_module)
  File "<frozen importlib._bootstrap_external>", line 995, in exec_module
  File "<frozen importlib._bootstrap>", line 488, in _call_with_frames_removed
  File "/opt/airflow/dags/playstore_pipeline_dag.py", line 35, in <module>
    scraper_module = import_module_safe('scraper', SCRAPER_CODE_PATH)
                     ^^^^^^^^^^^^^^^^^^^^^^^^^^^^^^^^^^^^^^^^^^^^^^^^
  File "/opt/airflow/dags/playstore_pipeline_dag.py", line 28, in import_module_safe
    module = __import__(module_name)
             ^^^^^^^^^^^^^^^^^^^^^^^
  File "/opt/airflow/scraper_code/scraper.py", line 4, in <module>
    from google_play_scraper import reviews, Sort
ModuleNotFoundError: No module named 'google_play_scraper'
[2025-08-13T01:43:28.487+0000] {processor.py:842} WARNING - No viable dags retrieved from /opt/airflow/dags/playstore_pipeline_dag.py
[2025-08-13T01:43:28.539+0000] {processor.py:183} INFO - Processing /opt/airflow/dags/playstore_pipeline_dag.py took 0.169 seconds
[2025-08-13T01:43:58.994+0000] {processor.py:161} INFO - Started process (PID=202) to work on /opt/airflow/dags/playstore_pipeline_dag.py
[2025-08-13T01:43:58.997+0000] {processor.py:830} INFO - Processing file /opt/airflow/dags/playstore_pipeline_dag.py for tasks to queue
[2025-08-13T01:43:59.006+0000] {logging_mixin.py:188} INFO - [2025-08-13T01:43:59.005+0000] {dagbag.py:545} INFO - Filling up the DagBag from /opt/airflow/dags/playstore_pipeline_dag.py
[2025-08-13T01:43:59.081+0000] {logging_mixin.py:188} INFO - [2025-08-13T01:43:59.081+0000] {playstore_pipeline_dag.py:32} ERROR - Failed to import module 'scraper'. Check if the file exists at '/opt/airflow/scraper_code' and is correctly named. Error: No module named 'google_play_scraper'
[2025-08-13T01:43:59.106+0000] {logging_mixin.py:188} INFO - [2025-08-13T01:43:59.083+0000] {dagbag.py:355} ERROR - Failed to import: /opt/airflow/dags/playstore_pipeline_dag.py
Traceback (most recent call last):
  File "/home/airflow/.local/lib/python3.12/site-packages/airflow/models/dagbag.py", line 351, in parse
    loader.exec_module(new_module)
  File "<frozen importlib._bootstrap_external>", line 995, in exec_module
  File "<frozen importlib._bootstrap>", line 488, in _call_with_frames_removed
  File "/opt/airflow/dags/playstore_pipeline_dag.py", line 35, in <module>
    scraper_module = import_module_safe('scraper', SCRAPER_CODE_PATH)
                     ^^^^^^^^^^^^^^^^^^^^^^^^^^^^^^^^^^^^^^^^^^^^^^^^
  File "/opt/airflow/dags/playstore_pipeline_dag.py", line 28, in import_module_safe
    module = __import__(module_name)
             ^^^^^^^^^^^^^^^^^^^^^^^
  File "/opt/airflow/scraper_code/scraper.py", line 4, in <module>
    from google_play_scraper import reviews, Sort
ModuleNotFoundError: No module named 'google_play_scraper'
[2025-08-13T01:43:59.111+0000] {processor.py:842} WARNING - No viable dags retrieved from /opt/airflow/dags/playstore_pipeline_dag.py
[2025-08-13T01:43:59.162+0000] {processor.py:183} INFO - Processing /opt/airflow/dags/playstore_pipeline_dag.py took 0.191 seconds
[2025-08-13T01:44:29.471+0000] {processor.py:161} INFO - Started process (PID=207) to work on /opt/airflow/dags/playstore_pipeline_dag.py
[2025-08-13T01:44:29.474+0000] {processor.py:830} INFO - Processing file /opt/airflow/dags/playstore_pipeline_dag.py for tasks to queue
[2025-08-13T01:44:29.482+0000] {logging_mixin.py:188} INFO - [2025-08-13T01:44:29.481+0000] {dagbag.py:545} INFO - Filling up the DagBag from /opt/airflow/dags/playstore_pipeline_dag.py
[2025-08-13T01:44:29.594+0000] {logging_mixin.py:188} INFO - [2025-08-13T01:44:29.593+0000] {playstore_pipeline_dag.py:32} ERROR - Failed to import module 'scraper'. Check if the file exists at '/opt/airflow/scraper_code' and is correctly named. Error: No module named 'google_play_scraper'
[2025-08-13T01:44:29.624+0000] {logging_mixin.py:188} INFO - [2025-08-13T01:44:29.596+0000] {dagbag.py:355} ERROR - Failed to import: /opt/airflow/dags/playstore_pipeline_dag.py
Traceback (most recent call last):
  File "/home/airflow/.local/lib/python3.12/site-packages/airflow/models/dagbag.py", line 351, in parse
    loader.exec_module(new_module)
  File "<frozen importlib._bootstrap_external>", line 995, in exec_module
  File "<frozen importlib._bootstrap>", line 488, in _call_with_frames_removed
  File "/opt/airflow/dags/playstore_pipeline_dag.py", line 35, in <module>
    scraper_module = import_module_safe('scraper', SCRAPER_CODE_PATH)
                     ^^^^^^^^^^^^^^^^^^^^^^^^^^^^^^^^^^^^^^^^^^^^^^^^
  File "/opt/airflow/dags/playstore_pipeline_dag.py", line 28, in import_module_safe
    module = __import__(module_name)
             ^^^^^^^^^^^^^^^^^^^^^^^
  File "/opt/airflow/scraper_code/scraper.py", line 4, in <module>
    from google_play_scraper import reviews, Sort
ModuleNotFoundError: No module named 'google_play_scraper'
[2025-08-13T01:44:29.633+0000] {processor.py:842} WARNING - No viable dags retrieved from /opt/airflow/dags/playstore_pipeline_dag.py
[2025-08-13T01:44:29.680+0000] {processor.py:183} INFO - Processing /opt/airflow/dags/playstore_pipeline_dag.py took 0.233 seconds
[2025-08-13T01:45:00.042+0000] {processor.py:161} INFO - Started process (PID=212) to work on /opt/airflow/dags/playstore_pipeline_dag.py
[2025-08-13T01:45:00.045+0000] {processor.py:830} INFO - Processing file /opt/airflow/dags/playstore_pipeline_dag.py for tasks to queue
[2025-08-13T01:45:00.051+0000] {logging_mixin.py:188} INFO - [2025-08-13T01:45:00.050+0000] {dagbag.py:545} INFO - Filling up the DagBag from /opt/airflow/dags/playstore_pipeline_dag.py
[2025-08-13T01:45:00.178+0000] {logging_mixin.py:188} INFO - [2025-08-13T01:45:00.177+0000] {playstore_pipeline_dag.py:32} ERROR - Failed to import module 'scraper'. Check if the file exists at '/opt/airflow/scraper_code' and is correctly named. Error: No module named 'google_play_scraper'
[2025-08-13T01:45:00.200+0000] {logging_mixin.py:188} INFO - [2025-08-13T01:45:00.179+0000] {dagbag.py:355} ERROR - Failed to import: /opt/airflow/dags/playstore_pipeline_dag.py
Traceback (most recent call last):
  File "/home/airflow/.local/lib/python3.12/site-packages/airflow/models/dagbag.py", line 351, in parse
    loader.exec_module(new_module)
  File "<frozen importlib._bootstrap_external>", line 995, in exec_module
  File "<frozen importlib._bootstrap>", line 488, in _call_with_frames_removed
  File "/opt/airflow/dags/playstore_pipeline_dag.py", line 35, in <module>
    scraper_module = import_module_safe('scraper', SCRAPER_CODE_PATH)
                     ^^^^^^^^^^^^^^^^^^^^^^^^^^^^^^^^^^^^^^^^^^^^^^^^
  File "/opt/airflow/dags/playstore_pipeline_dag.py", line 28, in import_module_safe
    module = __import__(module_name)
             ^^^^^^^^^^^^^^^^^^^^^^^
  File "/opt/airflow/scraper_code/scraper.py", line 4, in <module>
    from google_play_scraper import reviews, Sort
ModuleNotFoundError: No module named 'google_play_scraper'
[2025-08-13T01:45:00.225+0000] {processor.py:842} WARNING - No viable dags retrieved from /opt/airflow/dags/playstore_pipeline_dag.py
[2025-08-13T01:45:00.397+0000] {processor.py:183} INFO - Processing /opt/airflow/dags/playstore_pipeline_dag.py took 0.376 seconds
[2025-08-13T01:45:30.788+0000] {processor.py:161} INFO - Started process (PID=217) to work on /opt/airflow/dags/playstore_pipeline_dag.py
[2025-08-13T01:45:30.790+0000] {processor.py:830} INFO - Processing file /opt/airflow/dags/playstore_pipeline_dag.py for tasks to queue
[2025-08-13T01:45:30.795+0000] {logging_mixin.py:188} INFO - [2025-08-13T01:45:30.794+0000] {dagbag.py:545} INFO - Filling up the DagBag from /opt/airflow/dags/playstore_pipeline_dag.py
[2025-08-13T01:45:30.866+0000] {logging_mixin.py:188} INFO - [2025-08-13T01:45:30.865+0000] {playstore_pipeline_dag.py:32} ERROR - Failed to import module 'scraper'. Check if the file exists at '/opt/airflow/scraper_code' and is correctly named. Error: No module named 'google_play_scraper'
[2025-08-13T01:45:30.886+0000] {logging_mixin.py:188} INFO - [2025-08-13T01:45:30.867+0000] {dagbag.py:355} ERROR - Failed to import: /opt/airflow/dags/playstore_pipeline_dag.py
Traceback (most recent call last):
  File "/home/airflow/.local/lib/python3.12/site-packages/airflow/models/dagbag.py", line 351, in parse
    loader.exec_module(new_module)
  File "<frozen importlib._bootstrap_external>", line 995, in exec_module
  File "<frozen importlib._bootstrap>", line 488, in _call_with_frames_removed
  File "/opt/airflow/dags/playstore_pipeline_dag.py", line 35, in <module>
    scraper_module = import_module_safe('scraper', SCRAPER_CODE_PATH)
                     ^^^^^^^^^^^^^^^^^^^^^^^^^^^^^^^^^^^^^^^^^^^^^^^^
  File "/opt/airflow/dags/playstore_pipeline_dag.py", line 28, in import_module_safe
    module = __import__(module_name)
             ^^^^^^^^^^^^^^^^^^^^^^^
  File "/opt/airflow/scraper_code/scraper.py", line 4, in <module>
    from google_play_scraper import reviews, Sort
ModuleNotFoundError: No module named 'google_play_scraper'
[2025-08-13T01:45:30.892+0000] {processor.py:842} WARNING - No viable dags retrieved from /opt/airflow/dags/playstore_pipeline_dag.py
[2025-08-13T01:45:30.935+0000] {processor.py:183} INFO - Processing /opt/airflow/dags/playstore_pipeline_dag.py took 0.164 seconds
[2025-08-13T01:46:01.382+0000] {processor.py:161} INFO - Started process (PID=222) to work on /opt/airflow/dags/playstore_pipeline_dag.py
[2025-08-13T01:46:01.385+0000] {processor.py:830} INFO - Processing file /opt/airflow/dags/playstore_pipeline_dag.py for tasks to queue
[2025-08-13T01:46:01.391+0000] {logging_mixin.py:188} INFO - [2025-08-13T01:46:01.389+0000] {dagbag.py:545} INFO - Filling up the DagBag from /opt/airflow/dags/playstore_pipeline_dag.py
[2025-08-13T01:46:01.470+0000] {logging_mixin.py:188} INFO - [2025-08-13T01:46:01.470+0000] {playstore_pipeline_dag.py:32} ERROR - Failed to import module 'scraper'. Check if the file exists at '/opt/airflow/scraper_code' and is correctly named. Error: No module named 'google_play_scraper'
[2025-08-13T01:46:01.507+0000] {logging_mixin.py:188} INFO - [2025-08-13T01:46:01.473+0000] {dagbag.py:355} ERROR - Failed to import: /opt/airflow/dags/playstore_pipeline_dag.py
Traceback (most recent call last):
  File "/home/airflow/.local/lib/python3.12/site-packages/airflow/models/dagbag.py", line 351, in parse
    loader.exec_module(new_module)
  File "<frozen importlib._bootstrap_external>", line 995, in exec_module
  File "<frozen importlib._bootstrap>", line 488, in _call_with_frames_removed
  File "/opt/airflow/dags/playstore_pipeline_dag.py", line 35, in <module>
    scraper_module = import_module_safe('scraper', SCRAPER_CODE_PATH)
                     ^^^^^^^^^^^^^^^^^^^^^^^^^^^^^^^^^^^^^^^^^^^^^^^^
  File "/opt/airflow/dags/playstore_pipeline_dag.py", line 28, in import_module_safe
    module = __import__(module_name)
             ^^^^^^^^^^^^^^^^^^^^^^^
  File "/opt/airflow/scraper_code/scraper.py", line 4, in <module>
    from google_play_scraper import reviews, Sort
ModuleNotFoundError: No module named 'google_play_scraper'
[2025-08-13T01:46:01.511+0000] {processor.py:842} WARNING - No viable dags retrieved from /opt/airflow/dags/playstore_pipeline_dag.py
[2025-08-13T01:46:01.556+0000] {processor.py:183} INFO - Processing /opt/airflow/dags/playstore_pipeline_dag.py took 0.195 seconds
[2025-08-13T01:46:31.860+0000] {processor.py:161} INFO - Started process (PID=227) to work on /opt/airflow/dags/playstore_pipeline_dag.py
[2025-08-13T01:46:31.862+0000] {processor.py:830} INFO - Processing file /opt/airflow/dags/playstore_pipeline_dag.py for tasks to queue
[2025-08-13T01:46:31.869+0000] {logging_mixin.py:188} INFO - [2025-08-13T01:46:31.868+0000] {dagbag.py:545} INFO - Filling up the DagBag from /opt/airflow/dags/playstore_pipeline_dag.py
[2025-08-13T01:46:31.943+0000] {logging_mixin.py:188} INFO - [2025-08-13T01:46:31.943+0000] {playstore_pipeline_dag.py:32} ERROR - Failed to import module 'scraper'. Check if the file exists at '/opt/airflow/scraper_code' and is correctly named. Error: No module named 'google_play_scraper'
[2025-08-13T01:46:31.967+0000] {logging_mixin.py:188} INFO - [2025-08-13T01:46:31.944+0000] {dagbag.py:355} ERROR - Failed to import: /opt/airflow/dags/playstore_pipeline_dag.py
Traceback (most recent call last):
  File "/home/airflow/.local/lib/python3.12/site-packages/airflow/models/dagbag.py", line 351, in parse
    loader.exec_module(new_module)
  File "<frozen importlib._bootstrap_external>", line 995, in exec_module
  File "<frozen importlib._bootstrap>", line 488, in _call_with_frames_removed
  File "/opt/airflow/dags/playstore_pipeline_dag.py", line 35, in <module>
    scraper_module = import_module_safe('scraper', SCRAPER_CODE_PATH)
                     ^^^^^^^^^^^^^^^^^^^^^^^^^^^^^^^^^^^^^^^^^^^^^^^^
  File "/opt/airflow/dags/playstore_pipeline_dag.py", line 28, in import_module_safe
    module = __import__(module_name)
             ^^^^^^^^^^^^^^^^^^^^^^^
  File "/opt/airflow/scraper_code/scraper.py", line 4, in <module>
    from google_play_scraper import reviews, Sort
ModuleNotFoundError: No module named 'google_play_scraper'
[2025-08-13T01:46:31.973+0000] {processor.py:842} WARNING - No viable dags retrieved from /opt/airflow/dags/playstore_pipeline_dag.py
[2025-08-13T01:46:32.011+0000] {processor.py:183} INFO - Processing /opt/airflow/dags/playstore_pipeline_dag.py took 0.168 seconds
[2025-08-13T01:47:02.453+0000] {processor.py:161} INFO - Started process (PID=232) to work on /opt/airflow/dags/playstore_pipeline_dag.py
[2025-08-13T01:47:02.455+0000] {processor.py:830} INFO - Processing file /opt/airflow/dags/playstore_pipeline_dag.py for tasks to queue
[2025-08-13T01:47:02.461+0000] {logging_mixin.py:188} INFO - [2025-08-13T01:47:02.460+0000] {dagbag.py:545} INFO - Filling up the DagBag from /opt/airflow/dags/playstore_pipeline_dag.py
[2025-08-13T01:47:02.551+0000] {logging_mixin.py:188} INFO - [2025-08-13T01:47:02.550+0000] {playstore_pipeline_dag.py:32} ERROR - Failed to import module 'scraper'. Check if the file exists at '/opt/airflow/scraper_code' and is correctly named. Error: No module named 'google_play_scraper'
[2025-08-13T01:47:02.576+0000] {logging_mixin.py:188} INFO - [2025-08-13T01:47:02.552+0000] {dagbag.py:355} ERROR - Failed to import: /opt/airflow/dags/playstore_pipeline_dag.py
Traceback (most recent call last):
  File "/home/airflow/.local/lib/python3.12/site-packages/airflow/models/dagbag.py", line 351, in parse
    loader.exec_module(new_module)
  File "<frozen importlib._bootstrap_external>", line 995, in exec_module
  File "<frozen importlib._bootstrap>", line 488, in _call_with_frames_removed
  File "/opt/airflow/dags/playstore_pipeline_dag.py", line 35, in <module>
    scraper_module = import_module_safe('scraper', SCRAPER_CODE_PATH)
                     ^^^^^^^^^^^^^^^^^^^^^^^^^^^^^^^^^^^^^^^^^^^^^^^^
  File "/opt/airflow/dags/playstore_pipeline_dag.py", line 28, in import_module_safe
    module = __import__(module_name)
             ^^^^^^^^^^^^^^^^^^^^^^^
  File "/opt/airflow/scraper_code/scraper.py", line 4, in <module>
    from google_play_scraper import reviews, Sort
ModuleNotFoundError: No module named 'google_play_scraper'
[2025-08-13T01:47:02.583+0000] {processor.py:842} WARNING - No viable dags retrieved from /opt/airflow/dags/playstore_pipeline_dag.py
[2025-08-13T01:47:02.638+0000] {processor.py:183} INFO - Processing /opt/airflow/dags/playstore_pipeline_dag.py took 0.203 seconds
[2025-08-13T01:47:32.994+0000] {processor.py:161} INFO - Started process (PID=237) to work on /opt/airflow/dags/playstore_pipeline_dag.py
[2025-08-13T01:47:32.997+0000] {processor.py:830} INFO - Processing file /opt/airflow/dags/playstore_pipeline_dag.py for tasks to queue
[2025-08-13T01:47:33.002+0000] {logging_mixin.py:188} INFO - [2025-08-13T01:47:33.001+0000] {dagbag.py:545} INFO - Filling up the DagBag from /opt/airflow/dags/playstore_pipeline_dag.py
[2025-08-13T01:47:33.074+0000] {logging_mixin.py:188} INFO - [2025-08-13T01:47:33.074+0000] {playstore_pipeline_dag.py:32} ERROR - Failed to import module 'scraper'. Check if the file exists at '/opt/airflow/scraper_code' and is correctly named. Error: No module named 'google_play_scraper'
[2025-08-13T01:47:33.097+0000] {logging_mixin.py:188} INFO - [2025-08-13T01:47:33.077+0000] {dagbag.py:355} ERROR - Failed to import: /opt/airflow/dags/playstore_pipeline_dag.py
Traceback (most recent call last):
  File "/home/airflow/.local/lib/python3.12/site-packages/airflow/models/dagbag.py", line 351, in parse
    loader.exec_module(new_module)
  File "<frozen importlib._bootstrap_external>", line 995, in exec_module
  File "<frozen importlib._bootstrap>", line 488, in _call_with_frames_removed
  File "/opt/airflow/dags/playstore_pipeline_dag.py", line 35, in <module>
    scraper_module = import_module_safe('scraper', SCRAPER_CODE_PATH)
                     ^^^^^^^^^^^^^^^^^^^^^^^^^^^^^^^^^^^^^^^^^^^^^^^^
  File "/opt/airflow/dags/playstore_pipeline_dag.py", line 28, in import_module_safe
    module = __import__(module_name)
             ^^^^^^^^^^^^^^^^^^^^^^^
  File "/opt/airflow/scraper_code/scraper.py", line 4, in <module>
    from google_play_scraper import reviews, Sort
ModuleNotFoundError: No module named 'google_play_scraper'
[2025-08-13T01:47:33.102+0000] {processor.py:842} WARNING - No viable dags retrieved from /opt/airflow/dags/playstore_pipeline_dag.py
[2025-08-13T01:47:33.162+0000] {processor.py:183} INFO - Processing /opt/airflow/dags/playstore_pipeline_dag.py took 0.187 seconds
[2025-08-13T01:48:03.335+0000] {processor.py:161} INFO - Started process (PID=242) to work on /opt/airflow/dags/playstore_pipeline_dag.py
[2025-08-13T01:48:03.337+0000] {processor.py:830} INFO - Processing file /opt/airflow/dags/playstore_pipeline_dag.py for tasks to queue
[2025-08-13T01:48:03.342+0000] {logging_mixin.py:188} INFO - [2025-08-13T01:48:03.341+0000] {dagbag.py:545} INFO - Filling up the DagBag from /opt/airflow/dags/playstore_pipeline_dag.py
[2025-08-13T01:48:03.416+0000] {logging_mixin.py:188} INFO - [2025-08-13T01:48:03.416+0000] {playstore_pipeline_dag.py:32} ERROR - Failed to import module 'scraper'. Check if the file exists at '/opt/airflow/scraper_code' and is correctly named. Error: No module named 'google_play_scraper'
[2025-08-13T01:48:03.437+0000] {logging_mixin.py:188} INFO - [2025-08-13T01:48:03.418+0000] {dagbag.py:355} ERROR - Failed to import: /opt/airflow/dags/playstore_pipeline_dag.py
Traceback (most recent call last):
  File "/home/airflow/.local/lib/python3.12/site-packages/airflow/models/dagbag.py", line 351, in parse
    loader.exec_module(new_module)
  File "<frozen importlib._bootstrap_external>", line 995, in exec_module
  File "<frozen importlib._bootstrap>", line 488, in _call_with_frames_removed
  File "/opt/airflow/dags/playstore_pipeline_dag.py", line 35, in <module>
    scraper_module = import_module_safe('scraper', SCRAPER_CODE_PATH)
                     ^^^^^^^^^^^^^^^^^^^^^^^^^^^^^^^^^^^^^^^^^^^^^^^^
  File "/opt/airflow/dags/playstore_pipeline_dag.py", line 28, in import_module_safe
    module = __import__(module_name)
             ^^^^^^^^^^^^^^^^^^^^^^^
  File "/opt/airflow/scraper_code/scraper.py", line 4, in <module>
    from google_play_scraper import reviews, Sort
ModuleNotFoundError: No module named 'google_play_scraper'
[2025-08-13T01:48:03.443+0000] {processor.py:842} WARNING - No viable dags retrieved from /opt/airflow/dags/playstore_pipeline_dag.py
[2025-08-13T01:48:03.487+0000] {processor.py:183} INFO - Processing /opt/airflow/dags/playstore_pipeline_dag.py took 0.165 seconds
[2025-08-13T01:48:33.718+0000] {processor.py:161} INFO - Started process (PID=247) to work on /opt/airflow/dags/playstore_pipeline_dag.py
[2025-08-13T01:48:33.720+0000] {processor.py:830} INFO - Processing file /opt/airflow/dags/playstore_pipeline_dag.py for tasks to queue
[2025-08-13T01:48:33.724+0000] {logging_mixin.py:188} INFO - [2025-08-13T01:48:33.724+0000] {dagbag.py:545} INFO - Filling up the DagBag from /opt/airflow/dags/playstore_pipeline_dag.py
[2025-08-13T01:48:33.807+0000] {logging_mixin.py:188} INFO - [2025-08-13T01:48:33.806+0000] {playstore_pipeline_dag.py:32} ERROR - Failed to import module 'scraper'. Check if the file exists at '/opt/airflow/scraper_code' and is correctly named. Error: No module named 'google_play_scraper'
[2025-08-13T01:48:33.832+0000] {logging_mixin.py:188} INFO - [2025-08-13T01:48:33.808+0000] {dagbag.py:355} ERROR - Failed to import: /opt/airflow/dags/playstore_pipeline_dag.py
Traceback (most recent call last):
  File "/home/airflow/.local/lib/python3.12/site-packages/airflow/models/dagbag.py", line 351, in parse
    loader.exec_module(new_module)
  File "<frozen importlib._bootstrap_external>", line 995, in exec_module
  File "<frozen importlib._bootstrap>", line 488, in _call_with_frames_removed
  File "/opt/airflow/dags/playstore_pipeline_dag.py", line 35, in <module>
    scraper_module = import_module_safe('scraper', SCRAPER_CODE_PATH)
                     ^^^^^^^^^^^^^^^^^^^^^^^^^^^^^^^^^^^^^^^^^^^^^^^^
  File "/opt/airflow/dags/playstore_pipeline_dag.py", line 28, in import_module_safe
    module = __import__(module_name)
             ^^^^^^^^^^^^^^^^^^^^^^^
  File "/opt/airflow/scraper_code/scraper.py", line 4, in <module>
    from google_play_scraper import reviews, Sort
ModuleNotFoundError: No module named 'google_play_scraper'
[2025-08-13T01:48:33.839+0000] {processor.py:842} WARNING - No viable dags retrieved from /opt/airflow/dags/playstore_pipeline_dag.py
[2025-08-13T01:48:33.888+0000] {processor.py:183} INFO - Processing /opt/airflow/dags/playstore_pipeline_dag.py took 0.185 seconds
[2025-08-13T01:49:04.301+0000] {processor.py:161} INFO - Started process (PID=252) to work on /opt/airflow/dags/playstore_pipeline_dag.py
[2025-08-13T01:49:04.303+0000] {processor.py:830} INFO - Processing file /opt/airflow/dags/playstore_pipeline_dag.py for tasks to queue
[2025-08-13T01:49:04.309+0000] {logging_mixin.py:188} INFO - [2025-08-13T01:49:04.308+0000] {dagbag.py:545} INFO - Filling up the DagBag from /opt/airflow/dags/playstore_pipeline_dag.py
[2025-08-13T01:49:04.381+0000] {logging_mixin.py:188} INFO - [2025-08-13T01:49:04.380+0000] {playstore_pipeline_dag.py:32} ERROR - Failed to import module 'scraper'. Check if the file exists at '/opt/airflow/scraper_code' and is correctly named. Error: No module named 'google_play_scraper'
[2025-08-13T01:49:04.403+0000] {logging_mixin.py:188} INFO - [2025-08-13T01:49:04.382+0000] {dagbag.py:355} ERROR - Failed to import: /opt/airflow/dags/playstore_pipeline_dag.py
Traceback (most recent call last):
  File "/home/airflow/.local/lib/python3.12/site-packages/airflow/models/dagbag.py", line 351, in parse
    loader.exec_module(new_module)
  File "<frozen importlib._bootstrap_external>", line 995, in exec_module
  File "<frozen importlib._bootstrap>", line 488, in _call_with_frames_removed
  File "/opt/airflow/dags/playstore_pipeline_dag.py", line 35, in <module>
    scraper_module = import_module_safe('scraper', SCRAPER_CODE_PATH)
                     ^^^^^^^^^^^^^^^^^^^^^^^^^^^^^^^^^^^^^^^^^^^^^^^^
  File "/opt/airflow/dags/playstore_pipeline_dag.py", line 28, in import_module_safe
    module = __import__(module_name)
             ^^^^^^^^^^^^^^^^^^^^^^^
  File "/opt/airflow/scraper_code/scraper.py", line 4, in <module>
    from google_play_scraper import reviews, Sort
ModuleNotFoundError: No module named 'google_play_scraper'
[2025-08-13T01:49:04.409+0000] {processor.py:842} WARNING - No viable dags retrieved from /opt/airflow/dags/playstore_pipeline_dag.py
[2025-08-13T01:49:04.453+0000] {processor.py:183} INFO - Processing /opt/airflow/dags/playstore_pipeline_dag.py took 0.166 seconds
[2025-08-13T01:49:34.735+0000] {processor.py:161} INFO - Started process (PID=257) to work on /opt/airflow/dags/playstore_pipeline_dag.py
[2025-08-13T01:49:34.737+0000] {processor.py:830} INFO - Processing file /opt/airflow/dags/playstore_pipeline_dag.py for tasks to queue
[2025-08-13T01:49:34.742+0000] {logging_mixin.py:188} INFO - [2025-08-13T01:49:34.741+0000] {dagbag.py:545} INFO - Filling up the DagBag from /opt/airflow/dags/playstore_pipeline_dag.py
[2025-08-13T01:49:34.824+0000] {logging_mixin.py:188} INFO - [2025-08-13T01:49:34.823+0000] {playstore_pipeline_dag.py:32} ERROR - Failed to import module 'scraper'. Check if the file exists at '/opt/airflow/scraper_code' and is correctly named. Error: No module named 'google_play_scraper'
[2025-08-13T01:49:34.848+0000] {logging_mixin.py:188} INFO - [2025-08-13T01:49:34.825+0000] {dagbag.py:355} ERROR - Failed to import: /opt/airflow/dags/playstore_pipeline_dag.py
Traceback (most recent call last):
  File "/home/airflow/.local/lib/python3.12/site-packages/airflow/models/dagbag.py", line 351, in parse
    loader.exec_module(new_module)
  File "<frozen importlib._bootstrap_external>", line 995, in exec_module
  File "<frozen importlib._bootstrap>", line 488, in _call_with_frames_removed
  File "/opt/airflow/dags/playstore_pipeline_dag.py", line 35, in <module>
    scraper_module = import_module_safe('scraper', SCRAPER_CODE_PATH)
                     ^^^^^^^^^^^^^^^^^^^^^^^^^^^^^^^^^^^^^^^^^^^^^^^^
  File "/opt/airflow/dags/playstore_pipeline_dag.py", line 28, in import_module_safe
    module = __import__(module_name)
             ^^^^^^^^^^^^^^^^^^^^^^^
  File "/opt/airflow/scraper_code/scraper.py", line 4, in <module>
    from google_play_scraper import reviews, Sort
ModuleNotFoundError: No module named 'google_play_scraper'
[2025-08-13T01:49:34.855+0000] {processor.py:842} WARNING - No viable dags retrieved from /opt/airflow/dags/playstore_pipeline_dag.py
[2025-08-13T01:49:34.903+0000] {processor.py:183} INFO - Processing /opt/airflow/dags/playstore_pipeline_dag.py took 0.182 seconds
[2025-08-13T01:50:05.308+0000] {processor.py:161} INFO - Started process (PID=262) to work on /opt/airflow/dags/playstore_pipeline_dag.py
[2025-08-13T01:50:05.315+0000] {processor.py:830} INFO - Processing file /opt/airflow/dags/playstore_pipeline_dag.py for tasks to queue
[2025-08-13T01:50:05.323+0000] {logging_mixin.py:188} INFO - [2025-08-13T01:50:05.321+0000] {dagbag.py:545} INFO - Filling up the DagBag from /opt/airflow/dags/playstore_pipeline_dag.py
[2025-08-13T01:50:05.396+0000] {logging_mixin.py:188} INFO - [2025-08-13T01:50:05.396+0000] {playstore_pipeline_dag.py:32} ERROR - Failed to import module 'scraper'. Check if the file exists at '/opt/airflow/scraper_code' and is correctly named. Error: No module named 'google_play_scraper'
[2025-08-13T01:50:05.411+0000] {logging_mixin.py:188} INFO - [2025-08-13T01:50:05.397+0000] {dagbag.py:355} ERROR - Failed to import: /opt/airflow/dags/playstore_pipeline_dag.py
Traceback (most recent call last):
  File "/home/airflow/.local/lib/python3.12/site-packages/airflow/models/dagbag.py", line 351, in parse
    loader.exec_module(new_module)
  File "<frozen importlib._bootstrap_external>", line 995, in exec_module
  File "<frozen importlib._bootstrap>", line 488, in _call_with_frames_removed
  File "/opt/airflow/dags/playstore_pipeline_dag.py", line 35, in <module>
    scraper_module = import_module_safe('scraper', SCRAPER_CODE_PATH)
                     ^^^^^^^^^^^^^^^^^^^^^^^^^^^^^^^^^^^^^^^^^^^^^^^^
  File "/opt/airflow/dags/playstore_pipeline_dag.py", line 28, in import_module_safe
    module = __import__(module_name)
             ^^^^^^^^^^^^^^^^^^^^^^^
  File "/opt/airflow/scraper_code/scraper.py", line 4, in <module>
    from google_play_scraper import reviews, Sort
ModuleNotFoundError: No module named 'google_play_scraper'
[2025-08-13T01:50:05.415+0000] {processor.py:842} WARNING - No viable dags retrieved from /opt/airflow/dags/playstore_pipeline_dag.py
[2025-08-13T01:50:05.452+0000] {processor.py:183} INFO - Processing /opt/airflow/dags/playstore_pipeline_dag.py took 0.164 seconds
[2025-08-13T01:50:35.957+0000] {processor.py:161} INFO - Started process (PID=267) to work on /opt/airflow/dags/playstore_pipeline_dag.py
[2025-08-13T01:50:35.959+0000] {processor.py:830} INFO - Processing file /opt/airflow/dags/playstore_pipeline_dag.py for tasks to queue
[2025-08-13T01:50:35.964+0000] {logging_mixin.py:188} INFO - [2025-08-13T01:50:35.963+0000] {dagbag.py:545} INFO - Filling up the DagBag from /opt/airflow/dags/playstore_pipeline_dag.py
[2025-08-13T01:50:36.039+0000] {logging_mixin.py:188} INFO - [2025-08-13T01:50:36.039+0000] {playstore_pipeline_dag.py:32} ERROR - Failed to import module 'scraper'. Check if the file exists at '/opt/airflow/scraper_code' and is correctly named. Error: No module named 'google_play_scraper'
[2025-08-13T01:50:36.062+0000] {logging_mixin.py:188} INFO - [2025-08-13T01:50:36.041+0000] {dagbag.py:355} ERROR - Failed to import: /opt/airflow/dags/playstore_pipeline_dag.py
Traceback (most recent call last):
  File "/home/airflow/.local/lib/python3.12/site-packages/airflow/models/dagbag.py", line 351, in parse
    loader.exec_module(new_module)
  File "<frozen importlib._bootstrap_external>", line 995, in exec_module
  File "<frozen importlib._bootstrap>", line 488, in _call_with_frames_removed
  File "/opt/airflow/dags/playstore_pipeline_dag.py", line 35, in <module>
    scraper_module = import_module_safe('scraper', SCRAPER_CODE_PATH)
                     ^^^^^^^^^^^^^^^^^^^^^^^^^^^^^^^^^^^^^^^^^^^^^^^^
  File "/opt/airflow/dags/playstore_pipeline_dag.py", line 28, in import_module_safe
    module = __import__(module_name)
             ^^^^^^^^^^^^^^^^^^^^^^^
  File "/opt/airflow/scraper_code/scraper.py", line 4, in <module>
    from google_play_scraper import reviews, Sort
ModuleNotFoundError: No module named 'google_play_scraper'
[2025-08-13T01:50:36.070+0000] {processor.py:842} WARNING - No viable dags retrieved from /opt/airflow/dags/playstore_pipeline_dag.py
[2025-08-13T01:50:36.126+0000] {processor.py:183} INFO - Processing /opt/airflow/dags/playstore_pipeline_dag.py took 0.190 seconds
[2025-08-13T01:50:43.448+0000] {processor.py:161} INFO - Started process (PID=272) to work on /opt/airflow/dags/playstore_pipeline_dag.py
[2025-08-13T01:50:43.452+0000] {processor.py:830} INFO - Processing file /opt/airflow/dags/playstore_pipeline_dag.py for tasks to queue
[2025-08-13T01:50:43.458+0000] {logging_mixin.py:188} INFO - [2025-08-13T01:50:43.457+0000] {dagbag.py:545} INFO - Filling up the DagBag from /opt/airflow/dags/playstore_pipeline_dag.py
[2025-08-13T01:50:43.560+0000] {logging_mixin.py:188} INFO - [2025-08-13T01:50:43.560+0000] {playstore_pipeline_dag.py:32} ERROR - Failed to import module 'scraper'. Check if the file exists at '/opt/airflow/scraper_code' and is correctly named. Error: No module named 'google_play_scraper'
[2025-08-13T01:50:43.578+0000] {logging_mixin.py:188} INFO - [2025-08-13T01:50:43.561+0000] {dagbag.py:355} ERROR - Failed to import: /opt/airflow/dags/playstore_pipeline_dag.py
Traceback (most recent call last):
  File "/home/airflow/.local/lib/python3.12/site-packages/airflow/models/dagbag.py", line 351, in parse
    loader.exec_module(new_module)
  File "<frozen importlib._bootstrap_external>", line 995, in exec_module
  File "<frozen importlib._bootstrap>", line 488, in _call_with_frames_removed
  File "/opt/airflow/dags/playstore_pipeline_dag.py", line 35, in <module>
    scraper_module = import_module_safe('scraper', SCRAPER_CODE_PATH)
                     ^^^^^^^^^^^^^^^^^^^^^^^^^^^^^^^^^^^^^^^^^^^^^^^^
  File "/opt/airflow/dags/playstore_pipeline_dag.py", line 28, in import_module_safe
    module = __import__(module_name)
             ^^^^^^^^^^^^^^^^^^^^^^^
  File "/opt/airflow/scraper_code/scraper.py", line 4, in <module>
    from google_play_scraper import reviews, Sort
ModuleNotFoundError: No module named 'google_play_scraper'
[2025-08-13T01:50:43.584+0000] {processor.py:842} WARNING - No viable dags retrieved from /opt/airflow/dags/playstore_pipeline_dag.py
[2025-08-13T01:50:43.627+0000] {processor.py:183} INFO - Processing /opt/airflow/dags/playstore_pipeline_dag.py took 0.205 seconds
[2025-08-13T01:51:13.773+0000] {processor.py:161} INFO - Started process (PID=277) to work on /opt/airflow/dags/playstore_pipeline_dag.py
[2025-08-13T01:51:13.776+0000] {processor.py:830} INFO - Processing file /opt/airflow/dags/playstore_pipeline_dag.py for tasks to queue
[2025-08-13T01:51:13.780+0000] {logging_mixin.py:188} INFO - [2025-08-13T01:51:13.779+0000] {dagbag.py:545} INFO - Filling up the DagBag from /opt/airflow/dags/playstore_pipeline_dag.py
[2025-08-13T01:51:13.849+0000] {logging_mixin.py:188} INFO - [2025-08-13T01:51:13.849+0000] {playstore_pipeline_dag.py:32} ERROR - Failed to import module 'scraper'. Check if the file exists at '/opt/airflow/scraper_code' and is correctly named. Error: No module named 'google_play_scraper'
[2025-08-13T01:51:13.869+0000] {logging_mixin.py:188} INFO - [2025-08-13T01:51:13.850+0000] {dagbag.py:355} ERROR - Failed to import: /opt/airflow/dags/playstore_pipeline_dag.py
Traceback (most recent call last):
  File "/home/airflow/.local/lib/python3.12/site-packages/airflow/models/dagbag.py", line 351, in parse
    loader.exec_module(new_module)
  File "<frozen importlib._bootstrap_external>", line 995, in exec_module
  File "<frozen importlib._bootstrap>", line 488, in _call_with_frames_removed
  File "/opt/airflow/dags/playstore_pipeline_dag.py", line 35, in <module>
    scraper_module = import_module_safe('scraper', SCRAPER_CODE_PATH)
                     ^^^^^^^^^^^^^^^^^^^^^^^^^^^^^^^^^^^^^^^^^^^^^^^^
  File "/opt/airflow/dags/playstore_pipeline_dag.py", line 28, in import_module_safe
    module = __import__(module_name)
             ^^^^^^^^^^^^^^^^^^^^^^^
  File "/opt/airflow/scraper_code/scraper.py", line 4, in <module>
    from google_play_scraper import reviews, Sort
ModuleNotFoundError: No module named 'google_play_scraper'
[2025-08-13T01:51:13.876+0000] {processor.py:842} WARNING - No viable dags retrieved from /opt/airflow/dags/playstore_pipeline_dag.py
[2025-08-13T01:51:13.921+0000] {processor.py:183} INFO - Processing /opt/airflow/dags/playstore_pipeline_dag.py took 0.160 seconds
[2025-08-13T01:51:44.177+0000] {processor.py:161} INFO - Started process (PID=282) to work on /opt/airflow/dags/playstore_pipeline_dag.py
[2025-08-13T01:51:44.180+0000] {processor.py:830} INFO - Processing file /opt/airflow/dags/playstore_pipeline_dag.py for tasks to queue
[2025-08-13T01:51:44.186+0000] {logging_mixin.py:188} INFO - [2025-08-13T01:51:44.185+0000] {dagbag.py:545} INFO - Filling up the DagBag from /opt/airflow/dags/playstore_pipeline_dag.py
[2025-08-13T01:51:44.271+0000] {logging_mixin.py:188} INFO - [2025-08-13T01:51:44.271+0000] {playstore_pipeline_dag.py:32} ERROR - Failed to import module 'scraper'. Check if the file exists at '/opt/airflow/scraper_code' and is correctly named. Error: No module named 'google_play_scraper'
[2025-08-13T01:51:44.298+0000] {logging_mixin.py:188} INFO - [2025-08-13T01:51:44.273+0000] {dagbag.py:355} ERROR - Failed to import: /opt/airflow/dags/playstore_pipeline_dag.py
Traceback (most recent call last):
  File "/home/airflow/.local/lib/python3.12/site-packages/airflow/models/dagbag.py", line 351, in parse
    loader.exec_module(new_module)
  File "<frozen importlib._bootstrap_external>", line 995, in exec_module
  File "<frozen importlib._bootstrap>", line 488, in _call_with_frames_removed
  File "/opt/airflow/dags/playstore_pipeline_dag.py", line 35, in <module>
    scraper_module = import_module_safe('scraper', SCRAPER_CODE_PATH)
                     ^^^^^^^^^^^^^^^^^^^^^^^^^^^^^^^^^^^^^^^^^^^^^^^^
  File "/opt/airflow/dags/playstore_pipeline_dag.py", line 28, in import_module_safe
    module = __import__(module_name)
             ^^^^^^^^^^^^^^^^^^^^^^^
  File "/opt/airflow/scraper_code/scraper.py", line 4, in <module>
    from google_play_scraper import reviews, Sort
ModuleNotFoundError: No module named 'google_play_scraper'
[2025-08-13T01:51:44.303+0000] {processor.py:842} WARNING - No viable dags retrieved from /opt/airflow/dags/playstore_pipeline_dag.py
[2025-08-13T01:51:44.349+0000] {processor.py:183} INFO - Processing /opt/airflow/dags/playstore_pipeline_dag.py took 0.195 seconds
