[2025-08-14T01:55:16.671+0000] {local_task_job_runner.py:120} INFO - ::group::Pre task execution logs
[2025-08-14T01:55:16.737+0000] {taskinstance.py:2076} INFO - Dependencies all met for dep_context=non-requeueable deps ti=<TaskInstance: playstore_review_etl_pipeline.extract_raw_reviews manual__2025-08-14T01:55:13.481843+00:00 [queued]>
[2025-08-14T01:55:16.756+0000] {taskinstance.py:2076} INFO - Dependencies all met for dep_context=requeueable deps ti=<TaskInstance: playstore_review_etl_pipeline.extract_raw_reviews manual__2025-08-14T01:55:13.481843+00:00 [queued]>
[2025-08-14T01:55:16.759+0000] {taskinstance.py:2306} INFO - Starting attempt 1 of 3
[2025-08-14T01:55:16.781+0000] {taskinstance.py:2330} INFO - Executing <Task(PythonOperator): extract_raw_reviews> on 2025-08-14 01:55:13.481843+00:00
[2025-08-14T01:55:16.800+0000] {standard_task_runner.py:90} INFO - Running: ['***', 'tasks', 'run', 'playstore_review_etl_pipeline', 'extract_raw_reviews', 'manual__2025-08-14T01:55:13.481843+00:00', '--job-id', '105', '--raw', '--subdir', 'DAGS_FOLDER/my_pipeline.py', '--cfg-path', '/tmp/tmp2pnywyux']
[2025-08-14T01:55:16.807+0000] {standard_task_runner.py:91} INFO - Job 105: Subtask extract_raw_reviews
[2025-08-14T01:55:16.807+0000] {logging_mixin.py:188} WARNING - /home/***/.local/lib/python3.12/site-packages/***/task/task_runner/standard_task_runner.py:61 DeprecationWarning: This process (pid=407) is multi-threaded, use of fork() may lead to deadlocks in the child.
[2025-08-14T01:55:16.809+0000] {standard_task_runner.py:63} INFO - Started process 409 to run task
[2025-08-14T01:55:16.899+0000] {task_command.py:426} INFO - Running <TaskInstance: playstore_review_etl_pipeline.extract_raw_reviews manual__2025-08-14T01:55:13.481843+00:00 [running]> on host 143d81e2049f
[2025-08-14T01:55:17.077+0000] {taskinstance.py:2648} INFO - Exporting env vars: AIRFLOW_CTX_DAG_EMAIL='your_email@domain.com' AIRFLOW_CTX_DAG_OWNER='data_engineering_team' AIRFLOW_CTX_DAG_ID='playstore_review_etl_pipeline' AIRFLOW_CTX_TASK_ID='extract_raw_reviews' AIRFLOW_CTX_EXECUTION_DATE='2025-08-14T01:55:13.481843+00:00' AIRFLOW_CTX_TRY_NUMBER='1' AIRFLOW_CTX_DAG_RUN_ID='manual__2025-08-14T01:55:13.481843+00:00'
[2025-08-14T01:55:17.079+0000] {taskinstance.py:430} INFO - ::endgroup::
[2025-08-14T01:55:17.112+0000] {my_pipeline.py:41} INFO - Starting Scraper Task...
[2025-08-14T01:55:17.113+0000] {my_pipeline.py:46} INFO - Calling scraper.main()...
[2025-08-14T01:55:17.114+0000] {scraper.py:172} INFO - === Google Play Store Review Scraper (SQLite) Started ===
[2025-08-14T01:55:17.116+0000] {scraper.py:31} INFO - Connected to SQLite database at /app/database/reviews.db
[2025-08-14T01:55:17.117+0000] {scraper.py:71} INFO - Starting to scrape reviews for AliExpress (com.alibaba.aliexpresshd)...
[2025-08-14T01:55:17.120+0000] {scraper.py:63} INFO - RawAppReviews table checked/created successfully.
[2025-08-14T01:55:18.448+0000] {scraper.py:89} INFO -   Processing batch 1 for AliExpress...
[2025-08-14T01:55:18.474+0000] {scraper.py:136} INFO -     Batch 1 committed. Reviews processed: 100, New inserts: 0, Total inserted: 0
[2025-08-14T01:55:18.475+0000] {scraper.py:147} INFO -   Pausing for 1 second(s) before next batch...
[2025-08-14T01:55:20.784+0000] {scraper.py:89} INFO -   Processing batch 2 for AliExpress...
[2025-08-14T01:55:20.806+0000] {scraper.py:136} INFO -     Batch 2 committed. Reviews processed: 100, New inserts: 0, Total inserted: 0
[2025-08-14T01:55:20.808+0000] {scraper.py:147} INFO -   Pausing for 1 second(s) before next batch...
[2025-08-14T01:55:23.189+0000] {scraper.py:89} INFO -   Processing batch 3 for AliExpress...
[2025-08-14T01:55:23.203+0000] {scraper.py:136} INFO -     Batch 3 committed. Reviews processed: 100, New inserts: 0, Total inserted: 0
[2025-08-14T01:55:23.206+0000] {scraper.py:147} INFO -   Pausing for 1 second(s) before next batch...
[2025-08-14T01:55:25.636+0000] {scraper.py:89} INFO -   Processing batch 4 for AliExpress...
[2025-08-14T01:55:25.667+0000] {scraper.py:136} INFO -     Batch 4 committed. Reviews processed: 100, New inserts: 0, Total inserted: 0
[2025-08-14T01:55:25.670+0000] {scraper.py:147} INFO -   Pausing for 1 second(s) before next batch...
[2025-08-14T01:55:28.030+0000] {scraper.py:89} INFO -   Processing batch 5 for AliExpress...
[2025-08-14T01:55:28.058+0000] {scraper.py:136} INFO -     Batch 5 committed. Reviews processed: 100, New inserts: 0, Total inserted: 0
[2025-08-14T01:55:28.060+0000] {scraper.py:162} INFO - --- Finished scraping for AliExpress. Total processed: 500, Total new inserts: 0 ---
[2025-08-14T01:55:28.061+0000] {scraper.py:71} INFO - Starting to scrape reviews for Alibaba (com.alibaba.intl.android.apps.poseidon)...
[2025-08-14T01:55:28.063+0000] {scraper.py:63} INFO - RawAppReviews table checked/created successfully.
[2025-08-14T01:55:29.305+0000] {scraper.py:89} INFO -   Processing batch 1 for Alibaba...
[2025-08-14T01:55:29.323+0000] {scraper.py:136} INFO -     Batch 1 committed. Reviews processed: 100, New inserts: 0, Total inserted: 0
[2025-08-14T01:55:29.324+0000] {scraper.py:147} INFO -   Pausing for 1 second(s) before next batch...
[2025-08-14T01:55:31.631+0000] {scraper.py:89} INFO -   Processing batch 2 for Alibaba...
[2025-08-14T01:55:31.681+0000] {scraper.py:136} INFO -     Batch 2 committed. Reviews processed: 100, New inserts: 0, Total inserted: 0
[2025-08-14T01:55:31.690+0000] {scraper.py:147} INFO -   Pausing for 1 second(s) before next batch...
[2025-08-14T01:55:33.947+0000] {scraper.py:89} INFO -   Processing batch 3 for Alibaba...
[2025-08-14T01:55:33.976+0000] {scraper.py:136} INFO -     Batch 3 committed. Reviews processed: 100, New inserts: 0, Total inserted: 0
[2025-08-14T01:55:33.978+0000] {scraper.py:147} INFO -   Pausing for 1 second(s) before next batch...
[2025-08-14T01:55:36.289+0000] {scraper.py:89} INFO -   Processing batch 4 for Alibaba...
[2025-08-14T01:55:36.307+0000] {scraper.py:136} INFO -     Batch 4 committed. Reviews processed: 100, New inserts: 0, Total inserted: 0
[2025-08-14T01:55:36.308+0000] {scraper.py:147} INFO -   Pausing for 1 second(s) before next batch...
[2025-08-14T01:55:38.631+0000] {scraper.py:89} INFO -   Processing batch 5 for Alibaba...
[2025-08-14T01:55:38.655+0000] {scraper.py:136} INFO -     Batch 5 committed. Reviews processed: 100, New inserts: 0, Total inserted: 0
[2025-08-14T01:55:38.656+0000] {scraper.py:162} INFO - --- Finished scraping for Alibaba. Total processed: 500, Total new inserts: 0 ---
[2025-08-14T01:55:38.658+0000] {scraper.py:71} INFO - Starting to scrape reviews for Jiji (ng.jiji.app)...
[2025-08-14T01:55:38.662+0000] {scraper.py:63} INFO - RawAppReviews table checked/created successfully.
[2025-08-14T01:55:39.653+0000] {scraper.py:89} INFO -   Processing batch 1 for Jiji...
[2025-08-14T01:55:39.671+0000] {scraper.py:136} INFO -     Batch 1 committed. Reviews processed: 100, New inserts: 0, Total inserted: 0
[2025-08-14T01:55:39.672+0000] {scraper.py:147} INFO -   Pausing for 1 second(s) before next batch...
[2025-08-14T01:55:42.060+0000] {scraper.py:89} INFO -   Processing batch 2 for Jiji...
[2025-08-14T01:55:42.079+0000] {scraper.py:136} INFO -     Batch 2 committed. Reviews processed: 100, New inserts: 0, Total inserted: 0
[2025-08-14T01:55:42.081+0000] {scraper.py:147} INFO -   Pausing for 1 second(s) before next batch...
[2025-08-14T01:55:44.420+0000] {scraper.py:89} INFO -   Processing batch 3 for Jiji...
[2025-08-14T01:55:44.452+0000] {scraper.py:136} INFO -     Batch 3 committed. Reviews processed: 100, New inserts: 0, Total inserted: 0
[2025-08-14T01:55:44.454+0000] {scraper.py:147} INFO -   Pausing for 1 second(s) before next batch...
[2025-08-14T01:55:46.754+0000] {scraper.py:89} INFO -   Processing batch 4 for Jiji...
[2025-08-14T01:55:46.775+0000] {scraper.py:136} INFO -     Batch 4 committed. Reviews processed: 100, New inserts: 0, Total inserted: 0
[2025-08-14T01:55:46.777+0000] {scraper.py:147} INFO -   Pausing for 1 second(s) before next batch...
[2025-08-14T01:55:48.965+0000] {scraper.py:89} INFO -   Processing batch 5 for Jiji...
[2025-08-14T01:55:48.987+0000] {scraper.py:136} INFO -     Batch 5 committed. Reviews processed: 100, New inserts: 0, Total inserted: 0
[2025-08-14T01:55:48.990+0000] {scraper.py:162} INFO - --- Finished scraping for Jiji. Total processed: 500, Total new inserts: 0 ---
[2025-08-14T01:55:48.991+0000] {scraper.py:192} INFO - === Scraper Run Completed Successfully! Duration: 0:00:31.876260, Total New Reviews Inserted: 0 ===
[2025-08-14T01:55:48.993+0000] {scraper.py:204} INFO - Database connection closed.
[2025-08-14T01:55:48.994+0000] {my_pipeline.py:48} INFO - Scraper task completed successfully.
[2025-08-14T01:55:48.996+0000] {python.py:237} INFO - Done. Returned value was: None
[2025-08-14T01:55:48.999+0000] {taskinstance.py:441} INFO - ::group::Post task execution logs
[2025-08-14T01:55:49.026+0000] {taskinstance.py:1206} INFO - Marking task as SUCCESS. dag_id=playstore_review_etl_pipeline, task_id=extract_raw_reviews, run_id=manual__2025-08-14T01:55:13.481843+00:00, execution_date=20250814T015513, start_date=20250814T015516, end_date=20250814T015549
[2025-08-14T01:55:49.092+0000] {local_task_job_runner.py:240} INFO - Task exited with return code 0
[2025-08-14T01:55:49.139+0000] {taskinstance.py:3498} INFO - 1 downstream tasks scheduled from follow-on schedule check
[2025-08-14T01:55:49.147+0000] {local_task_job_runner.py:222} INFO - ::endgroup::
