[2025-08-13T14:19:18.952+0000] {local_task_job_runner.py:120} INFO - ::group::Pre task execution logs
[2025-08-13T14:19:19.025+0000] {taskinstance.py:2076} INFO - Dependencies all met for dep_context=non-requeueable deps ti=<TaskInstance: playstore_review_etl_pipeline.extract_raw_reviews manual__2025-08-13T14:19:12.175020+00:00 [queued]>
[2025-08-13T14:19:19.042+0000] {taskinstance.py:2076} INFO - Dependencies all met for dep_context=requeueable deps ti=<TaskInstance: playstore_review_etl_pipeline.extract_raw_reviews manual__2025-08-13T14:19:12.175020+00:00 [queued]>
[2025-08-13T14:19:19.044+0000] {taskinstance.py:2306} INFO - Starting attempt 1 of 3
[2025-08-13T14:19:19.065+0000] {taskinstance.py:2330} INFO - Executing <Task(PythonOperator): extract_raw_reviews> on 2025-08-13 14:19:12.175020+00:00
[2025-08-13T14:19:19.081+0000] {standard_task_runner.py:90} INFO - Running: ['***', 'tasks', 'run', 'playstore_review_etl_pipeline', 'extract_raw_reviews', 'manual__2025-08-13T14:19:12.175020+00:00', '--job-id', '94', '--raw', '--subdir', 'DAGS_FOLDER/my_pipeline.py', '--cfg-path', '/tmp/tmpwdzbbqsa']
[2025-08-13T14:19:19.087+0000] {standard_task_runner.py:91} INFO - Job 94: Subtask extract_raw_reviews
[2025-08-13T14:19:19.091+0000] {logging_mixin.py:188} WARNING - /home/***/.local/lib/python3.12/site-packages/***/task/task_runner/standard_task_runner.py:61 DeprecationWarning: This process (pid=185) is multi-threaded, use of fork() may lead to deadlocks in the child.
[2025-08-13T14:19:19.093+0000] {standard_task_runner.py:63} INFO - Started process 187 to run task
[2025-08-13T14:19:19.176+0000] {task_command.py:426} INFO - Running <TaskInstance: playstore_review_etl_pipeline.extract_raw_reviews manual__2025-08-13T14:19:12.175020+00:00 [running]> on host 7e4a8a0213c3
[2025-08-13T14:19:19.371+0000] {taskinstance.py:2648} INFO - Exporting env vars: AIRFLOW_CTX_DAG_EMAIL='your_email@domain.com' AIRFLOW_CTX_DAG_OWNER='data_engineering_team' AIRFLOW_CTX_DAG_ID='playstore_review_etl_pipeline' AIRFLOW_CTX_TASK_ID='extract_raw_reviews' AIRFLOW_CTX_EXECUTION_DATE='2025-08-13T14:19:12.175020+00:00' AIRFLOW_CTX_TRY_NUMBER='1' AIRFLOW_CTX_DAG_RUN_ID='manual__2025-08-13T14:19:12.175020+00:00'
[2025-08-13T14:19:19.374+0000] {taskinstance.py:430} INFO - ::endgroup::
[2025-08-13T14:19:19.462+0000] {my_pipeline.py:41} INFO - Starting Scraper Task...
[2025-08-13T14:19:19.463+0000] {my_pipeline.py:46} INFO - Calling scraper.main()...
[2025-08-13T14:19:19.465+0000] {scraper.py:172} INFO - === Google Play Store Review Scraper (SQLite) Started ===
[2025-08-13T14:19:19.469+0000] {scraper.py:31} INFO - Connected to SQLite database at /app/database/reviews.db
[2025-08-13T14:19:19.471+0000] {scraper.py:71} INFO - Starting to scrape reviews for AliExpress (com.alibaba.aliexpresshd)...
[2025-08-13T14:19:19.473+0000] {scraper.py:63} INFO - RawAppReviews table checked/created successfully.
[2025-08-13T14:19:20.858+0000] {scraper.py:89} INFO -   Processing batch 1 for AliExpress...
[2025-08-13T14:19:20.887+0000] {scraper.py:136} INFO -     Batch 1 committed. Reviews processed: 100, New inserts: 1, Total inserted: 1
[2025-08-13T14:19:20.888+0000] {scraper.py:147} INFO -   Pausing for 1 second(s) before next batch...
[2025-08-13T14:19:22.955+0000] {scraper.py:89} INFO -   Processing batch 2 for AliExpress...
[2025-08-13T14:19:22.972+0000] {scraper.py:136} INFO -     Batch 2 committed. Reviews processed: 100, New inserts: 1, Total inserted: 2
[2025-08-13T14:19:22.973+0000] {scraper.py:147} INFO -   Pausing for 1 second(s) before next batch...
[2025-08-13T14:19:25.202+0000] {scraper.py:89} INFO -   Processing batch 3 for AliExpress...
[2025-08-13T14:19:25.240+0000] {scraper.py:136} INFO -     Batch 3 committed. Reviews processed: 100, New inserts: 1, Total inserted: 3
[2025-08-13T14:19:25.241+0000] {scraper.py:147} INFO -   Pausing for 1 second(s) before next batch...
[2025-08-13T14:19:27.351+0000] {scraper.py:89} INFO -   Processing batch 4 for AliExpress...
[2025-08-13T14:19:27.375+0000] {scraper.py:136} INFO -     Batch 4 committed. Reviews processed: 100, New inserts: 1, Total inserted: 4
[2025-08-13T14:19:27.377+0000] {scraper.py:147} INFO -   Pausing for 1 second(s) before next batch...
[2025-08-13T14:19:29.446+0000] {scraper.py:89} INFO -   Processing batch 5 for AliExpress...
[2025-08-13T14:19:29.477+0000] {scraper.py:136} INFO -     Batch 5 committed. Reviews processed: 100, New inserts: 1, Total inserted: 5
[2025-08-13T14:19:29.479+0000] {scraper.py:162} INFO - --- Finished scraping for AliExpress. Total processed: 500, Total new inserts: 5 ---
[2025-08-13T14:19:29.482+0000] {scraper.py:71} INFO - Starting to scrape reviews for Alibaba (com.alibaba.intl.android.apps.poseidon)...
[2025-08-13T14:19:29.483+0000] {scraper.py:63} INFO - RawAppReviews table checked/created successfully.
[2025-08-13T14:19:30.423+0000] {scraper.py:89} INFO -   Processing batch 1 for Alibaba...
[2025-08-13T14:19:30.482+0000] {scraper.py:136} INFO -     Batch 1 committed. Reviews processed: 100, New inserts: 1, Total inserted: 1
[2025-08-13T14:19:30.484+0000] {scraper.py:147} INFO -   Pausing for 1 second(s) before next batch...
[2025-08-13T14:19:32.534+0000] {scraper.py:89} INFO -   Processing batch 2 for Alibaba...
[2025-08-13T14:19:32.559+0000] {scraper.py:136} INFO -     Batch 2 committed. Reviews processed: 100, New inserts: 1, Total inserted: 2
[2025-08-13T14:19:32.562+0000] {scraper.py:147} INFO -   Pausing for 1 second(s) before next batch...
[2025-08-13T14:19:34.548+0000] {scraper.py:89} INFO -   Processing batch 3 for Alibaba...
[2025-08-13T14:19:34.568+0000] {scraper.py:136} INFO -     Batch 3 committed. Reviews processed: 100, New inserts: 0, Total inserted: 2
[2025-08-13T14:19:34.569+0000] {scraper.py:147} INFO -   Pausing for 1 second(s) before next batch...
[2025-08-13T14:19:36.766+0000] {scraper.py:89} INFO -   Processing batch 4 for Alibaba...
[2025-08-13T14:19:36.788+0000] {scraper.py:136} INFO -     Batch 4 committed. Reviews processed: 100, New inserts: 1, Total inserted: 3
[2025-08-13T14:19:36.789+0000] {scraper.py:147} INFO -   Pausing for 1 second(s) before next batch...
[2025-08-13T14:19:38.986+0000] {scraper.py:89} INFO -   Processing batch 5 for Alibaba...
[2025-08-13T14:19:39.033+0000] {scraper.py:136} INFO -     Batch 5 committed. Reviews processed: 100, New inserts: 1, Total inserted: 4
[2025-08-13T14:19:39.037+0000] {scraper.py:162} INFO - --- Finished scraping for Alibaba. Total processed: 500, Total new inserts: 4 ---
[2025-08-13T14:19:39.044+0000] {scraper.py:71} INFO - Starting to scrape reviews for Jiji (ng.jiji.app)...
[2025-08-13T14:19:39.045+0000] {scraper.py:63} INFO - RawAppReviews table checked/created successfully.
[2025-08-13T14:19:40.171+0000] {scraper.py:89} INFO -   Processing batch 1 for Jiji...
[2025-08-13T14:19:40.217+0000] {scraper.py:136} INFO -     Batch 1 committed. Reviews processed: 100, New inserts: 0, Total inserted: 0
[2025-08-13T14:19:40.219+0000] {scraper.py:147} INFO -   Pausing for 1 second(s) before next batch...
[2025-08-13T14:19:42.233+0000] {scraper.py:89} INFO -   Processing batch 2 for Jiji...
[2025-08-13T14:19:42.253+0000] {scraper.py:136} INFO -     Batch 2 committed. Reviews processed: 100, New inserts: 1, Total inserted: 1
[2025-08-13T14:19:42.255+0000] {scraper.py:147} INFO -   Pausing for 1 second(s) before next batch...
[2025-08-13T14:19:44.415+0000] {scraper.py:89} INFO -   Processing batch 3 for Jiji...
[2025-08-13T14:19:44.436+0000] {scraper.py:136} INFO -     Batch 3 committed. Reviews processed: 100, New inserts: 1, Total inserted: 2
[2025-08-13T14:19:44.437+0000] {scraper.py:147} INFO -   Pausing for 1 second(s) before next batch...
[2025-08-13T14:19:46.697+0000] {scraper.py:89} INFO -   Processing batch 4 for Jiji...
[2025-08-13T14:19:46.718+0000] {scraper.py:136} INFO -     Batch 4 committed. Reviews processed: 100, New inserts: 1, Total inserted: 3
[2025-08-13T14:19:46.719+0000] {scraper.py:147} INFO -   Pausing for 1 second(s) before next batch...
[2025-08-13T14:19:49.338+0000] {scraper.py:89} INFO -   Processing batch 5 for Jiji...
[2025-08-13T14:19:49.379+0000] {scraper.py:136} INFO -     Batch 5 committed. Reviews processed: 100, New inserts: 1, Total inserted: 4
[2025-08-13T14:19:49.380+0000] {scraper.py:162} INFO - --- Finished scraping for Jiji. Total processed: 500, Total new inserts: 4 ---
[2025-08-13T14:19:49.382+0000] {scraper.py:192} INFO - === Scraper Run Completed Successfully! Duration: 0:00:29.915752, Total New Reviews Inserted: 13 ===
[2025-08-13T14:19:49.383+0000] {scraper.py:204} INFO - Database connection closed.
[2025-08-13T14:19:49.384+0000] {my_pipeline.py:48} INFO - Scraper task completed successfully.
[2025-08-13T14:19:49.386+0000] {python.py:237} INFO - Done. Returned value was: None
[2025-08-13T14:19:49.388+0000] {taskinstance.py:441} INFO - ::group::Post task execution logs
[2025-08-13T14:19:49.411+0000] {taskinstance.py:1206} INFO - Marking task as SUCCESS. dag_id=playstore_review_etl_pipeline, task_id=extract_raw_reviews, run_id=manual__2025-08-13T14:19:12.175020+00:00, execution_date=20250813T141912, start_date=20250813T141919, end_date=20250813T141949
[2025-08-13T14:19:49.465+0000] {local_task_job_runner.py:240} INFO - Task exited with return code 0
[2025-08-13T14:19:49.522+0000] {taskinstance.py:3498} INFO - 1 downstream tasks scheduled from follow-on schedule check
[2025-08-13T14:19:49.530+0000] {local_task_job_runner.py:222} INFO - ::endgroup::
