[2025-08-13T14:19:51.912+0000] {local_task_job_runner.py:120} INFO - ::group::Pre task execution logs
[2025-08-13T14:19:51.979+0000] {taskinstance.py:2076} INFO - Dependencies all met for dep_context=non-requeueable deps ti=<TaskInstance: playstore_review_etl_pipeline.transform_clean_reviews manual__2025-08-13T14:19:12.175020+00:00 [queued]>
[2025-08-13T14:19:51.997+0000] {taskinstance.py:2076} INFO - Dependencies all met for dep_context=requeueable deps ti=<TaskInstance: playstore_review_etl_pipeline.transform_clean_reviews manual__2025-08-13T14:19:12.175020+00:00 [queued]>
[2025-08-13T14:19:52.000+0000] {taskinstance.py:2306} INFO - Starting attempt 1 of 3
[2025-08-13T14:19:52.024+0000] {taskinstance.py:2330} INFO - Executing <Task(PythonOperator): transform_clean_reviews> on 2025-08-13 14:19:12.175020+00:00
[2025-08-13T14:19:52.044+0000] {standard_task_runner.py:90} INFO - Running: ['***', 'tasks', 'run', 'playstore_review_etl_pipeline', 'transform_clean_reviews', 'manual__2025-08-13T14:19:12.175020+00:00', '--job-id', '95', '--raw', '--subdir', 'DAGS_FOLDER/my_pipeline.py', '--cfg-path', '/tmp/tmpa15pqeqo']
[2025-08-13T14:19:52.052+0000] {standard_task_runner.py:91} INFO - Job 95: Subtask transform_clean_reviews
[2025-08-13T14:19:52.070+0000] {logging_mixin.py:188} WARNING - /home/***/.local/lib/python3.12/site-packages/***/task/task_runner/standard_task_runner.py:61 DeprecationWarning: This process (pid=194) is multi-threaded, use of fork() may lead to deadlocks in the child.
[2025-08-13T14:19:52.075+0000] {standard_task_runner.py:63} INFO - Started process 196 to run task
[2025-08-13T14:19:52.222+0000] {task_command.py:426} INFO - Running <TaskInstance: playstore_review_etl_pipeline.transform_clean_reviews manual__2025-08-13T14:19:12.175020+00:00 [running]> on host 7e4a8a0213c3
[2025-08-13T14:19:52.444+0000] {taskinstance.py:2648} INFO - Exporting env vars: AIRFLOW_CTX_DAG_EMAIL='your_email@domain.com' AIRFLOW_CTX_DAG_OWNER='data_engineering_team' AIRFLOW_CTX_DAG_ID='playstore_review_etl_pipeline' AIRFLOW_CTX_TASK_ID='transform_clean_reviews' AIRFLOW_CTX_EXECUTION_DATE='2025-08-13T14:19:12.175020+00:00' AIRFLOW_CTX_TRY_NUMBER='1' AIRFLOW_CTX_DAG_RUN_ID='manual__2025-08-13T14:19:12.175020+00:00'
[2025-08-13T14:19:52.447+0000] {taskinstance.py:430} INFO - ::endgroup::
[2025-08-13T14:19:52.484+0000] {my_pipeline.py:59} INFO - Starting Processor Task...
[2025-08-13T14:19:52.485+0000] {my_pipeline.py:63} INFO - Calling processor.process_reviews()...
[2025-08-13T14:19:52.486+0000] {processor.py:137} INFO - === Data Processing (NLP Cleaning) Started ===
[2025-08-13T14:19:52.491+0000] {processor.py:35} INFO - Connected to SQLite database at /app/database/reviews.db
[2025-08-13T14:19:52.494+0000] {processor.py:65} INFO - ProcessedAppReviews table checked/created successfully.
[2025-08-13T14:19:52.528+0000] {processor.py:160} INFO - Loaded 1600 raw reviews for processing.
[2025-08-13T14:19:52.529+0000] {processor.py:163} INFO - Applying text cleaning and preprocessing...
[2025-08-13T14:20:00.981+0000] {logging_mixin.py:188} WARNING - /opt/***/processor_code/processor.py:82 MarkupResemblesLocatorWarning: The input looks more like a filename than markup. You may want to open this file and pass the filehandle into Beautiful Soup.
[2025-08-13T14:20:02.694+0000] {processor.py:209} INFO - === Data Processing Completed Successfully! Duration: 0:00:10.204673, Rows Inserted: 1600 ===
[2025-08-13T14:20:02.700+0000] {processor.py:220} INFO - Database connection closed.
[2025-08-13T14:20:02.705+0000] {my_pipeline.py:65} INFO - Processor task completed successfully.
[2025-08-13T14:20:02.708+0000] {python.py:237} INFO - Done. Returned value was: None
[2025-08-13T14:20:02.712+0000] {taskinstance.py:441} INFO - ::group::Post task execution logs
[2025-08-13T14:20:02.756+0000] {taskinstance.py:1206} INFO - Marking task as SUCCESS. dag_id=playstore_review_etl_pipeline, task_id=transform_clean_reviews, run_id=manual__2025-08-13T14:19:12.175020+00:00, execution_date=20250813T141912, start_date=20250813T141951, end_date=20250813T142002
[2025-08-13T14:20:02.976+0000] {local_task_job_runner.py:240} INFO - Task exited with return code 0
[2025-08-13T14:20:03.048+0000] {taskinstance.py:3498} INFO - 0 downstream tasks scheduled from follow-on schedule check
[2025-08-13T14:20:03.062+0000] {local_task_job_runner.py:222} INFO - ::endgroup::
