[2025-08-14T03:41:22.932+0000] {local_task_job_runner.py:120} INFO - ::group::Pre task execution logs
[2025-08-14T03:41:23.000+0000] {taskinstance.py:2076} INFO - Dependencies all met for dep_context=non-requeueable deps ti=<TaskInstance: playstore_review_etl_pipeline.extract_raw_reviews manual__2025-08-14T03:41:16.307492+00:00 [queued]>
[2025-08-14T03:41:23.017+0000] {taskinstance.py:2076} INFO - Dependencies all met for dep_context=requeueable deps ti=<TaskInstance: playstore_review_etl_pipeline.extract_raw_reviews manual__2025-08-14T03:41:16.307492+00:00 [queued]>
[2025-08-14T03:41:23.020+0000] {taskinstance.py:2306} INFO - Starting attempt 1 of 3
[2025-08-14T03:41:23.049+0000] {taskinstance.py:2330} INFO - Executing <Task(PythonOperator): extract_raw_reviews> on 2025-08-14 03:41:16.307492+00:00
[2025-08-14T03:41:23.070+0000] {standard_task_runner.py:90} INFO - Running: ['***', 'tasks', 'run', 'playstore_review_etl_pipeline', 'extract_raw_reviews', 'manual__2025-08-14T03:41:16.307492+00:00', '--job-id', '116', '--raw', '--subdir', 'DAGS_FOLDER/my_pipeline.py', '--cfg-path', '/tmp/tmpwbq8bohd']
[2025-08-14T03:41:23.075+0000] {logging_mixin.py:188} WARNING - /home/***/.local/lib/python3.12/site-packages/***/task/task_runner/standard_task_runner.py:61 DeprecationWarning: This process (pid=179) is multi-threaded, use of fork() may lead to deadlocks in the child.
[2025-08-14T03:41:23.076+0000] {standard_task_runner.py:91} INFO - Job 116: Subtask extract_raw_reviews
[2025-08-14T03:41:23.076+0000] {standard_task_runner.py:63} INFO - Started process 181 to run task
[2025-08-14T03:41:23.174+0000] {task_command.py:426} INFO - Running <TaskInstance: playstore_review_etl_pipeline.extract_raw_reviews manual__2025-08-14T03:41:16.307492+00:00 [running]> on host 53b91e1bad0a
[2025-08-14T03:41:23.407+0000] {taskinstance.py:2648} INFO - Exporting env vars: AIRFLOW_CTX_DAG_EMAIL='your_email@domain.com' AIRFLOW_CTX_DAG_OWNER='data_engineering_team' AIRFLOW_CTX_DAG_ID='playstore_review_etl_pipeline' AIRFLOW_CTX_TASK_ID='extract_raw_reviews' AIRFLOW_CTX_EXECUTION_DATE='2025-08-14T03:41:16.307492+00:00' AIRFLOW_CTX_TRY_NUMBER='1' AIRFLOW_CTX_DAG_RUN_ID='manual__2025-08-14T03:41:16.307492+00:00'
[2025-08-14T03:41:23.409+0000] {taskinstance.py:430} INFO - ::endgroup::
[2025-08-14T03:41:23.460+0000] {my_pipeline.py:59} INFO - Starting Scraper Task...
[2025-08-14T03:41:23.461+0000] {my_pipeline.py:65} INFO - Calling scraper.main()...
[2025-08-14T03:41:23.462+0000] {scraper.py:210} INFO - === Google Play Store Review Scraper (SQLite) Started ===
[2025-08-14T03:41:23.464+0000] {scraper.py:37} INFO - Connected to SQLite database at /app/database/reviews.db
[2025-08-14T03:41:23.465+0000] {scraper.py:81} INFO - Starting to scrape reviews for AliExpress (com.alibaba.aliexpresshd) - Max Reviews: 500
[2025-08-14T03:41:23.467+0000] {scraper.py:71} INFO - RawAppReviews table checked/created successfully.
[2025-08-14T03:41:24.535+0000] {scraper.py:101} INFO -   Processing batch 1 for AliExpress...
[2025-08-14T03:41:24.561+0000] {scraper.py:185} INFO -     Inserted batch 1. Reviews processed so far: 100, New inserts: 100
[2025-08-14T03:41:24.562+0000] {scraper.py:190} INFO -   Pausing for 1 second(s)...
[2025-08-14T03:41:26.663+0000] {scraper.py:101} INFO -   Processing batch 2 for AliExpress...
[2025-08-14T03:41:26.701+0000] {scraper.py:185} INFO -     Inserted batch 2. Reviews processed so far: 200, New inserts: 200
[2025-08-14T03:41:26.703+0000] {scraper.py:190} INFO -   Pausing for 1 second(s)...
[2025-08-14T03:41:28.767+0000] {scraper.py:101} INFO -   Processing batch 3 for AliExpress...
[2025-08-14T03:41:28.797+0000] {scraper.py:185} INFO -     Inserted batch 3. Reviews processed so far: 300, New inserts: 300
[2025-08-14T03:41:28.799+0000] {scraper.py:190} INFO -   Pausing for 1 second(s)...
[2025-08-14T03:41:30.867+0000] {scraper.py:101} INFO -   Processing batch 4 for AliExpress...
[2025-08-14T03:41:30.892+0000] {scraper.py:185} INFO -     Inserted batch 4. Reviews processed so far: 400, New inserts: 400
[2025-08-14T03:41:30.894+0000] {scraper.py:190} INFO -   Pausing for 1 second(s)...
[2025-08-14T03:41:32.957+0000] {scraper.py:101} INFO -   Processing batch 5 for AliExpress...
[2025-08-14T03:41:32.977+0000] {scraper.py:185} INFO -     Inserted batch 5. Reviews processed so far: 500, New inserts: 500
[2025-08-14T03:41:32.978+0000] {scraper.py:204} INFO - --- Finished scraping for AliExpress. Total reviews processed: 500, New inserts: 500 ---
[2025-08-14T03:41:32.978+0000] {scraper.py:81} INFO - Starting to scrape reviews for Alibaba (com.alibaba.intl.android.apps.poseidon) - Max Reviews: 500
[2025-08-14T03:41:32.980+0000] {scraper.py:71} INFO - RawAppReviews table checked/created successfully.
[2025-08-14T03:41:34.014+0000] {scraper.py:101} INFO -   Processing batch 1 for Alibaba...
[2025-08-14T03:41:34.032+0000] {scraper.py:185} INFO -     Inserted batch 1. Reviews processed so far: 100, New inserts: 100
[2025-08-14T03:41:34.033+0000] {scraper.py:190} INFO -   Pausing for 1 second(s)...
[2025-08-14T03:41:36.088+0000] {scraper.py:101} INFO -   Processing batch 2 for Alibaba...
[2025-08-14T03:41:36.127+0000] {scraper.py:185} INFO -     Inserted batch 2. Reviews processed so far: 200, New inserts: 200
[2025-08-14T03:41:36.129+0000] {scraper.py:190} INFO -   Pausing for 1 second(s)...
[2025-08-14T03:41:38.185+0000] {scraper.py:101} INFO -   Processing batch 3 for Alibaba...
[2025-08-14T03:41:38.207+0000] {scraper.py:185} INFO -     Inserted batch 3. Reviews processed so far: 300, New inserts: 300
[2025-08-14T03:41:38.208+0000] {scraper.py:190} INFO -   Pausing for 1 second(s)...
[2025-08-14T03:41:40.231+0000] {scraper.py:101} INFO -   Processing batch 4 for Alibaba...
[2025-08-14T03:41:40.256+0000] {scraper.py:185} INFO -     Inserted batch 4. Reviews processed so far: 400, New inserts: 400
[2025-08-14T03:41:40.258+0000] {scraper.py:190} INFO -   Pausing for 1 second(s)...
[2025-08-14T03:41:42.266+0000] {scraper.py:101} INFO -   Processing batch 5 for Alibaba...
[2025-08-14T03:41:42.285+0000] {scraper.py:185} INFO -     Inserted batch 5. Reviews processed so far: 500, New inserts: 500
[2025-08-14T03:41:42.286+0000] {scraper.py:204} INFO - --- Finished scraping for Alibaba. Total reviews processed: 500, New inserts: 500 ---
[2025-08-14T03:41:42.288+0000] {scraper.py:81} INFO - Starting to scrape reviews for Jiji (ng.jiji.app) - Max Reviews: 500
[2025-08-14T03:41:42.290+0000] {scraper.py:71} INFO - RawAppReviews table checked/created successfully.
[2025-08-14T03:41:43.331+0000] {scraper.py:101} INFO -   Processing batch 1 for Jiji...
[2025-08-14T03:41:43.348+0000] {scraper.py:185} INFO -     Inserted batch 1. Reviews processed so far: 100, New inserts: 100
[2025-08-14T03:41:43.349+0000] {scraper.py:190} INFO -   Pausing for 1 second(s)...
[2025-08-14T03:41:45.444+0000] {scraper.py:101} INFO -   Processing batch 2 for Jiji...
[2025-08-14T03:41:45.458+0000] {scraper.py:185} INFO -     Inserted batch 2. Reviews processed so far: 200, New inserts: 200
[2025-08-14T03:41:45.459+0000] {scraper.py:190} INFO -   Pausing for 1 second(s)...
[2025-08-14T03:41:47.538+0000] {scraper.py:101} INFO -   Processing batch 3 for Jiji...
[2025-08-14T03:41:47.554+0000] {scraper.py:185} INFO -     Inserted batch 3. Reviews processed so far: 300, New inserts: 300
[2025-08-14T03:41:47.555+0000] {scraper.py:190} INFO -   Pausing for 1 second(s)...
[2025-08-14T03:41:49.654+0000] {scraper.py:101} INFO -   Processing batch 4 for Jiji...
[2025-08-14T03:41:49.700+0000] {scraper.py:185} INFO -     Inserted batch 4. Reviews processed so far: 400, New inserts: 400
[2025-08-14T03:41:49.704+0000] {scraper.py:190} INFO -   Pausing for 1 second(s)...
[2025-08-14T03:41:51.761+0000] {scraper.py:101} INFO -   Processing batch 5 for Jiji...
[2025-08-14T03:41:51.798+0000] {scraper.py:185} INFO -     Inserted batch 5. Reviews processed so far: 500, New inserts: 500
[2025-08-14T03:41:51.801+0000] {scraper.py:204} INFO - --- Finished scraping for Jiji. Total reviews processed: 500, New inserts: 500 ---
[2025-08-14T03:41:51.803+0000] {scraper.py:234} INFO - === Scraper Run Completed Successfully! Duration: 0:00:28.339897, Total New Reviews Inserted: 1500 ===
[2025-08-14T03:41:51.807+0000] {scraper.py:244} INFO - Database connection closed.
[2025-08-14T03:41:51.809+0000] {my_pipeline.py:67} INFO - Scraper task completed successfully.
[2025-08-14T03:41:51.811+0000] {python.py:237} INFO - Done. Returned value was: None
[2025-08-14T03:41:51.814+0000] {taskinstance.py:441} INFO - ::group::Post task execution logs
[2025-08-14T03:41:51.859+0000] {taskinstance.py:1206} INFO - Marking task as SUCCESS. dag_id=playstore_review_etl_pipeline, task_id=extract_raw_reviews, run_id=manual__2025-08-14T03:41:16.307492+00:00, execution_date=20250814T034116, start_date=20250814T034123, end_date=20250814T034151
[2025-08-14T03:41:51.990+0000] {local_task_job_runner.py:240} INFO - Task exited with return code 0
[2025-08-14T03:41:52.109+0000] {taskinstance.py:3498} INFO - 1 downstream tasks scheduled from follow-on schedule check
[2025-08-14T03:41:52.115+0000] {local_task_job_runner.py:222} INFO - ::endgroup::
