[2025-08-14T01:55:52.583+0000] {local_task_job_runner.py:120} INFO - ::group::Pre task execution logs
[2025-08-14T01:55:52.653+0000] {taskinstance.py:2076} INFO - Dependencies all met for dep_context=non-requeueable deps ti=<TaskInstance: playstore_review_etl_pipeline.transform_clean_reviews manual__2025-08-14T01:55:13.481843+00:00 [queued]>
[2025-08-14T01:55:52.674+0000] {taskinstance.py:2076} INFO - Dependencies all met for dep_context=requeueable deps ti=<TaskInstance: playstore_review_etl_pipeline.transform_clean_reviews manual__2025-08-14T01:55:13.481843+00:00 [queued]>
[2025-08-14T01:55:52.677+0000] {taskinstance.py:2306} INFO - Starting attempt 1 of 3
[2025-08-14T01:55:52.700+0000] {taskinstance.py:2330} INFO - Executing <Task(PythonOperator): transform_clean_reviews> on 2025-08-14 01:55:13.481843+00:00
[2025-08-14T01:55:52.719+0000] {standard_task_runner.py:90} INFO - Running: ['***', 'tasks', 'run', 'playstore_review_etl_pipeline', 'transform_clean_reviews', 'manual__2025-08-14T01:55:13.481843+00:00', '--job-id', '106', '--raw', '--subdir', 'DAGS_FOLDER/my_pipeline.py', '--cfg-path', '/tmp/tmpv5jo0ulb']
[2025-08-14T01:55:52.727+0000] {standard_task_runner.py:91} INFO - Job 106: Subtask transform_clean_reviews
[2025-08-14T01:55:52.728+0000] {logging_mixin.py:188} WARNING - /home/***/.local/lib/python3.12/site-packages/***/task/task_runner/standard_task_runner.py:61 DeprecationWarning: This process (pid=416) is multi-threaded, use of fork() may lead to deadlocks in the child.
[2025-08-14T01:55:52.731+0000] {standard_task_runner.py:63} INFO - Started process 422 to run task
[2025-08-14T01:55:52.839+0000] {task_command.py:426} INFO - Running <TaskInstance: playstore_review_etl_pipeline.transform_clean_reviews manual__2025-08-14T01:55:13.481843+00:00 [running]> on host 143d81e2049f
[2025-08-14T01:55:53.024+0000] {taskinstance.py:2648} INFO - Exporting env vars: AIRFLOW_CTX_DAG_EMAIL='your_email@domain.com' AIRFLOW_CTX_DAG_OWNER='data_engineering_team' AIRFLOW_CTX_DAG_ID='playstore_review_etl_pipeline' AIRFLOW_CTX_TASK_ID='transform_clean_reviews' AIRFLOW_CTX_EXECUTION_DATE='2025-08-14T01:55:13.481843+00:00' AIRFLOW_CTX_TRY_NUMBER='1' AIRFLOW_CTX_DAG_RUN_ID='manual__2025-08-14T01:55:13.481843+00:00'
[2025-08-14T01:55:53.028+0000] {taskinstance.py:430} INFO - ::endgroup::
[2025-08-14T01:55:53.065+0000] {my_pipeline.py:59} INFO - Starting Processor Task...
[2025-08-14T01:55:53.066+0000] {my_pipeline.py:63} INFO - Calling processor.process_reviews()...
[2025-08-14T01:55:53.067+0000] {processor.py:137} INFO - === Data Processing (NLP Cleaning) Started ===
[2025-08-14T01:55:53.069+0000] {processor.py:35} INFO - Connected to SQLite database at /app/database/reviews.db
[2025-08-14T01:55:53.072+0000] {processor.py:65} INFO - ProcessedAppReviews table checked/created successfully.
[2025-08-14T01:55:53.098+0000] {processor.py:160} INFO - Loaded 1734 raw reviews for processing.
[2025-08-14T01:55:53.099+0000] {processor.py:163} INFO - Applying text cleaning and preprocessing...
[2025-08-14T01:56:00.074+0000] {logging_mixin.py:188} WARNING - /opt/***/processor_code/processor.py:82 MarkupResemblesLocatorWarning: The input looks more like a filename than markup. You may want to open this file and pass the filehandle into Beautiful Soup.
[2025-08-14T01:56:01.184+0000] {processor.py:209} INFO - === Data Processing Completed Successfully! Duration: 0:00:08.115819, Rows Inserted: 1734 ===
[2025-08-14T01:56:01.187+0000] {processor.py:220} INFO - Database connection closed.
[2025-08-14T01:56:01.194+0000] {my_pipeline.py:65} INFO - Processor task completed successfully.
[2025-08-14T01:56:01.195+0000] {python.py:237} INFO - Done. Returned value was: None
[2025-08-14T01:56:01.198+0000] {taskinstance.py:441} INFO - ::group::Post task execution logs
[2025-08-14T01:56:01.224+0000] {taskinstance.py:1206} INFO - Marking task as SUCCESS. dag_id=playstore_review_etl_pipeline, task_id=transform_clean_reviews, run_id=manual__2025-08-14T01:55:13.481843+00:00, execution_date=20250814T015513, start_date=20250814T015552, end_date=20250814T015601
[2025-08-14T01:56:01.330+0000] {local_task_job_runner.py:240} INFO - Task exited with return code 0
[2025-08-14T01:56:01.371+0000] {taskinstance.py:3498} INFO - 0 downstream tasks scheduled from follow-on schedule check
[2025-08-14T01:56:01.378+0000] {local_task_job_runner.py:222} INFO - ::endgroup::
